[2026-02-15 17:44:39,009][httpx][INFO] - HTTP Request: HEAD https://huggingface.co/facebook/hubert-base-ls960/resolve/main/processor_config.json "HTTP/1.1 404 Not Found"
[2026-02-15 17:44:39,139][httpx][INFO] - HTTP Request: HEAD https://huggingface.co/facebook/hubert-base-ls960/resolve/main/preprocessor_config.json "HTTP/1.1 307 Temporary Redirect"
[2026-02-15 17:44:39,139][huggingface_hub.utils._http][WARNING] - Warning: You are sending unauthenticated requests to the HF Hub. Please set a HF_TOKEN to enable higher rate limits and faster downloads.
[2026-02-15 17:44:39,152][httpx][INFO] - HTTP Request: HEAD https://huggingface.co/api/resolve-cache/models/facebook/hubert-base-ls960/dba3bb02fda4248b6e082697eee756de8fe8aa8a/preprocessor_config.json "HTTP/1.1 200 OK"
[2026-02-15 17:44:39,310][httpx][INFO] - HTTP Request: HEAD https://huggingface.co/facebook/hubert-base-ls960/resolve/main/processor_config.json "HTTP/1.1 404 Not Found"
[2026-02-15 17:44:39,437][httpx][INFO] - HTTP Request: HEAD https://huggingface.co/facebook/hubert-base-ls960/resolve/main/preprocessor_config.json "HTTP/1.1 307 Temporary Redirect"
[2026-02-15 17:44:39,450][httpx][INFO] - HTTP Request: HEAD https://huggingface.co/api/resolve-cache/models/facebook/hubert-base-ls960/dba3bb02fda4248b6e082697eee756de8fe8aa8a/preprocessor_config.json "HTTP/1.1 200 OK"
[2026-02-15 17:44:39,580][httpx][INFO] - HTTP Request: HEAD https://huggingface.co/facebook/hubert-base-ls960/resolve/main/config.json "HTTP/1.1 307 Temporary Redirect"
[2026-02-15 17:44:39,591][httpx][INFO] - HTTP Request: HEAD https://huggingface.co/api/resolve-cache/models/facebook/hubert-base-ls960/dba3bb02fda4248b6e082697eee756de8fe8aa8a/config.json "HTTP/1.1 200 OK"
[2026-02-15 17:44:39,992][httpx][INFO] - HTTP Request: HEAD https://huggingface.co/facebook/hubert-base-ls960/resolve/main/model.safetensors "HTTP/1.1 404 Not Found"
[2026-02-15 17:44:40,245][httpx][INFO] - HTTP Request: GET https://huggingface.co/api/models/facebook/hubert-base-ls960 "HTTP/1.1 200 OK"
[2026-02-15 17:44:40,396][httpx][INFO] - HTTP Request: GET https://huggingface.co/api/models/facebook/hubert-base-ls960/commits/main "HTTP/1.1 200 OK"
[2026-02-15 17:44:40,552][httpx][INFO] - HTTP Request: GET https://huggingface.co/api/models/facebook/hubert-base-ls960/discussions?p=0 "HTTP/1.1 200 OK"
[2026-02-15 17:44:40,716][httpx][INFO] - HTTP Request: GET https://huggingface.co/api/models/facebook/hubert-base-ls960/commits/refs%2Fpr%2F2 "HTTP/1.1 200 OK"
[2026-02-15 17:44:40,749][httpx][INFO] - HTTP Request: HEAD https://huggingface.co/datasets/confit/nsynth-parquet/resolve/main/README.md "HTTP/1.1 307 Temporary Redirect"
[2026-02-15 17:44:40,761][httpx][INFO] - HTTP Request: HEAD https://huggingface.co/api/resolve-cache/datasets/confit/nsynth-parquet/af95599cce86feaf630f55b8d482cdcd816c9bd5/README.md "HTTP/1.1 200 OK"
[2026-02-15 17:44:40,849][httpx][INFO] - HTTP Request: HEAD https://huggingface.co/facebook/hubert-base-ls960/resolve/refs%2Fpr%2F2/model.safetensors.index.json "HTTP/1.1 404 Not Found"
[2026-02-15 17:44:40,905][httpx][INFO] - HTTP Request: HEAD https://huggingface.co/datasets/confit/nsynth-parquet/resolve/af95599cce86feaf630f55b8d482cdcd816c9bd5/nsynth-parquet.py "HTTP/1.1 404 Not Found"
[2026-02-15 17:44:40,984][httpx][INFO] - HTTP Request: HEAD https://huggingface.co/facebook/hubert-base-ls960/resolve/refs%2Fpr%2F2/model.safetensors "HTTP/1.1 302 Found"
[2026-02-15 17:44:41,346][httpx][INFO] - HTTP Request: HEAD https://s3.amazonaws.com/datasets.huggingface.co/datasets/datasets/confit/nsynth-parquet/confit/nsynth-parquet.py "HTTP/1.1 404 Not Found"
[2026-02-15 17:44:41,534][httpx][INFO] - HTTP Request: GET https://huggingface.co/api/datasets/confit/nsynth-parquet/revision/af95599cce86feaf630f55b8d482cdcd816c9bd5 "HTTP/1.1 200 OK"
[2026-02-15 17:44:41,710][httpx][INFO] - HTTP Request: HEAD https://huggingface.co/datasets/confit/nsynth-parquet/resolve/af95599cce86feaf630f55b8d482cdcd816c9bd5/.huggingface.yaml "HTTP/1.1 404 Not Found"
[2026-02-15 17:44:41,933][httpx][INFO] - HTTP Request: GET https://datasets-server.huggingface.co/info?dataset=confit/nsynth-parquet "HTTP/1.1 200 OK"
[2026-02-15 17:44:42,249][httpx][INFO] - HTTP Request: GET https://huggingface.co/api/datasets/confit/nsynth-parquet/tree/af95599cce86feaf630f55b8d482cdcd816c9bd5/instrument?recursive=true&expand=false "HTTP/1.1 200 OK"
[2026-02-15 17:44:42,506][httpx][INFO] - HTTP Request: GET https://huggingface.co/api/datasets/confit/nsynth-parquet/tree/af95599cce86feaf630f55b8d482cdcd816c9bd5?recursive=false&expand=false "HTTP/1.1 200 OK"
[2026-02-15 17:44:42,839][httpx][INFO] - HTTP Request: HEAD https://huggingface.co/datasets/confit/nsynth-parquet/resolve/af95599cce86feaf630f55b8d482cdcd816c9bd5/dataset_infos.json "HTTP/1.1 404 Not Found"
