[2026-02-15 17:11:46,265][httpx][INFO] - HTTP Request: HEAD https://huggingface.co/facebook/hubert-base-ls960/resolve/main/processor_config.json "HTTP/1.1 404 Not Found"
[2026-02-15 17:11:46,400][httpx][INFO] - HTTP Request: HEAD https://huggingface.co/facebook/hubert-base-ls960/resolve/main/preprocessor_config.json "HTTP/1.1 307 Temporary Redirect"
[2026-02-15 17:11:46,401][huggingface_hub.utils._http][WARNING] - Warning: You are sending unauthenticated requests to the HF Hub. Please set a HF_TOKEN to enable higher rate limits and faster downloads.
[2026-02-15 17:11:46,413][httpx][INFO] - HTTP Request: HEAD https://huggingface.co/api/resolve-cache/models/facebook/hubert-base-ls960/dba3bb02fda4248b6e082697eee756de8fe8aa8a/preprocessor_config.json "HTTP/1.1 200 OK"
[2026-02-15 17:11:46,576][httpx][INFO] - HTTP Request: HEAD https://huggingface.co/facebook/hubert-base-ls960/resolve/main/processor_config.json "HTTP/1.1 404 Not Found"
[2026-02-15 17:11:46,706][httpx][INFO] - HTTP Request: HEAD https://huggingface.co/facebook/hubert-base-ls960/resolve/main/preprocessor_config.json "HTTP/1.1 307 Temporary Redirect"
[2026-02-15 17:11:46,726][httpx][INFO] - HTTP Request: HEAD https://huggingface.co/api/resolve-cache/models/facebook/hubert-base-ls960/dba3bb02fda4248b6e082697eee756de8fe8aa8a/preprocessor_config.json "HTTP/1.1 200 OK"
[2026-02-15 17:11:46,857][httpx][INFO] - HTTP Request: HEAD https://huggingface.co/facebook/hubert-base-ls960/resolve/main/config.json "HTTP/1.1 307 Temporary Redirect"
[2026-02-15 17:11:46,872][httpx][INFO] - HTTP Request: HEAD https://huggingface.co/api/resolve-cache/models/facebook/hubert-base-ls960/dba3bb02fda4248b6e082697eee756de8fe8aa8a/config.json "HTTP/1.1 200 OK"
[2026-02-15 17:11:47,405][httpx][INFO] - HTTP Request: HEAD https://huggingface.co/facebook/hubert-base-ls960/resolve/main/model.safetensors "HTTP/1.1 404 Not Found"
[2026-02-15 17:11:47,538][httpx][INFO] - HTTP Request: HEAD https://huggingface.co/facebook/hubert-base-ls960/resolve/main/model.safetensors.index.json "HTTP/1.1 404 Not Found"
[2026-02-15 17:11:47,698][httpx][INFO] - HTTP Request: HEAD https://huggingface.co/facebook/hubert-base-ls960/resolve/main/pytorch_model.bin "HTTP/1.1 302 Found"
[2026-02-15 17:11:47,850][httpx][INFO] - HTTP Request: GET https://huggingface.co/api/models/facebook/hubert-base-ls960/xet-read-token/dba3bb02fda4248b6e082697eee756de8fe8aa8a "HTTP/1.1 200 OK"
[2026-02-15 17:11:49,701][httpx][INFO] - HTTP Request: HEAD https://huggingface.co/facebook/hubert-base-ls960/resolve/main/model.safetensors "HTTP/1.1 404 Not Found"
[2026-02-15 17:11:49,846][httpx][INFO] - HTTP Request: GET https://huggingface.co/api/models/facebook/hubert-base-ls960 "HTTP/1.1 200 OK"
[2026-02-15 17:11:49,995][httpx][INFO] - HTTP Request: GET https://huggingface.co/api/models/facebook/hubert-base-ls960/commits/main "HTTP/1.1 200 OK"
[2026-02-15 17:11:50,143][httpx][INFO] - HTTP Request: GET https://huggingface.co/api/models/facebook/hubert-base-ls960/discussions?p=0 "HTTP/1.1 200 OK"
[2026-02-15 17:11:50,299][httpx][INFO] - HTTP Request: GET https://huggingface.co/api/models/facebook/hubert-base-ls960/commits/refs%2Fpr%2F2 "HTTP/1.1 200 OK"
[2026-02-15 17:11:50,385][httpx][INFO] - HTTP Request: HEAD https://huggingface.co/datasets/librispeech_asr/resolve/main/README.md "HTTP/1.1 307 Temporary Redirect"
[2026-02-15 17:11:50,429][httpx][INFO] - HTTP Request: HEAD https://huggingface.co/facebook/hubert-base-ls960/resolve/refs%2Fpr%2F2/model.safetensors.index.json "HTTP/1.1 404 Not Found"
[2026-02-15 17:11:50,525][httpx][INFO] - HTTP Request: HEAD https://huggingface.co/datasets/openslr/librispeech_asr/resolve/main/README.md "HTTP/1.1 307 Temporary Redirect"
[2026-02-15 17:11:50,577][httpx][INFO] - HTTP Request: HEAD https://huggingface.co/api/resolve-cache/datasets/openslr/librispeech_asr/71cacbfb7e2354c4226d01e70d77d5fca3d04ba1/README.md "HTTP/1.1 200 OK"
[2026-02-15 17:11:50,642][httpx][INFO] - HTTP Request: HEAD https://huggingface.co/facebook/hubert-base-ls960/resolve/refs%2Fpr%2F2/model.safetensors "HTTP/1.1 302 Found"
[2026-02-15 17:11:50,712][httpx][INFO] - HTTP Request: HEAD https://huggingface.co/datasets/librispeech_asr/resolve/71cacbfb7e2354c4226d01e70d77d5fca3d04ba1/librispeech_asr.py "HTTP/1.1 307 Temporary Redirect"
[2026-02-15 17:11:50,776][httpx][INFO] - HTTP Request: GET https://huggingface.co/api/models/facebook/hubert-base-ls960/xet-read-token/af46f65f540dc3ca7aa59f46c6c3d5dbb4374fa8 "HTTP/1.1 200 OK"
[2026-02-15 17:11:50,841][httpx][INFO] - HTTP Request: HEAD https://huggingface.co/datasets/openslr/librispeech_asr/resolve/71cacbfb7e2354c4226d01e70d77d5fca3d04ba1/librispeech_asr.py "HTTP/1.1 404 Not Found"
[2026-02-15 17:11:51,248][httpx][INFO] - HTTP Request: HEAD https://s3.amazonaws.com/datasets.huggingface.co/datasets/datasets/librispeech_asr/librispeech_asr.py "HTTP/1.1 404 Not Found"
[2026-02-15 17:11:51,399][httpx][INFO] - HTTP Request: GET https://huggingface.co/api/datasets/librispeech_asr/revision/71cacbfb7e2354c4226d01e70d77d5fca3d04ba1 "HTTP/1.1 307 Temporary Redirect"
[2026-02-15 17:11:51,531][httpx][INFO] - HTTP Request: GET https://huggingface.co/api/datasets/openslr/librispeech_asr/revision/71cacbfb7e2354c4226d01e70d77d5fca3d04ba1 "HTTP/1.1 200 OK"
[2026-02-15 17:11:51,668][httpx][INFO] - HTTP Request: HEAD https://huggingface.co/datasets/librispeech_asr/resolve/71cacbfb7e2354c4226d01e70d77d5fca3d04ba1/.huggingface.yaml "HTTP/1.1 307 Temporary Redirect"
[2026-02-15 17:11:51,794][httpx][INFO] - HTTP Request: HEAD https://huggingface.co/datasets/openslr/librispeech_asr/resolve/71cacbfb7e2354c4226d01e70d77d5fca3d04ba1/.huggingface.yaml "HTTP/1.1 404 Not Found"
[2026-02-15 17:11:52,001][httpx][INFO] - HTTP Request: GET https://datasets-server.huggingface.co/info?dataset=librispeech_asr "HTTP/1.1 404 Not Found"
[2026-02-15 17:11:52,146][httpx][INFO] - HTTP Request: GET https://huggingface.co/api/datasets/librispeech_asr/tree/71cacbfb7e2354c4226d01e70d77d5fca3d04ba1/clean%2Ftest?recursive=true&expand=false "HTTP/1.1 307 Temporary Redirect"
[2026-02-15 17:11:52,296][httpx][INFO] - HTTP Request: GET https://huggingface.co/api/datasets/openslr/librispeech_asr/tree/71cacbfb7e2354c4226d01e70d77d5fca3d04ba1/clean%2Ftest?recursive=true&expand=false "HTTP/1.1 200 OK"
[2026-02-15 17:11:52,434][httpx][INFO] - HTTP Request: GET https://huggingface.co/api/datasets/librispeech_asr/tree/71cacbfb7e2354c4226d01e70d77d5fca3d04ba1/clean?recursive=false&expand=false "HTTP/1.1 307 Temporary Redirect"
[2026-02-15 17:11:52,563][httpx][INFO] - HTTP Request: GET https://huggingface.co/api/datasets/openslr/librispeech_asr/tree/71cacbfb7e2354c4226d01e70d77d5fca3d04ba1/clean?recursive=false&expand=false "HTTP/1.1 200 OK"
[2026-02-15 17:11:53,202][httpx][INFO] - HTTP Request: GET https://huggingface.co/api/datasets/librispeech_asr/tree/71cacbfb7e2354c4226d01e70d77d5fca3d04ba1/clean%2Ftrain.100?recursive=true&expand=false "HTTP/1.1 307 Temporary Redirect"
[2026-02-15 17:11:53,334][httpx][INFO] - HTTP Request: GET https://huggingface.co/api/datasets/openslr/librispeech_asr/tree/71cacbfb7e2354c4226d01e70d77d5fca3d04ba1/clean%2Ftrain.100?recursive=true&expand=false "HTTP/1.1 200 OK"
[2026-02-15 17:11:53,465][httpx][INFO] - HTTP Request: GET https://huggingface.co/api/datasets/librispeech_asr/tree/71cacbfb7e2354c4226d01e70d77d5fca3d04ba1/clean%2Ftrain.360?recursive=true&expand=false "HTTP/1.1 307 Temporary Redirect"
[2026-02-15 17:11:53,599][httpx][INFO] - HTTP Request: GET https://huggingface.co/api/datasets/openslr/librispeech_asr/tree/71cacbfb7e2354c4226d01e70d77d5fca3d04ba1/clean%2Ftrain.360?recursive=true&expand=false "HTTP/1.1 200 OK"
[2026-02-15 17:11:53,741][httpx][INFO] - HTTP Request: GET https://huggingface.co/api/datasets/librispeech_asr/tree/71cacbfb7e2354c4226d01e70d77d5fca3d04ba1/clean%2Fvalidation?recursive=true&expand=false "HTTP/1.1 307 Temporary Redirect"
[2026-02-15 17:11:53,876][httpx][INFO] - HTTP Request: GET https://huggingface.co/api/datasets/openslr/librispeech_asr/tree/71cacbfb7e2354c4226d01e70d77d5fca3d04ba1/clean%2Fvalidation?recursive=true&expand=false "HTTP/1.1 200 OK"
[2026-02-15 17:11:54,026][httpx][INFO] - HTTP Request: HEAD https://huggingface.co/datasets/librispeech_asr/resolve/71cacbfb7e2354c4226d01e70d77d5fca3d04ba1/dataset_infos.json "HTTP/1.1 307 Temporary Redirect"
[2026-02-15 17:11:54,184][httpx][INFO] - HTTP Request: HEAD https://huggingface.co/datasets/openslr/librispeech_asr/resolve/71cacbfb7e2354c4226d01e70d77d5fca3d04ba1/dataset_infos.json "HTTP/1.1 404 Not Found"
