[2026-02-20 08:28:10,096][httpx][INFO] - HTTP Request: HEAD https://huggingface.co/microsoft/wavlm-base/resolve/main/processor_config.json "HTTP/1.1 404 Not Found"
[2026-02-20 08:28:10,194][httpx][INFO] - HTTP Request: HEAD https://huggingface.co/microsoft/wavlm-base/resolve/main/preprocessor_config.json "HTTP/1.1 307 Temporary Redirect"
[2026-02-20 08:28:10,207][httpx][INFO] - HTTP Request: HEAD https://huggingface.co/api/resolve-cache/models/microsoft/wavlm-base/efa81aae7ff777e464159e0f877d54eac5b84f81/preprocessor_config.json "HTTP/1.1 200 OK"
[2026-02-20 08:28:10,355][httpx][INFO] - HTTP Request: HEAD https://huggingface.co/microsoft/wavlm-base/resolve/main/processor_config.json "HTTP/1.1 404 Not Found"
[2026-02-20 08:28:10,459][httpx][INFO] - HTTP Request: HEAD https://huggingface.co/microsoft/wavlm-base/resolve/main/preprocessor_config.json "HTTP/1.1 307 Temporary Redirect"
[2026-02-20 08:28:10,478][httpx][INFO] - HTTP Request: HEAD https://huggingface.co/api/resolve-cache/models/microsoft/wavlm-base/efa81aae7ff777e464159e0f877d54eac5b84f81/preprocessor_config.json "HTTP/1.1 200 OK"
[2026-02-20 08:28:10,581][httpx][INFO] - HTTP Request: HEAD https://huggingface.co/microsoft/wavlm-base/resolve/main/config.json "HTTP/1.1 307 Temporary Redirect"
[2026-02-20 08:28:10,594][httpx][INFO] - HTTP Request: HEAD https://huggingface.co/api/resolve-cache/models/microsoft/wavlm-base/efa81aae7ff777e464159e0f877d54eac5b84f81/config.json "HTTP/1.1 200 OK"
[2026-02-20 08:28:12,824][httpx][INFO] - HTTP Request: HEAD https://huggingface.co/datasets/librispeech_asr/resolve/main/README.md "HTTP/1.1 307 Temporary Redirect"
[2026-02-20 08:28:12,920][httpx][INFO] - HTTP Request: HEAD https://huggingface.co/datasets/openslr/librispeech_asr/resolve/main/README.md "HTTP/1.1 307 Temporary Redirect"
[2026-02-20 08:28:12,921][huggingface_hub.utils._http][WARNING] - Warning: You are sending unauthenticated requests to the HF Hub. Please set a HF_TOKEN to enable higher rate limits and faster downloads.
[2026-02-20 08:28:12,932][httpx][INFO] - HTTP Request: HEAD https://huggingface.co/api/resolve-cache/datasets/openslr/librispeech_asr/71cacbfb7e2354c4226d01e70d77d5fca3d04ba1/README.md "HTTP/1.1 200 OK"
[2026-02-20 08:28:13,035][httpx][INFO] - HTTP Request: HEAD https://huggingface.co/datasets/librispeech_asr/resolve/71cacbfb7e2354c4226d01e70d77d5fca3d04ba1/librispeech_asr.py "HTTP/1.1 307 Temporary Redirect"
[2026-02-20 08:28:13,133][httpx][INFO] - HTTP Request: HEAD https://huggingface.co/datasets/openslr/librispeech_asr/resolve/71cacbfb7e2354c4226d01e70d77d5fca3d04ba1/librispeech_asr.py "HTTP/1.1 404 Not Found"
[2026-02-20 08:28:13,426][httpx][INFO] - HTTP Request: HEAD https://s3.amazonaws.com/datasets.huggingface.co/datasets/datasets/librispeech_asr/librispeech_asr.py "HTTP/1.1 404 Not Found"
[2026-02-20 08:28:13,565][httpx][INFO] - HTTP Request: GET https://huggingface.co/api/datasets/librispeech_asr/revision/71cacbfb7e2354c4226d01e70d77d5fca3d04ba1 "HTTP/1.1 307 Temporary Redirect"
[2026-02-20 08:28:13,663][httpx][INFO] - HTTP Request: GET https://huggingface.co/api/datasets/openslr/librispeech_asr/revision/71cacbfb7e2354c4226d01e70d77d5fca3d04ba1 "HTTP/1.1 200 OK"
[2026-02-20 08:28:13,765][httpx][INFO] - HTTP Request: HEAD https://huggingface.co/datasets/librispeech_asr/resolve/71cacbfb7e2354c4226d01e70d77d5fca3d04ba1/.huggingface.yaml "HTTP/1.1 307 Temporary Redirect"
[2026-02-20 08:28:13,896][httpx][INFO] - HTTP Request: HEAD https://huggingface.co/datasets/openslr/librispeech_asr/resolve/71cacbfb7e2354c4226d01e70d77d5fca3d04ba1/.huggingface.yaml "HTTP/1.1 404 Not Found"
[2026-02-20 08:28:14,048][httpx][INFO] - HTTP Request: GET https://datasets-server.huggingface.co/info?dataset=librispeech_asr "HTTP/1.1 404 Not Found"
[2026-02-20 08:28:14,148][httpx][INFO] - HTTP Request: GET https://huggingface.co/api/datasets/librispeech_asr/tree/71cacbfb7e2354c4226d01e70d77d5fca3d04ba1/clean%2Ftest?recursive=true&expand=false "HTTP/1.1 307 Temporary Redirect"
[2026-02-20 08:28:14,252][httpx][INFO] - HTTP Request: GET https://huggingface.co/api/datasets/openslr/librispeech_asr/tree/71cacbfb7e2354c4226d01e70d77d5fca3d04ba1/clean%2Ftest?recursive=true&expand=false "HTTP/1.1 200 OK"
[2026-02-20 08:28:14,350][httpx][INFO] - HTTP Request: GET https://huggingface.co/api/datasets/librispeech_asr/tree/71cacbfb7e2354c4226d01e70d77d5fca3d04ba1/clean?recursive=false&expand=false "HTTP/1.1 307 Temporary Redirect"
[2026-02-20 08:28:14,447][httpx][INFO] - HTTP Request: GET https://huggingface.co/api/datasets/openslr/librispeech_asr/tree/71cacbfb7e2354c4226d01e70d77d5fca3d04ba1/clean?recursive=false&expand=false "HTTP/1.1 200 OK"
[2026-02-20 08:28:14,555][httpx][INFO] - HTTP Request: GET https://huggingface.co/api/datasets/librispeech_asr/tree/71cacbfb7e2354c4226d01e70d77d5fca3d04ba1/clean%2Ftrain.100?recursive=true&expand=false "HTTP/1.1 307 Temporary Redirect"
[2026-02-20 08:28:14,658][httpx][INFO] - HTTP Request: GET https://huggingface.co/api/datasets/openslr/librispeech_asr/tree/71cacbfb7e2354c4226d01e70d77d5fca3d04ba1/clean%2Ftrain.100?recursive=true&expand=false "HTTP/1.1 200 OK"
[2026-02-20 08:28:14,764][httpx][INFO] - HTTP Request: GET https://huggingface.co/api/datasets/librispeech_asr/tree/71cacbfb7e2354c4226d01e70d77d5fca3d04ba1/clean%2Ftrain.360?recursive=true&expand=false "HTTP/1.1 307 Temporary Redirect"
[2026-02-20 08:28:14,869][httpx][INFO] - HTTP Request: GET https://huggingface.co/api/datasets/openslr/librispeech_asr/tree/71cacbfb7e2354c4226d01e70d77d5fca3d04ba1/clean%2Ftrain.360?recursive=true&expand=false "HTTP/1.1 200 OK"
[2026-02-20 08:28:14,984][httpx][INFO] - HTTP Request: GET https://huggingface.co/api/datasets/librispeech_asr/tree/71cacbfb7e2354c4226d01e70d77d5fca3d04ba1/clean%2Fvalidation?recursive=true&expand=false "HTTP/1.1 307 Temporary Redirect"
[2026-02-20 08:28:15,087][httpx][INFO] - HTTP Request: GET https://huggingface.co/api/datasets/openslr/librispeech_asr/tree/71cacbfb7e2354c4226d01e70d77d5fca3d04ba1/clean%2Fvalidation?recursive=true&expand=false "HTTP/1.1 200 OK"
[2026-02-20 08:28:15,223][httpx][INFO] - HTTP Request: HEAD https://huggingface.co/datasets/librispeech_asr/resolve/71cacbfb7e2354c4226d01e70d77d5fca3d04ba1/dataset_infos.json "HTTP/1.1 307 Temporary Redirect"
[2026-02-20 08:28:15,321][httpx][INFO] - HTTP Request: HEAD https://huggingface.co/datasets/openslr/librispeech_asr/resolve/71cacbfb7e2354c4226d01e70d77d5fca3d04ba1/dataset_infos.json "HTTP/1.1 404 Not Found"
