[2026-02-15 17:27:07,083][httpx][INFO] - HTTP Request: HEAD https://huggingface.co/facebook/hubert-base-ls960/resolve/main/processor_config.json "HTTP/1.1 404 Not Found"
[2026-02-15 17:27:07,212][httpx][INFO] - HTTP Request: HEAD https://huggingface.co/facebook/hubert-base-ls960/resolve/main/preprocessor_config.json "HTTP/1.1 307 Temporary Redirect"
[2026-02-15 17:27:07,232][httpx][INFO] - HTTP Request: HEAD https://huggingface.co/api/resolve-cache/models/facebook/hubert-base-ls960/dba3bb02fda4248b6e082697eee756de8fe8aa8a/preprocessor_config.json "HTTP/1.1 200 OK"
[2026-02-15 17:27:07,384][httpx][INFO] - HTTP Request: HEAD https://huggingface.co/facebook/hubert-base-ls960/resolve/main/processor_config.json "HTTP/1.1 404 Not Found"
[2026-02-15 17:27:07,524][httpx][INFO] - HTTP Request: HEAD https://huggingface.co/facebook/hubert-base-ls960/resolve/main/preprocessor_config.json "HTTP/1.1 307 Temporary Redirect"
[2026-02-15 17:27:07,539][httpx][INFO] - HTTP Request: HEAD https://huggingface.co/api/resolve-cache/models/facebook/hubert-base-ls960/dba3bb02fda4248b6e082697eee756de8fe8aa8a/preprocessor_config.json "HTTP/1.1 200 OK"
[2026-02-15 17:27:07,673][httpx][INFO] - HTTP Request: HEAD https://huggingface.co/facebook/hubert-base-ls960/resolve/main/config.json "HTTP/1.1 307 Temporary Redirect"
[2026-02-15 17:27:07,674][huggingface_hub.utils._http][WARNING] - Warning: You are sending unauthenticated requests to the HF Hub. Please set a HF_TOKEN to enable higher rate limits and faster downloads.
[2026-02-15 17:27:07,688][httpx][INFO] - HTTP Request: HEAD https://huggingface.co/api/resolve-cache/models/facebook/hubert-base-ls960/dba3bb02fda4248b6e082697eee756de8fe8aa8a/config.json "HTTP/1.1 200 OK"
[2026-02-15 17:27:09,395][httpx][INFO] - HTTP Request: HEAD https://huggingface.co/datasets/librispeech_asr/resolve/main/README.md "HTTP/1.1 307 Temporary Redirect"
[2026-02-15 17:27:09,530][httpx][INFO] - HTTP Request: HEAD https://huggingface.co/datasets/openslr/librispeech_asr/resolve/main/README.md "HTTP/1.1 307 Temporary Redirect"
[2026-02-15 17:27:09,543][httpx][INFO] - HTTP Request: HEAD https://huggingface.co/api/resolve-cache/datasets/openslr/librispeech_asr/71cacbfb7e2354c4226d01e70d77d5fca3d04ba1/README.md "HTTP/1.1 200 OK"
[2026-02-15 17:27:09,692][httpx][INFO] - HTTP Request: HEAD https://huggingface.co/datasets/librispeech_asr/resolve/71cacbfb7e2354c4226d01e70d77d5fca3d04ba1/librispeech_asr.py "HTTP/1.1 307 Temporary Redirect"
[2026-02-15 17:27:09,821][httpx][INFO] - HTTP Request: HEAD https://huggingface.co/datasets/openslr/librispeech_asr/resolve/71cacbfb7e2354c4226d01e70d77d5fca3d04ba1/librispeech_asr.py "HTTP/1.1 404 Not Found"
[2026-02-15 17:27:10,260][httpx][INFO] - HTTP Request: HEAD https://s3.amazonaws.com/datasets.huggingface.co/datasets/datasets/librispeech_asr/librispeech_asr.py "HTTP/1.1 404 Not Found"
[2026-02-15 17:27:10,433][httpx][INFO] - HTTP Request: GET https://huggingface.co/api/datasets/librispeech_asr/revision/71cacbfb7e2354c4226d01e70d77d5fca3d04ba1 "HTTP/1.1 307 Temporary Redirect"
[2026-02-15 17:27:10,570][httpx][INFO] - HTTP Request: GET https://huggingface.co/api/datasets/openslr/librispeech_asr/revision/71cacbfb7e2354c4226d01e70d77d5fca3d04ba1 "HTTP/1.1 200 OK"
[2026-02-15 17:27:10,705][httpx][INFO] - HTTP Request: HEAD https://huggingface.co/datasets/librispeech_asr/resolve/71cacbfb7e2354c4226d01e70d77d5fca3d04ba1/.huggingface.yaml "HTTP/1.1 307 Temporary Redirect"
[2026-02-15 17:27:10,841][httpx][INFO] - HTTP Request: HEAD https://huggingface.co/datasets/openslr/librispeech_asr/resolve/71cacbfb7e2354c4226d01e70d77d5fca3d04ba1/.huggingface.yaml "HTTP/1.1 404 Not Found"
[2026-02-15 17:27:11,051][httpx][INFO] - HTTP Request: GET https://datasets-server.huggingface.co/info?dataset=librispeech_asr "HTTP/1.1 404 Not Found"
[2026-02-15 17:27:11,188][httpx][INFO] - HTTP Request: GET https://huggingface.co/api/datasets/librispeech_asr/tree/71cacbfb7e2354c4226d01e70d77d5fca3d04ba1/clean%2Ftest?recursive=true&expand=false "HTTP/1.1 307 Temporary Redirect"
[2026-02-15 17:27:11,324][httpx][INFO] - HTTP Request: GET https://huggingface.co/api/datasets/openslr/librispeech_asr/tree/71cacbfb7e2354c4226d01e70d77d5fca3d04ba1/clean%2Ftest?recursive=true&expand=false "HTTP/1.1 200 OK"
[2026-02-15 17:27:11,459][httpx][INFO] - HTTP Request: GET https://huggingface.co/api/datasets/librispeech_asr/tree/71cacbfb7e2354c4226d01e70d77d5fca3d04ba1/clean?recursive=false&expand=false "HTTP/1.1 307 Temporary Redirect"
[2026-02-15 17:27:11,592][httpx][INFO] - HTTP Request: GET https://huggingface.co/api/datasets/openslr/librispeech_asr/tree/71cacbfb7e2354c4226d01e70d77d5fca3d04ba1/clean?recursive=false&expand=false "HTTP/1.1 200 OK"
[2026-02-15 17:27:11,733][httpx][INFO] - HTTP Request: GET https://huggingface.co/api/datasets/librispeech_asr/tree/71cacbfb7e2354c4226d01e70d77d5fca3d04ba1/clean%2Ftrain.100?recursive=true&expand=false "HTTP/1.1 307 Temporary Redirect"
[2026-02-15 17:27:11,870][httpx][INFO] - HTTP Request: GET https://huggingface.co/api/datasets/openslr/librispeech_asr/tree/71cacbfb7e2354c4226d01e70d77d5fca3d04ba1/clean%2Ftrain.100?recursive=true&expand=false "HTTP/1.1 200 OK"
[2026-02-15 17:27:12,005][httpx][INFO] - HTTP Request: GET https://huggingface.co/api/datasets/librispeech_asr/tree/71cacbfb7e2354c4226d01e70d77d5fca3d04ba1/clean%2Ftrain.360?recursive=true&expand=false "HTTP/1.1 307 Temporary Redirect"
[2026-02-15 17:27:12,143][httpx][INFO] - HTTP Request: GET https://huggingface.co/api/datasets/openslr/librispeech_asr/tree/71cacbfb7e2354c4226d01e70d77d5fca3d04ba1/clean%2Ftrain.360?recursive=true&expand=false "HTTP/1.1 200 OK"
[2026-02-15 17:27:12,296][httpx][INFO] - HTTP Request: GET https://huggingface.co/api/datasets/librispeech_asr/tree/71cacbfb7e2354c4226d01e70d77d5fca3d04ba1/clean%2Fvalidation?recursive=true&expand=false "HTTP/1.1 307 Temporary Redirect"
[2026-02-15 17:27:12,441][httpx][INFO] - HTTP Request: GET https://huggingface.co/api/datasets/openslr/librispeech_asr/tree/71cacbfb7e2354c4226d01e70d77d5fca3d04ba1/clean%2Fvalidation?recursive=true&expand=false "HTTP/1.1 200 OK"
[2026-02-15 17:27:12,727][httpx][INFO] - HTTP Request: HEAD https://huggingface.co/datasets/librispeech_asr/resolve/71cacbfb7e2354c4226d01e70d77d5fca3d04ba1/dataset_infos.json "HTTP/1.1 307 Temporary Redirect"
[2026-02-15 17:27:12,861][httpx][INFO] - HTTP Request: HEAD https://huggingface.co/datasets/openslr/librispeech_asr/resolve/71cacbfb7e2354c4226d01e70d77d5fca3d04ba1/dataset_infos.json "HTTP/1.1 404 Not Found"
