[2026-02-19 17:25:57,686][httpx][INFO] - HTTP Request: HEAD https://huggingface.co/microsoft/wavlm-base/resolve/main/processor_config.json "HTTP/1.1 404 Not Found"
[2026-02-19 17:25:57,785][httpx][INFO] - HTTP Request: HEAD https://huggingface.co/microsoft/wavlm-base/resolve/main/preprocessor_config.json "HTTP/1.1 307 Temporary Redirect"
[2026-02-19 17:25:57,799][httpx][INFO] - HTTP Request: HEAD https://huggingface.co/api/resolve-cache/models/microsoft/wavlm-base/efa81aae7ff777e464159e0f877d54eac5b84f81/preprocessor_config.json "HTTP/1.1 200 OK"
[2026-02-19 17:25:57,814][httpx][INFO] - HTTP Request: GET https://huggingface.co/api/resolve-cache/models/microsoft/wavlm-base/efa81aae7ff777e464159e0f877d54eac5b84f81/preprocessor_config.json "HTTP/1.1 200 OK"
[2026-02-19 17:25:57,949][httpx][INFO] - HTTP Request: HEAD https://huggingface.co/microsoft/wavlm-base/resolve/main/processor_config.json "HTTP/1.1 404 Not Found"
[2026-02-19 17:25:58,050][httpx][INFO] - HTTP Request: HEAD https://huggingface.co/microsoft/wavlm-base/resolve/main/preprocessor_config.json "HTTP/1.1 307 Temporary Redirect"
[2026-02-19 17:25:58,063][httpx][INFO] - HTTP Request: HEAD https://huggingface.co/api/resolve-cache/models/microsoft/wavlm-base/efa81aae7ff777e464159e0f877d54eac5b84f81/preprocessor_config.json "HTTP/1.1 200 OK"
[2026-02-19 17:25:58,192][httpx][INFO] - HTTP Request: HEAD https://huggingface.co/microsoft/wavlm-base/resolve/main/config.json "HTTP/1.1 307 Temporary Redirect"
[2026-02-19 17:25:58,205][httpx][INFO] - HTTP Request: HEAD https://huggingface.co/api/resolve-cache/models/microsoft/wavlm-base/efa81aae7ff777e464159e0f877d54eac5b84f81/config.json "HTTP/1.1 200 OK"
[2026-02-19 17:25:58,220][httpx][INFO] - HTTP Request: GET https://huggingface.co/api/resolve-cache/models/microsoft/wavlm-base/efa81aae7ff777e464159e0f877d54eac5b84f81/config.json "HTTP/1.1 200 OK"
[2026-02-19 17:25:59,161][httpx][INFO] - HTTP Request: HEAD https://huggingface.co/microsoft/wavlm-base/resolve/main/model.safetensors "HTTP/1.1 404 Not Found"
[2026-02-19 17:25:59,267][httpx][INFO] - HTTP Request: HEAD https://huggingface.co/microsoft/wavlm-base/resolve/main/model.safetensors.index.json "HTTP/1.1 404 Not Found"
[2026-02-19 17:25:59,267][huggingface_hub.utils._http][WARNING] - Warning: You are sending unauthenticated requests to the HF Hub. Please set a HF_TOKEN to enable higher rate limits and faster downloads.
[2026-02-19 17:25:59,379][httpx][INFO] - HTTP Request: HEAD https://huggingface.co/microsoft/wavlm-base/resolve/main/pytorch_model.bin "HTTP/1.1 302 Found"
[2026-02-19 17:25:59,511][httpx][INFO] - HTTP Request: GET https://huggingface.co/api/models/microsoft/wavlm-base/xet-read-token/efa81aae7ff777e464159e0f877d54eac5b84f81 "HTTP/1.1 200 OK"
[2026-02-19 17:26:01,922][httpx][INFO] - HTTP Request: HEAD https://huggingface.co/microsoft/wavlm-base/resolve/main/model.safetensors "HTTP/1.1 404 Not Found"
[2026-02-19 17:26:02,037][httpx][INFO] - HTTP Request: GET https://huggingface.co/api/models/microsoft/wavlm-base "HTTP/1.1 200 OK"
[2026-02-19 17:26:02,278][httpx][INFO] - HTTP Request: GET https://huggingface.co/api/models/microsoft/wavlm-base/commits/main "HTTP/1.1 200 OK"
[2026-02-19 17:26:02,385][httpx][INFO] - HTTP Request: GET https://huggingface.co/api/models/microsoft/wavlm-base/discussions?p=0 "HTTP/1.1 200 OK"
[2026-02-19 17:26:02,532][httpx][INFO] - HTTP Request: GET https://huggingface.co/api/models/microsoft/wavlm-base/commits/refs%2Fpr%2F1 "HTTP/1.1 200 OK"
[2026-02-19 17:26:02,634][httpx][INFO] - HTTP Request: HEAD https://huggingface.co/microsoft/wavlm-base/resolve/refs%2Fpr%2F1/model.safetensors.index.json "HTTP/1.1 404 Not Found"
[2026-02-19 17:26:02,736][httpx][INFO] - HTTP Request: HEAD https://huggingface.co/microsoft/wavlm-base/resolve/refs%2Fpr%2F1/model.safetensors "HTTP/1.1 302 Found"
[2026-02-19 17:26:02,838][httpx][INFO] - HTTP Request: GET https://huggingface.co/api/models/microsoft/wavlm-base/xet-read-token/637a84b74520d6742e758c7fe210de1114df8b93 "HTTP/1.1 200 OK"
[2026-02-19 17:26:02,971][httpx][INFO] - HTTP Request: HEAD https://huggingface.co/datasets/librispeech_asr/resolve/main/README.md "HTTP/1.1 307 Temporary Redirect"
[2026-02-19 17:26:03,071][httpx][INFO] - HTTP Request: HEAD https://huggingface.co/datasets/openslr/librispeech_asr/resolve/main/README.md "HTTP/1.1 307 Temporary Redirect"
[2026-02-19 17:26:03,083][httpx][INFO] - HTTP Request: HEAD https://huggingface.co/api/resolve-cache/datasets/openslr/librispeech_asr/71cacbfb7e2354c4226d01e70d77d5fca3d04ba1/README.md "HTTP/1.1 200 OK"
[2026-02-19 17:26:03,097][httpx][INFO] - HTTP Request: GET https://huggingface.co/api/resolve-cache/datasets/openslr/librispeech_asr/71cacbfb7e2354c4226d01e70d77d5fca3d04ba1/README.md "HTTP/1.1 200 OK"
[2026-02-19 17:26:03,195][httpx][INFO] - HTTP Request: HEAD https://huggingface.co/datasets/librispeech_asr/resolve/71cacbfb7e2354c4226d01e70d77d5fca3d04ba1/librispeech_asr.py "HTTP/1.1 307 Temporary Redirect"
[2026-02-19 17:26:03,297][httpx][INFO] - HTTP Request: HEAD https://huggingface.co/datasets/openslr/librispeech_asr/resolve/71cacbfb7e2354c4226d01e70d77d5fca3d04ba1/librispeech_asr.py "HTTP/1.1 404 Not Found"
[2026-02-19 17:26:03,583][httpx][INFO] - HTTP Request: HEAD https://s3.amazonaws.com/datasets.huggingface.co/datasets/datasets/librispeech_asr/librispeech_asr.py "HTTP/1.1 404 Not Found"
[2026-02-19 17:26:03,722][httpx][INFO] - HTTP Request: GET https://huggingface.co/api/datasets/librispeech_asr/revision/71cacbfb7e2354c4226d01e70d77d5fca3d04ba1 "HTTP/1.1 307 Temporary Redirect"
[2026-02-19 17:26:03,839][httpx][INFO] - HTTP Request: GET https://huggingface.co/api/datasets/openslr/librispeech_asr/revision/71cacbfb7e2354c4226d01e70d77d5fca3d04ba1 "HTTP/1.1 200 OK"
[2026-02-19 17:26:03,987][httpx][INFO] - HTTP Request: HEAD https://huggingface.co/datasets/librispeech_asr/resolve/71cacbfb7e2354c4226d01e70d77d5fca3d04ba1/.huggingface.yaml "HTTP/1.1 307 Temporary Redirect"
[2026-02-19 17:26:04,090][httpx][INFO] - HTTP Request: HEAD https://huggingface.co/datasets/openslr/librispeech_asr/resolve/71cacbfb7e2354c4226d01e70d77d5fca3d04ba1/.huggingface.yaml "HTTP/1.1 404 Not Found"
[2026-02-19 17:26:04,246][httpx][INFO] - HTTP Request: GET https://datasets-server.huggingface.co/info?dataset=librispeech_asr "HTTP/1.1 404 Not Found"
[2026-02-19 17:26:04,345][httpx][INFO] - HTTP Request: GET https://huggingface.co/api/datasets/librispeech_asr/tree/71cacbfb7e2354c4226d01e70d77d5fca3d04ba1/clean%2Ftest?recursive=true&expand=false "HTTP/1.1 307 Temporary Redirect"
[2026-02-19 17:26:04,448][httpx][INFO] - HTTP Request: GET https://huggingface.co/api/datasets/openslr/librispeech_asr/tree/71cacbfb7e2354c4226d01e70d77d5fca3d04ba1/clean%2Ftest?recursive=true&expand=false "HTTP/1.1 200 OK"
[2026-02-19 17:26:04,567][httpx][INFO] - HTTP Request: GET https://huggingface.co/api/datasets/librispeech_asr/tree/71cacbfb7e2354c4226d01e70d77d5fca3d04ba1/clean?recursive=false&expand=false "HTTP/1.1 307 Temporary Redirect"
[2026-02-19 17:26:04,672][httpx][INFO] - HTTP Request: GET https://huggingface.co/api/datasets/openslr/librispeech_asr/tree/71cacbfb7e2354c4226d01e70d77d5fca3d04ba1/clean?recursive=false&expand=false "HTTP/1.1 200 OK"
[2026-02-19 17:26:04,775][httpx][INFO] - HTTP Request: GET https://huggingface.co/api/datasets/librispeech_asr/tree/71cacbfb7e2354c4226d01e70d77d5fca3d04ba1/clean%2Ftrain.100?recursive=true&expand=false "HTTP/1.1 307 Temporary Redirect"
[2026-02-19 17:26:04,880][httpx][INFO] - HTTP Request: GET https://huggingface.co/api/datasets/openslr/librispeech_asr/tree/71cacbfb7e2354c4226d01e70d77d5fca3d04ba1/clean%2Ftrain.100?recursive=true&expand=false "HTTP/1.1 200 OK"
[2026-02-19 17:26:04,985][httpx][INFO] - HTTP Request: GET https://huggingface.co/api/datasets/librispeech_asr/tree/71cacbfb7e2354c4226d01e70d77d5fca3d04ba1/clean%2Ftrain.360?recursive=true&expand=false "HTTP/1.1 307 Temporary Redirect"
[2026-02-19 17:26:05,091][httpx][INFO] - HTTP Request: GET https://huggingface.co/api/datasets/openslr/librispeech_asr/tree/71cacbfb7e2354c4226d01e70d77d5fca3d04ba1/clean%2Ftrain.360?recursive=true&expand=false "HTTP/1.1 200 OK"
[2026-02-19 17:26:05,208][httpx][INFO] - HTTP Request: GET https://huggingface.co/api/datasets/librispeech_asr/tree/71cacbfb7e2354c4226d01e70d77d5fca3d04ba1/clean%2Fvalidation?recursive=true&expand=false "HTTP/1.1 307 Temporary Redirect"
[2026-02-19 17:26:05,311][httpx][INFO] - HTTP Request: GET https://huggingface.co/api/datasets/openslr/librispeech_asr/tree/71cacbfb7e2354c4226d01e70d77d5fca3d04ba1/clean%2Fvalidation?recursive=true&expand=false "HTTP/1.1 200 OK"
[2026-02-19 17:26:05,415][httpx][INFO] - HTTP Request: HEAD https://huggingface.co/datasets/librispeech_asr/resolve/71cacbfb7e2354c4226d01e70d77d5fca3d04ba1/dataset_infos.json "HTTP/1.1 307 Temporary Redirect"
[2026-02-19 17:26:05,522][httpx][INFO] - HTTP Request: HEAD https://huggingface.co/datasets/openslr/librispeech_asr/resolve/71cacbfb7e2354c4226d01e70d77d5fca3d04ba1/dataset_infos.json "HTTP/1.1 404 Not Found"
[2026-02-19 17:26:05,682][httpx][INFO] - HTTP Request: HEAD https://huggingface.co/datasets/librispeech_asr/resolve/71cacbfb7e2354c4226d01e70d77d5fca3d04ba1/clean/test/0000.parquet "HTTP/1.1 307 Temporary Redirect"
[2026-02-19 17:26:05,810][httpx][INFO] - HTTP Request: HEAD https://huggingface.co/datasets/openslr/librispeech_asr/resolve/71cacbfb7e2354c4226d01e70d77d5fca3d04ba1/clean/test/0000.parquet "HTTP/1.1 302 Found"
[2026-02-19 17:26:05,909][httpx][INFO] - HTTP Request: GET https://huggingface.co/api/datasets/openslr/librispeech_asr/xet-read-token/71cacbfb7e2354c4226d01e70d77d5fca3d04ba1 "HTTP/1.1 200 OK"
[2026-02-19 17:26:07,762][httpx][INFO] - HTTP Request: HEAD https://huggingface.co/datasets/librispeech_asr/resolve/71cacbfb7e2354c4226d01e70d77d5fca3d04ba1/clean/train.100/0000.parquet "HTTP/1.1 307 Temporary Redirect"
[2026-02-19 17:26:07,862][httpx][INFO] - HTTP Request: HEAD https://huggingface.co/datasets/openslr/librispeech_asr/resolve/71cacbfb7e2354c4226d01e70d77d5fca3d04ba1/clean/train.100/0000.parquet "HTTP/1.1 302 Found"
[2026-02-19 17:26:09,988][httpx][INFO] - HTTP Request: HEAD https://huggingface.co/datasets/librispeech_asr/resolve/71cacbfb7e2354c4226d01e70d77d5fca3d04ba1/clean/train.100/0001.parquet "HTTP/1.1 307 Temporary Redirect"
[2026-02-19 17:26:10,092][httpx][INFO] - HTTP Request: HEAD https://huggingface.co/datasets/openslr/librispeech_asr/resolve/71cacbfb7e2354c4226d01e70d77d5fca3d04ba1/clean/train.100/0001.parquet "HTTP/1.1 302 Found"
[2026-02-19 17:26:12,373][httpx][INFO] - HTTP Request: HEAD https://huggingface.co/datasets/librispeech_asr/resolve/71cacbfb7e2354c4226d01e70d77d5fca3d04ba1/clean/train.100/0002.parquet "HTTP/1.1 307 Temporary Redirect"
[2026-02-19 17:26:12,477][httpx][INFO] - HTTP Request: HEAD https://huggingface.co/datasets/openslr/librispeech_asr/resolve/71cacbfb7e2354c4226d01e70d77d5fca3d04ba1/clean/train.100/0002.parquet "HTTP/1.1 302 Found"
[2026-02-19 17:26:15,686][httpx][INFO] - HTTP Request: HEAD https://huggingface.co/datasets/librispeech_asr/resolve/71cacbfb7e2354c4226d01e70d77d5fca3d04ba1/clean/train.100/0003.parquet "HTTP/1.1 307 Temporary Redirect"
[2026-02-19 17:26:15,848][httpx][INFO] - HTTP Request: HEAD https://huggingface.co/datasets/openslr/librispeech_asr/resolve/71cacbfb7e2354c4226d01e70d77d5fca3d04ba1/clean/train.100/0003.parquet "HTTP/1.1 302 Found"
[2026-02-19 17:26:18,001][httpx][INFO] - HTTP Request: HEAD https://huggingface.co/datasets/librispeech_asr/resolve/71cacbfb7e2354c4226d01e70d77d5fca3d04ba1/clean/train.100/0004.parquet "HTTP/1.1 307 Temporary Redirect"
[2026-02-19 17:26:18,102][httpx][INFO] - HTTP Request: HEAD https://huggingface.co/datasets/openslr/librispeech_asr/resolve/71cacbfb7e2354c4226d01e70d77d5fca3d04ba1/clean/train.100/0004.parquet "HTTP/1.1 302 Found"
[2026-02-19 17:26:20,506][httpx][INFO] - HTTP Request: HEAD https://huggingface.co/datasets/librispeech_asr/resolve/71cacbfb7e2354c4226d01e70d77d5fca3d04ba1/clean/train.100/0005.parquet "HTTP/1.1 307 Temporary Redirect"
[2026-02-19 17:26:20,606][httpx][INFO] - HTTP Request: HEAD https://huggingface.co/datasets/openslr/librispeech_asr/resolve/71cacbfb7e2354c4226d01e70d77d5fca3d04ba1/clean/train.100/0005.parquet "HTTP/1.1 302 Found"
[2026-02-19 17:26:22,767][httpx][INFO] - HTTP Request: HEAD https://huggingface.co/datasets/librispeech_asr/resolve/71cacbfb7e2354c4226d01e70d77d5fca3d04ba1/clean/train.100/0006.parquet "HTTP/1.1 307 Temporary Redirect"
[2026-02-19 17:26:22,885][httpx][INFO] - HTTP Request: HEAD https://huggingface.co/datasets/openslr/librispeech_asr/resolve/71cacbfb7e2354c4226d01e70d77d5fca3d04ba1/clean/train.100/0006.parquet "HTTP/1.1 302 Found"
[2026-02-19 17:26:26,487][httpx][INFO] - HTTP Request: HEAD https://huggingface.co/datasets/librispeech_asr/resolve/71cacbfb7e2354c4226d01e70d77d5fca3d04ba1/clean/train.100/0007.parquet "HTTP/1.1 307 Temporary Redirect"
[2026-02-19 17:26:26,594][httpx][INFO] - HTTP Request: HEAD https://huggingface.co/datasets/openslr/librispeech_asr/resolve/71cacbfb7e2354c4226d01e70d77d5fca3d04ba1/clean/train.100/0007.parquet "HTTP/1.1 302 Found"
[2026-02-19 17:26:28,316][httpx][INFO] - HTTP Request: HEAD https://huggingface.co/datasets/librispeech_asr/resolve/71cacbfb7e2354c4226d01e70d77d5fca3d04ba1/clean/train.100/0008.parquet "HTTP/1.1 307 Temporary Redirect"
[2026-02-19 17:26:28,420][httpx][INFO] - HTTP Request: HEAD https://huggingface.co/datasets/openslr/librispeech_asr/resolve/71cacbfb7e2354c4226d01e70d77d5fca3d04ba1/clean/train.100/0008.parquet "HTTP/1.1 302 Found"
[2026-02-19 17:26:31,884][httpx][INFO] - HTTP Request: HEAD https://huggingface.co/datasets/librispeech_asr/resolve/71cacbfb7e2354c4226d01e70d77d5fca3d04ba1/clean/train.100/0009.parquet "HTTP/1.1 307 Temporary Redirect"
[2026-02-19 17:26:31,986][httpx][INFO] - HTTP Request: HEAD https://huggingface.co/datasets/openslr/librispeech_asr/resolve/71cacbfb7e2354c4226d01e70d77d5fca3d04ba1/clean/train.100/0009.parquet "HTTP/1.1 302 Found"
[2026-02-19 17:26:33,609][httpx][INFO] - HTTP Request: HEAD https://huggingface.co/datasets/librispeech_asr/resolve/71cacbfb7e2354c4226d01e70d77d5fca3d04ba1/clean/train.100/0010.parquet "HTTP/1.1 307 Temporary Redirect"
[2026-02-19 17:26:33,712][httpx][INFO] - HTTP Request: HEAD https://huggingface.co/datasets/openslr/librispeech_asr/resolve/71cacbfb7e2354c4226d01e70d77d5fca3d04ba1/clean/train.100/0010.parquet "HTTP/1.1 302 Found"
[2026-02-19 17:26:37,028][httpx][INFO] - HTTP Request: HEAD https://huggingface.co/datasets/librispeech_asr/resolve/71cacbfb7e2354c4226d01e70d77d5fca3d04ba1/clean/train.100/0011.parquet "HTTP/1.1 307 Temporary Redirect"
[2026-02-19 17:26:37,128][httpx][INFO] - HTTP Request: HEAD https://huggingface.co/datasets/openslr/librispeech_asr/resolve/71cacbfb7e2354c4226d01e70d77d5fca3d04ba1/clean/train.100/0011.parquet "HTTP/1.1 302 Found"
[2026-02-19 17:26:39,370][httpx][INFO] - HTTP Request: HEAD https://huggingface.co/datasets/librispeech_asr/resolve/71cacbfb7e2354c4226d01e70d77d5fca3d04ba1/clean/train.100/0012.parquet "HTTP/1.1 307 Temporary Redirect"
[2026-02-19 17:26:39,472][httpx][INFO] - HTTP Request: HEAD https://huggingface.co/datasets/openslr/librispeech_asr/resolve/71cacbfb7e2354c4226d01e70d77d5fca3d04ba1/clean/train.100/0012.parquet "HTTP/1.1 302 Found"
[2026-02-19 17:26:43,125][httpx][INFO] - HTTP Request: HEAD https://huggingface.co/datasets/librispeech_asr/resolve/71cacbfb7e2354c4226d01e70d77d5fca3d04ba1/clean/train.100/0013.parquet "HTTP/1.1 307 Temporary Redirect"
[2026-02-19 17:26:43,232][httpx][INFO] - HTTP Request: HEAD https://huggingface.co/datasets/openslr/librispeech_asr/resolve/71cacbfb7e2354c4226d01e70d77d5fca3d04ba1/clean/train.100/0013.parquet "HTTP/1.1 302 Found"
[2026-02-19 17:26:45,563][httpx][INFO] - HTTP Request: HEAD https://huggingface.co/datasets/librispeech_asr/resolve/71cacbfb7e2354c4226d01e70d77d5fca3d04ba1/clean/train.360/0000.parquet "HTTP/1.1 307 Temporary Redirect"
[2026-02-19 17:26:45,663][httpx][INFO] - HTTP Request: HEAD https://huggingface.co/datasets/openslr/librispeech_asr/resolve/71cacbfb7e2354c4226d01e70d77d5fca3d04ba1/clean/train.360/0000.parquet "HTTP/1.1 302 Found"
[2026-02-19 17:26:48,217][httpx][INFO] - HTTP Request: HEAD https://huggingface.co/datasets/librispeech_asr/resolve/71cacbfb7e2354c4226d01e70d77d5fca3d04ba1/clean/train.360/0001.parquet "HTTP/1.1 307 Temporary Redirect"
[2026-02-19 17:26:48,320][httpx][INFO] - HTTP Request: HEAD https://huggingface.co/datasets/openslr/librispeech_asr/resolve/71cacbfb7e2354c4226d01e70d77d5fca3d04ba1/clean/train.360/0001.parquet "HTTP/1.1 302 Found"
[2026-02-19 17:26:50,428][httpx][INFO] - HTTP Request: HEAD https://huggingface.co/datasets/librispeech_asr/resolve/71cacbfb7e2354c4226d01e70d77d5fca3d04ba1/clean/train.360/0002.parquet "HTTP/1.1 307 Temporary Redirect"
[2026-02-19 17:26:50,555][httpx][INFO] - HTTP Request: HEAD https://huggingface.co/datasets/openslr/librispeech_asr/resolve/71cacbfb7e2354c4226d01e70d77d5fca3d04ba1/clean/train.360/0002.parquet "HTTP/1.1 302 Found"
[2026-02-19 17:26:53,015][httpx][INFO] - HTTP Request: HEAD https://huggingface.co/datasets/librispeech_asr/resolve/71cacbfb7e2354c4226d01e70d77d5fca3d04ba1/clean/train.360/0003.parquet "HTTP/1.1 307 Temporary Redirect"
[2026-02-19 17:26:53,116][httpx][INFO] - HTTP Request: HEAD https://huggingface.co/datasets/openslr/librispeech_asr/resolve/71cacbfb7e2354c4226d01e70d77d5fca3d04ba1/clean/train.360/0003.parquet "HTTP/1.1 302 Found"
[2026-02-19 17:26:55,263][httpx][INFO] - HTTP Request: HEAD https://huggingface.co/datasets/librispeech_asr/resolve/71cacbfb7e2354c4226d01e70d77d5fca3d04ba1/clean/train.360/0004.parquet "HTTP/1.1 307 Temporary Redirect"
[2026-02-19 17:26:55,366][httpx][INFO] - HTTP Request: HEAD https://huggingface.co/datasets/openslr/librispeech_asr/resolve/71cacbfb7e2354c4226d01e70d77d5fca3d04ba1/clean/train.360/0004.parquet "HTTP/1.1 302 Found"
[2026-02-19 17:26:57,444][httpx][INFO] - HTTP Request: HEAD https://huggingface.co/datasets/librispeech_asr/resolve/71cacbfb7e2354c4226d01e70d77d5fca3d04ba1/clean/train.360/0005.parquet "HTTP/1.1 307 Temporary Redirect"
[2026-02-19 17:26:57,550][httpx][INFO] - HTTP Request: HEAD https://huggingface.co/datasets/openslr/librispeech_asr/resolve/71cacbfb7e2354c4226d01e70d77d5fca3d04ba1/clean/train.360/0005.parquet "HTTP/1.1 302 Found"
[2026-02-19 17:26:59,697][httpx][INFO] - HTTP Request: HEAD https://huggingface.co/datasets/librispeech_asr/resolve/71cacbfb7e2354c4226d01e70d77d5fca3d04ba1/clean/train.360/0006.parquet "HTTP/1.1 307 Temporary Redirect"
[2026-02-19 17:26:59,802][httpx][INFO] - HTTP Request: HEAD https://huggingface.co/datasets/openslr/librispeech_asr/resolve/71cacbfb7e2354c4226d01e70d77d5fca3d04ba1/clean/train.360/0006.parquet "HTTP/1.1 302 Found"
[2026-02-19 17:27:02,335][httpx][INFO] - HTTP Request: HEAD https://huggingface.co/datasets/librispeech_asr/resolve/71cacbfb7e2354c4226d01e70d77d5fca3d04ba1/clean/train.360/0007.parquet "HTTP/1.1 307 Temporary Redirect"
[2026-02-19 17:27:02,437][httpx][INFO] - HTTP Request: HEAD https://huggingface.co/datasets/openslr/librispeech_asr/resolve/71cacbfb7e2354c4226d01e70d77d5fca3d04ba1/clean/train.360/0007.parquet "HTTP/1.1 302 Found"
[2026-02-19 17:27:04,601][httpx][INFO] - HTTP Request: HEAD https://huggingface.co/datasets/librispeech_asr/resolve/71cacbfb7e2354c4226d01e70d77d5fca3d04ba1/clean/train.360/0008.parquet "HTTP/1.1 307 Temporary Redirect"
[2026-02-19 17:27:04,704][httpx][INFO] - HTTP Request: HEAD https://huggingface.co/datasets/openslr/librispeech_asr/resolve/71cacbfb7e2354c4226d01e70d77d5fca3d04ba1/clean/train.360/0008.parquet "HTTP/1.1 302 Found"
[2026-02-19 17:27:06,943][httpx][INFO] - HTTP Request: HEAD https://huggingface.co/datasets/librispeech_asr/resolve/71cacbfb7e2354c4226d01e70d77d5fca3d04ba1/clean/train.360/0009.parquet "HTTP/1.1 307 Temporary Redirect"
[2026-02-19 17:27:07,044][httpx][INFO] - HTTP Request: HEAD https://huggingface.co/datasets/openslr/librispeech_asr/resolve/71cacbfb7e2354c4226d01e70d77d5fca3d04ba1/clean/train.360/0009.parquet "HTTP/1.1 302 Found"
[2026-02-19 17:27:09,054][httpx][INFO] - HTTP Request: HEAD https://huggingface.co/datasets/librispeech_asr/resolve/71cacbfb7e2354c4226d01e70d77d5fca3d04ba1/clean/train.360/0010.parquet "HTTP/1.1 307 Temporary Redirect"
[2026-02-19 17:27:09,159][httpx][INFO] - HTTP Request: HEAD https://huggingface.co/datasets/openslr/librispeech_asr/resolve/71cacbfb7e2354c4226d01e70d77d5fca3d04ba1/clean/train.360/0010.parquet "HTTP/1.1 302 Found"
[2026-02-19 17:27:11,297][httpx][INFO] - HTTP Request: HEAD https://huggingface.co/datasets/librispeech_asr/resolve/71cacbfb7e2354c4226d01e70d77d5fca3d04ba1/clean/train.360/0011.parquet "HTTP/1.1 307 Temporary Redirect"
[2026-02-19 17:27:11,401][httpx][INFO] - HTTP Request: HEAD https://huggingface.co/datasets/openslr/librispeech_asr/resolve/71cacbfb7e2354c4226d01e70d77d5fca3d04ba1/clean/train.360/0011.parquet "HTTP/1.1 302 Found"
[2026-02-19 17:27:13,515][httpx][INFO] - HTTP Request: HEAD https://huggingface.co/datasets/librispeech_asr/resolve/71cacbfb7e2354c4226d01e70d77d5fca3d04ba1/clean/train.360/0012.parquet "HTTP/1.1 307 Temporary Redirect"
[2026-02-19 17:27:13,619][httpx][INFO] - HTTP Request: HEAD https://huggingface.co/datasets/openslr/librispeech_asr/resolve/71cacbfb7e2354c4226d01e70d77d5fca3d04ba1/clean/train.360/0012.parquet "HTTP/1.1 302 Found"
[2026-02-19 17:27:16,270][httpx][INFO] - HTTP Request: HEAD https://huggingface.co/datasets/librispeech_asr/resolve/71cacbfb7e2354c4226d01e70d77d5fca3d04ba1/clean/train.360/0013.parquet "HTTP/1.1 307 Temporary Redirect"
[2026-02-19 17:27:16,372][httpx][INFO] - HTTP Request: HEAD https://huggingface.co/datasets/openslr/librispeech_asr/resolve/71cacbfb7e2354c4226d01e70d77d5fca3d04ba1/clean/train.360/0013.parquet "HTTP/1.1 302 Found"
[2026-02-19 17:27:18,472][httpx][INFO] - HTTP Request: HEAD https://huggingface.co/datasets/librispeech_asr/resolve/71cacbfb7e2354c4226d01e70d77d5fca3d04ba1/clean/train.360/0014.parquet "HTTP/1.1 307 Temporary Redirect"
[2026-02-19 17:27:18,578][httpx][INFO] - HTTP Request: HEAD https://huggingface.co/datasets/openslr/librispeech_asr/resolve/71cacbfb7e2354c4226d01e70d77d5fca3d04ba1/clean/train.360/0014.parquet "HTTP/1.1 302 Found"
[2026-02-19 17:27:21,985][httpx][INFO] - HTTP Request: HEAD https://huggingface.co/datasets/librispeech_asr/resolve/71cacbfb7e2354c4226d01e70d77d5fca3d04ba1/clean/train.360/0015.parquet "HTTP/1.1 307 Temporary Redirect"
[2026-02-19 17:27:22,091][httpx][INFO] - HTTP Request: HEAD https://huggingface.co/datasets/openslr/librispeech_asr/resolve/71cacbfb7e2354c4226d01e70d77d5fca3d04ba1/clean/train.360/0015.parquet "HTTP/1.1 302 Found"
[2026-02-19 17:27:24,234][httpx][INFO] - HTTP Request: HEAD https://huggingface.co/datasets/librispeech_asr/resolve/71cacbfb7e2354c4226d01e70d77d5fca3d04ba1/clean/train.360/0016.parquet "HTTP/1.1 307 Temporary Redirect"
[2026-02-19 17:27:24,338][httpx][INFO] - HTTP Request: HEAD https://huggingface.co/datasets/openslr/librispeech_asr/resolve/71cacbfb7e2354c4226d01e70d77d5fca3d04ba1/clean/train.360/0016.parquet "HTTP/1.1 302 Found"
[2026-02-19 17:27:26,568][httpx][INFO] - HTTP Request: HEAD https://huggingface.co/datasets/librispeech_asr/resolve/71cacbfb7e2354c4226d01e70d77d5fca3d04ba1/clean/train.360/0017.parquet "HTTP/1.1 307 Temporary Redirect"
[2026-02-19 17:27:26,675][httpx][INFO] - HTTP Request: HEAD https://huggingface.co/datasets/openslr/librispeech_asr/resolve/71cacbfb7e2354c4226d01e70d77d5fca3d04ba1/clean/train.360/0017.parquet "HTTP/1.1 302 Found"
[2026-02-19 17:27:28,115][httpx][INFO] - HTTP Request: HEAD https://huggingface.co/datasets/librispeech_asr/resolve/71cacbfb7e2354c4226d01e70d77d5fca3d04ba1/clean/train.360/0018.parquet "HTTP/1.1 307 Temporary Redirect"
[2026-02-19 17:27:28,220][httpx][INFO] - HTTP Request: HEAD https://huggingface.co/datasets/openslr/librispeech_asr/resolve/71cacbfb7e2354c4226d01e70d77d5fca3d04ba1/clean/train.360/0018.parquet "HTTP/1.1 302 Found"
[2026-02-19 17:27:30,502][httpx][INFO] - HTTP Request: HEAD https://huggingface.co/datasets/librispeech_asr/resolve/71cacbfb7e2354c4226d01e70d77d5fca3d04ba1/clean/train.360/0019.parquet "HTTP/1.1 307 Temporary Redirect"
[2026-02-19 17:27:30,602][httpx][INFO] - HTTP Request: HEAD https://huggingface.co/datasets/openslr/librispeech_asr/resolve/71cacbfb7e2354c4226d01e70d77d5fca3d04ba1/clean/train.360/0019.parquet "HTTP/1.1 302 Found"
[2026-02-19 17:27:32,625][httpx][INFO] - HTTP Request: HEAD https://huggingface.co/datasets/librispeech_asr/resolve/71cacbfb7e2354c4226d01e70d77d5fca3d04ba1/clean/train.360/0020.parquet "HTTP/1.1 307 Temporary Redirect"
[2026-02-19 17:27:32,729][httpx][INFO] - HTTP Request: HEAD https://huggingface.co/datasets/openslr/librispeech_asr/resolve/71cacbfb7e2354c4226d01e70d77d5fca3d04ba1/clean/train.360/0020.parquet "HTTP/1.1 302 Found"
[2026-02-19 17:27:34,979][httpx][INFO] - HTTP Request: HEAD https://huggingface.co/datasets/librispeech_asr/resolve/71cacbfb7e2354c4226d01e70d77d5fca3d04ba1/clean/train.360/0021.parquet "HTTP/1.1 307 Temporary Redirect"
[2026-02-19 17:27:35,081][httpx][INFO] - HTTP Request: HEAD https://huggingface.co/datasets/openslr/librispeech_asr/resolve/71cacbfb7e2354c4226d01e70d77d5fca3d04ba1/clean/train.360/0021.parquet "HTTP/1.1 302 Found"
[2026-02-19 17:27:37,106][httpx][INFO] - HTTP Request: HEAD https://huggingface.co/datasets/librispeech_asr/resolve/71cacbfb7e2354c4226d01e70d77d5fca3d04ba1/clean/train.360/0022.parquet "HTTP/1.1 307 Temporary Redirect"
[2026-02-19 17:27:37,214][httpx][INFO] - HTTP Request: HEAD https://huggingface.co/datasets/openslr/librispeech_asr/resolve/71cacbfb7e2354c4226d01e70d77d5fca3d04ba1/clean/train.360/0022.parquet "HTTP/1.1 302 Found"
[2026-02-19 17:27:39,308][httpx][INFO] - HTTP Request: HEAD https://huggingface.co/datasets/librispeech_asr/resolve/71cacbfb7e2354c4226d01e70d77d5fca3d04ba1/clean/train.360/0023.parquet "HTTP/1.1 307 Temporary Redirect"
[2026-02-19 17:27:39,416][httpx][INFO] - HTTP Request: HEAD https://huggingface.co/datasets/openslr/librispeech_asr/resolve/71cacbfb7e2354c4226d01e70d77d5fca3d04ba1/clean/train.360/0023.parquet "HTTP/1.1 302 Found"
[2026-02-19 17:27:42,219][httpx][INFO] - HTTP Request: HEAD https://huggingface.co/datasets/librispeech_asr/resolve/71cacbfb7e2354c4226d01e70d77d5fca3d04ba1/clean/train.360/0024.parquet "HTTP/1.1 307 Temporary Redirect"
[2026-02-19 17:27:42,320][httpx][INFO] - HTTP Request: HEAD https://huggingface.co/datasets/openslr/librispeech_asr/resolve/71cacbfb7e2354c4226d01e70d77d5fca3d04ba1/clean/train.360/0024.parquet "HTTP/1.1 302 Found"
[2026-02-19 17:27:44,608][httpx][INFO] - HTTP Request: HEAD https://huggingface.co/datasets/librispeech_asr/resolve/71cacbfb7e2354c4226d01e70d77d5fca3d04ba1/clean/train.360/0025.parquet "HTTP/1.1 307 Temporary Redirect"
[2026-02-19 17:27:44,708][httpx][INFO] - HTTP Request: HEAD https://huggingface.co/datasets/openslr/librispeech_asr/resolve/71cacbfb7e2354c4226d01e70d77d5fca3d04ba1/clean/train.360/0025.parquet "HTTP/1.1 302 Found"
[2026-02-19 17:27:46,954][httpx][INFO] - HTTP Request: HEAD https://huggingface.co/datasets/librispeech_asr/resolve/71cacbfb7e2354c4226d01e70d77d5fca3d04ba1/clean/train.360/0026.parquet "HTTP/1.1 307 Temporary Redirect"
[2026-02-19 17:27:47,057][httpx][INFO] - HTTP Request: HEAD https://huggingface.co/datasets/openslr/librispeech_asr/resolve/71cacbfb7e2354c4226d01e70d77d5fca3d04ba1/clean/train.360/0026.parquet "HTTP/1.1 302 Found"
[2026-02-19 17:27:48,954][httpx][INFO] - HTTP Request: HEAD https://huggingface.co/datasets/librispeech_asr/resolve/71cacbfb7e2354c4226d01e70d77d5fca3d04ba1/clean/train.360/0027.parquet "HTTP/1.1 307 Temporary Redirect"
[2026-02-19 17:27:49,061][httpx][INFO] - HTTP Request: HEAD https://huggingface.co/datasets/openslr/librispeech_asr/resolve/71cacbfb7e2354c4226d01e70d77d5fca3d04ba1/clean/train.360/0027.parquet "HTTP/1.1 302 Found"
[2026-02-19 17:27:51,196][httpx][INFO] - HTTP Request: HEAD https://huggingface.co/datasets/librispeech_asr/resolve/71cacbfb7e2354c4226d01e70d77d5fca3d04ba1/clean/train.360/0028.parquet "HTTP/1.1 307 Temporary Redirect"
[2026-02-19 17:27:51,296][httpx][INFO] - HTTP Request: HEAD https://huggingface.co/datasets/openslr/librispeech_asr/resolve/71cacbfb7e2354c4226d01e70d77d5fca3d04ba1/clean/train.360/0028.parquet "HTTP/1.1 302 Found"
[2026-02-19 17:27:53,515][httpx][INFO] - HTTP Request: HEAD https://huggingface.co/datasets/librispeech_asr/resolve/71cacbfb7e2354c4226d01e70d77d5fca3d04ba1/clean/train.360/0029.parquet "HTTP/1.1 307 Temporary Redirect"
[2026-02-19 17:27:53,623][httpx][INFO] - HTTP Request: HEAD https://huggingface.co/datasets/openslr/librispeech_asr/resolve/71cacbfb7e2354c4226d01e70d77d5fca3d04ba1/clean/train.360/0029.parquet "HTTP/1.1 302 Found"
[2026-02-19 17:27:55,994][httpx][INFO] - HTTP Request: HEAD https://huggingface.co/datasets/librispeech_asr/resolve/71cacbfb7e2354c4226d01e70d77d5fca3d04ba1/clean/train.360/0030.parquet "HTTP/1.1 307 Temporary Redirect"
[2026-02-19 17:27:56,093][httpx][INFO] - HTTP Request: HEAD https://huggingface.co/datasets/openslr/librispeech_asr/resolve/71cacbfb7e2354c4226d01e70d77d5fca3d04ba1/clean/train.360/0030.parquet "HTTP/1.1 302 Found"
[2026-02-19 17:27:58,483][httpx][INFO] - HTTP Request: HEAD https://huggingface.co/datasets/librispeech_asr/resolve/71cacbfb7e2354c4226d01e70d77d5fca3d04ba1/clean/train.360/0031.parquet "HTTP/1.1 307 Temporary Redirect"
[2026-02-19 17:27:58,593][httpx][INFO] - HTTP Request: HEAD https://huggingface.co/datasets/openslr/librispeech_asr/resolve/71cacbfb7e2354c4226d01e70d77d5fca3d04ba1/clean/train.360/0031.parquet "HTTP/1.1 302 Found"
[2026-02-19 17:28:01,511][httpx][INFO] - HTTP Request: HEAD https://huggingface.co/datasets/librispeech_asr/resolve/71cacbfb7e2354c4226d01e70d77d5fca3d04ba1/clean/train.360/0032.parquet "HTTP/1.1 307 Temporary Redirect"
[2026-02-19 17:28:01,615][httpx][INFO] - HTTP Request: HEAD https://huggingface.co/datasets/openslr/librispeech_asr/resolve/71cacbfb7e2354c4226d01e70d77d5fca3d04ba1/clean/train.360/0032.parquet "HTTP/1.1 302 Found"
[2026-02-19 17:28:04,284][httpx][INFO] - HTTP Request: HEAD https://huggingface.co/datasets/librispeech_asr/resolve/71cacbfb7e2354c4226d01e70d77d5fca3d04ba1/clean/train.360/0033.parquet "HTTP/1.1 307 Temporary Redirect"
[2026-02-19 17:28:04,385][httpx][INFO] - HTTP Request: HEAD https://huggingface.co/datasets/openslr/librispeech_asr/resolve/71cacbfb7e2354c4226d01e70d77d5fca3d04ba1/clean/train.360/0033.parquet "HTTP/1.1 302 Found"
[2026-02-19 17:28:06,597][httpx][INFO] - HTTP Request: HEAD https://huggingface.co/datasets/librispeech_asr/resolve/71cacbfb7e2354c4226d01e70d77d5fca3d04ba1/clean/train.360/0034.parquet "HTTP/1.1 307 Temporary Redirect"
[2026-02-19 17:28:06,704][httpx][INFO] - HTTP Request: HEAD https://huggingface.co/datasets/openslr/librispeech_asr/resolve/71cacbfb7e2354c4226d01e70d77d5fca3d04ba1/clean/train.360/0034.parquet "HTTP/1.1 302 Found"
[2026-02-19 17:28:08,806][httpx][INFO] - HTTP Request: HEAD https://huggingface.co/datasets/librispeech_asr/resolve/71cacbfb7e2354c4226d01e70d77d5fca3d04ba1/clean/train.360/0035.parquet "HTTP/1.1 307 Temporary Redirect"
[2026-02-19 17:28:08,905][httpx][INFO] - HTTP Request: HEAD https://huggingface.co/datasets/openslr/librispeech_asr/resolve/71cacbfb7e2354c4226d01e70d77d5fca3d04ba1/clean/train.360/0035.parquet "HTTP/1.1 302 Found"
[2026-02-19 17:28:11,064][httpx][INFO] - HTTP Request: HEAD https://huggingface.co/datasets/librispeech_asr/resolve/71cacbfb7e2354c4226d01e70d77d5fca3d04ba1/clean/train.360/0036.parquet "HTTP/1.1 307 Temporary Redirect"
[2026-02-19 17:28:11,171][httpx][INFO] - HTTP Request: HEAD https://huggingface.co/datasets/openslr/librispeech_asr/resolve/71cacbfb7e2354c4226d01e70d77d5fca3d04ba1/clean/train.360/0036.parquet "HTTP/1.1 302 Found"
[2026-02-19 17:28:13,277][httpx][INFO] - HTTP Request: HEAD https://huggingface.co/datasets/librispeech_asr/resolve/71cacbfb7e2354c4226d01e70d77d5fca3d04ba1/clean/train.360/0037.parquet "HTTP/1.1 307 Temporary Redirect"
[2026-02-19 17:28:13,382][httpx][INFO] - HTTP Request: HEAD https://huggingface.co/datasets/openslr/librispeech_asr/resolve/71cacbfb7e2354c4226d01e70d77d5fca3d04ba1/clean/train.360/0037.parquet "HTTP/1.1 302 Found"
[2026-02-19 17:28:15,556][httpx][INFO] - HTTP Request: HEAD https://huggingface.co/datasets/librispeech_asr/resolve/71cacbfb7e2354c4226d01e70d77d5fca3d04ba1/clean/train.360/0038.parquet "HTTP/1.1 307 Temporary Redirect"
[2026-02-19 17:28:15,661][httpx][INFO] - HTTP Request: HEAD https://huggingface.co/datasets/openslr/librispeech_asr/resolve/71cacbfb7e2354c4226d01e70d77d5fca3d04ba1/clean/train.360/0038.parquet "HTTP/1.1 302 Found"
[2026-02-19 17:28:17,905][httpx][INFO] - HTTP Request: HEAD https://huggingface.co/datasets/librispeech_asr/resolve/71cacbfb7e2354c4226d01e70d77d5fca3d04ba1/clean/train.360/0039.parquet "HTTP/1.1 307 Temporary Redirect"
[2026-02-19 17:28:18,006][httpx][INFO] - HTTP Request: HEAD https://huggingface.co/datasets/openslr/librispeech_asr/resolve/71cacbfb7e2354c4226d01e70d77d5fca3d04ba1/clean/train.360/0039.parquet "HTTP/1.1 302 Found"
[2026-02-19 17:28:20,152][httpx][INFO] - HTTP Request: HEAD https://huggingface.co/datasets/librispeech_asr/resolve/71cacbfb7e2354c4226d01e70d77d5fca3d04ba1/clean/train.360/0040.parquet "HTTP/1.1 307 Temporary Redirect"
[2026-02-19 17:28:20,257][httpx][INFO] - HTTP Request: HEAD https://huggingface.co/datasets/openslr/librispeech_asr/resolve/71cacbfb7e2354c4226d01e70d77d5fca3d04ba1/clean/train.360/0040.parquet "HTTP/1.1 302 Found"
[2026-02-19 17:28:22,504][httpx][INFO] - HTTP Request: HEAD https://huggingface.co/datasets/librispeech_asr/resolve/71cacbfb7e2354c4226d01e70d77d5fca3d04ba1/clean/train.360/0041.parquet "HTTP/1.1 307 Temporary Redirect"
[2026-02-19 17:28:22,617][httpx][INFO] - HTTP Request: HEAD https://huggingface.co/datasets/openslr/librispeech_asr/resolve/71cacbfb7e2354c4226d01e70d77d5fca3d04ba1/clean/train.360/0041.parquet "HTTP/1.1 302 Found"
[2026-02-19 17:28:24,770][httpx][INFO] - HTTP Request: HEAD https://huggingface.co/datasets/librispeech_asr/resolve/71cacbfb7e2354c4226d01e70d77d5fca3d04ba1/clean/train.360/0042.parquet "HTTP/1.1 307 Temporary Redirect"
[2026-02-19 17:28:24,872][httpx][INFO] - HTTP Request: HEAD https://huggingface.co/datasets/openslr/librispeech_asr/resolve/71cacbfb7e2354c4226d01e70d77d5fca3d04ba1/clean/train.360/0042.parquet "HTTP/1.1 302 Found"
[2026-02-19 17:28:27,299][httpx][INFO] - HTTP Request: HEAD https://huggingface.co/datasets/librispeech_asr/resolve/71cacbfb7e2354c4226d01e70d77d5fca3d04ba1/clean/train.360/0043.parquet "HTTP/1.1 307 Temporary Redirect"
[2026-02-19 17:28:27,404][httpx][INFO] - HTTP Request: HEAD https://huggingface.co/datasets/openslr/librispeech_asr/resolve/71cacbfb7e2354c4226d01e70d77d5fca3d04ba1/clean/train.360/0043.parquet "HTTP/1.1 302 Found"
[2026-02-19 17:28:29,404][httpx][INFO] - HTTP Request: HEAD https://huggingface.co/datasets/librispeech_asr/resolve/71cacbfb7e2354c4226d01e70d77d5fca3d04ba1/clean/train.360/0044.parquet "HTTP/1.1 307 Temporary Redirect"
[2026-02-19 17:28:29,507][httpx][INFO] - HTTP Request: HEAD https://huggingface.co/datasets/openslr/librispeech_asr/resolve/71cacbfb7e2354c4226d01e70d77d5fca3d04ba1/clean/train.360/0044.parquet "HTTP/1.1 302 Found"
[2026-02-19 17:28:31,558][httpx][INFO] - HTTP Request: HEAD https://huggingface.co/datasets/librispeech_asr/resolve/71cacbfb7e2354c4226d01e70d77d5fca3d04ba1/clean/train.360/0045.parquet "HTTP/1.1 307 Temporary Redirect"
[2026-02-19 17:28:31,661][httpx][INFO] - HTTP Request: HEAD https://huggingface.co/datasets/openslr/librispeech_asr/resolve/71cacbfb7e2354c4226d01e70d77d5fca3d04ba1/clean/train.360/0045.parquet "HTTP/1.1 302 Found"
[2026-02-19 17:28:33,967][httpx][INFO] - HTTP Request: HEAD https://huggingface.co/datasets/librispeech_asr/resolve/71cacbfb7e2354c4226d01e70d77d5fca3d04ba1/clean/train.360/0046.parquet "HTTP/1.1 307 Temporary Redirect"
[2026-02-19 17:28:34,074][httpx][INFO] - HTTP Request: HEAD https://huggingface.co/datasets/openslr/librispeech_asr/resolve/71cacbfb7e2354c4226d01e70d77d5fca3d04ba1/clean/train.360/0046.parquet "HTTP/1.1 302 Found"
[2026-02-19 17:28:36,570][httpx][INFO] - HTTP Request: HEAD https://huggingface.co/datasets/librispeech_asr/resolve/71cacbfb7e2354c4226d01e70d77d5fca3d04ba1/clean/train.360/0047.parquet "HTTP/1.1 307 Temporary Redirect"
[2026-02-19 17:28:36,674][httpx][INFO] - HTTP Request: HEAD https://huggingface.co/datasets/openslr/librispeech_asr/resolve/71cacbfb7e2354c4226d01e70d77d5fca3d04ba1/clean/train.360/0047.parquet "HTTP/1.1 302 Found"
[2026-02-19 17:28:38,801][httpx][INFO] - HTTP Request: HEAD https://huggingface.co/datasets/librispeech_asr/resolve/71cacbfb7e2354c4226d01e70d77d5fca3d04ba1/clean/validation/0000.parquet "HTTP/1.1 307 Temporary Redirect"
[2026-02-19 17:28:38,905][httpx][INFO] - HTTP Request: HEAD https://huggingface.co/datasets/openslr/librispeech_asr/resolve/71cacbfb7e2354c4226d01e70d77d5fca3d04ba1/clean/validation/0000.parquet "HTTP/1.1 302 Found"
