[2026-02-15 11:57:17,696][httpx][INFO] - HTTP Request: GET https://huggingface.co/api/models/facebook/wav2vec2-base/tree/main/additional_chat_templates?recursive=false&expand=false "HTTP/1.1 404 Not Found"
[2026-02-15 11:57:17,824][httpx][INFO] - HTTP Request: HEAD https://huggingface.co/facebook/wav2vec2-base/resolve/main/processor_config.json "HTTP/1.1 404 Not Found"
[2026-02-15 11:57:17,952][httpx][INFO] - HTTP Request: HEAD https://huggingface.co/facebook/wav2vec2-base/resolve/main/chat_template.json "HTTP/1.1 404 Not Found"
[2026-02-15 11:57:18,085][httpx][INFO] - HTTP Request: HEAD https://huggingface.co/facebook/wav2vec2-base/resolve/main/chat_template.jinja "HTTP/1.1 404 Not Found"
[2026-02-15 11:57:18,225][httpx][INFO] - HTTP Request: HEAD https://huggingface.co/facebook/wav2vec2-base/resolve/main/audio_tokenizer_config.json "HTTP/1.1 404 Not Found"
[2026-02-15 11:57:18,357][httpx][INFO] - HTTP Request: HEAD https://huggingface.co/facebook/wav2vec2-base/resolve/main/processor_config.json "HTTP/1.1 404 Not Found"
[2026-02-15 11:57:18,357][huggingface_hub.utils._http][WARNING] - Warning: You are sending unauthenticated requests to the HF Hub. Please set a HF_TOKEN to enable higher rate limits and faster downloads.
[2026-02-15 11:57:18,485][httpx][INFO] - HTTP Request: HEAD https://huggingface.co/facebook/wav2vec2-base/resolve/main/preprocessor_config.json "HTTP/1.1 307 Temporary Redirect"
[2026-02-15 11:57:18,498][httpx][INFO] - HTTP Request: HEAD https://huggingface.co/api/resolve-cache/models/facebook/wav2vec2-base/0b5b8e868dd84f03fd87d01f9c4ff0f080fecfe8/preprocessor_config.json "HTTP/1.1 200 OK"
[2026-02-15 11:57:18,627][httpx][INFO] - HTTP Request: HEAD https://huggingface.co/facebook/wav2vec2-base/resolve/main/config.json "HTTP/1.1 307 Temporary Redirect"
[2026-02-15 11:57:18,640][httpx][INFO] - HTTP Request: HEAD https://huggingface.co/api/resolve-cache/models/facebook/wav2vec2-base/0b5b8e868dd84f03fd87d01f9c4ff0f080fecfe8/config.json "HTTP/1.1 200 OK"
[2026-02-15 11:57:18,770][httpx][INFO] - HTTP Request: HEAD https://huggingface.co/facebook/wav2vec2-base/resolve/main/processor_config.json "HTTP/1.1 404 Not Found"
[2026-02-15 11:57:18,899][httpx][INFO] - HTTP Request: HEAD https://huggingface.co/facebook/wav2vec2-base/resolve/main/preprocessor_config.json "HTTP/1.1 307 Temporary Redirect"
[2026-02-15 11:57:18,930][httpx][INFO] - HTTP Request: HEAD https://huggingface.co/api/resolve-cache/models/facebook/wav2vec2-base/0b5b8e868dd84f03fd87d01f9c4ff0f080fecfe8/preprocessor_config.json "HTTP/1.1 200 OK"
[2026-02-15 11:57:19,097][httpx][INFO] - HTTP Request: HEAD https://huggingface.co/facebook/wav2vec2-base/resolve/main/config.json "HTTP/1.1 307 Temporary Redirect"
[2026-02-15 11:57:19,224][httpx][INFO] - HTTP Request: HEAD https://huggingface.co/api/resolve-cache/models/facebook/wav2vec2-base/0b5b8e868dd84f03fd87d01f9c4ff0f080fecfe8/config.json "HTTP/1.1 200 OK"
[2026-02-15 11:57:19,485][httpx][INFO] - HTTP Request: HEAD https://huggingface.co/facebook/wav2vec2-base/resolve/main/tokenizer_config.json "HTTP/1.1 307 Temporary Redirect"
[2026-02-15 11:57:19,615][httpx][INFO] - HTTP Request: HEAD https://huggingface.co/api/resolve-cache/models/facebook/wav2vec2-base/0b5b8e868dd84f03fd87d01f9c4ff0f080fecfe8/tokenizer_config.json "HTTP/1.1 200 OK"
[2026-02-15 11:57:19,927][httpx][INFO] - HTTP Request: GET https://huggingface.co/api/models/facebook/wav2vec2-base/tree/main/additional_chat_templates?recursive=false&expand=false "HTTP/1.1 404 Not Found"
[2026-02-15 11:57:20,139][httpx][INFO] - HTTP Request: GET https://huggingface.co/api/models/facebook/wav2vec2-base/tree/main?recursive=true&expand=false "HTTP/1.1 200 OK"
[2026-02-15 11:57:20,276][httpx][INFO] - HTTP Request: HEAD https://huggingface.co/facebook/wav2vec2-base/resolve/main/config.json "HTTP/1.1 307 Temporary Redirect"
[2026-02-15 11:57:20,294][httpx][INFO] - HTTP Request: HEAD https://huggingface.co/api/resolve-cache/models/facebook/wav2vec2-base/0b5b8e868dd84f03fd87d01f9c4ff0f080fecfe8/config.json "HTTP/1.1 200 OK"
[2026-02-15 11:57:21,726][httpx][INFO] - HTTP Request: HEAD https://huggingface.co/datasets/librispeech_asr/resolve/main/README.md "HTTP/1.1 307 Temporary Redirect"
[2026-02-15 11:57:21,855][httpx][INFO] - HTTP Request: HEAD https://huggingface.co/datasets/openslr/librispeech_asr/resolve/main/README.md "HTTP/1.1 307 Temporary Redirect"
[2026-02-15 11:57:21,869][httpx][INFO] - HTTP Request: HEAD https://huggingface.co/api/resolve-cache/datasets/openslr/librispeech_asr/71cacbfb7e2354c4226d01e70d77d5fca3d04ba1/README.md "HTTP/1.1 200 OK"
[2026-02-15 11:57:21,999][httpx][INFO] - HTTP Request: HEAD https://huggingface.co/datasets/librispeech_asr/resolve/71cacbfb7e2354c4226d01e70d77d5fca3d04ba1/librispeech_asr.py "HTTP/1.1 307 Temporary Redirect"
[2026-02-15 11:57:22,132][httpx][INFO] - HTTP Request: HEAD https://huggingface.co/datasets/openslr/librispeech_asr/resolve/71cacbfb7e2354c4226d01e70d77d5fca3d04ba1/librispeech_asr.py "HTTP/1.1 404 Not Found"
[2026-02-15 11:57:22,580][httpx][INFO] - HTTP Request: HEAD https://s3.amazonaws.com/datasets.huggingface.co/datasets/datasets/librispeech_asr/librispeech_asr.py "HTTP/1.1 404 Not Found"
[2026-02-15 11:57:22,729][httpx][INFO] - HTTP Request: GET https://huggingface.co/api/datasets/librispeech_asr/revision/71cacbfb7e2354c4226d01e70d77d5fca3d04ba1 "HTTP/1.1 307 Temporary Redirect"
[2026-02-15 11:57:22,861][httpx][INFO] - HTTP Request: GET https://huggingface.co/api/datasets/openslr/librispeech_asr/revision/71cacbfb7e2354c4226d01e70d77d5fca3d04ba1 "HTTP/1.1 200 OK"
[2026-02-15 11:57:22,996][httpx][INFO] - HTTP Request: HEAD https://huggingface.co/datasets/librispeech_asr/resolve/71cacbfb7e2354c4226d01e70d77d5fca3d04ba1/.huggingface.yaml "HTTP/1.1 307 Temporary Redirect"
[2026-02-15 11:57:23,126][httpx][INFO] - HTTP Request: HEAD https://huggingface.co/datasets/openslr/librispeech_asr/resolve/71cacbfb7e2354c4226d01e70d77d5fca3d04ba1/.huggingface.yaml "HTTP/1.1 404 Not Found"
[2026-02-15 11:57:23,326][httpx][INFO] - HTTP Request: GET https://datasets-server.huggingface.co/info?dataset=librispeech_asr "HTTP/1.1 404 Not Found"
[2026-02-15 11:57:23,455][httpx][INFO] - HTTP Request: GET https://huggingface.co/api/datasets/librispeech_asr/tree/71cacbfb7e2354c4226d01e70d77d5fca3d04ba1/clean%2Ftest?recursive=true&expand=false "HTTP/1.1 307 Temporary Redirect"
[2026-02-15 11:57:23,588][httpx][INFO] - HTTP Request: GET https://huggingface.co/api/datasets/openslr/librispeech_asr/tree/71cacbfb7e2354c4226d01e70d77d5fca3d04ba1/clean%2Ftest?recursive=true&expand=false "HTTP/1.1 200 OK"
[2026-02-15 11:57:23,722][httpx][INFO] - HTTP Request: GET https://huggingface.co/api/datasets/librispeech_asr/tree/71cacbfb7e2354c4226d01e70d77d5fca3d04ba1/clean?recursive=false&expand=false "HTTP/1.1 307 Temporary Redirect"
[2026-02-15 11:57:23,856][httpx][INFO] - HTTP Request: GET https://huggingface.co/api/datasets/openslr/librispeech_asr/tree/71cacbfb7e2354c4226d01e70d77d5fca3d04ba1/clean?recursive=false&expand=false "HTTP/1.1 200 OK"
[2026-02-15 11:57:23,991][httpx][INFO] - HTTP Request: GET https://huggingface.co/api/datasets/librispeech_asr/tree/71cacbfb7e2354c4226d01e70d77d5fca3d04ba1/clean%2Ftrain.100?recursive=true&expand=false "HTTP/1.1 307 Temporary Redirect"
[2026-02-15 11:57:24,130][httpx][INFO] - HTTP Request: GET https://huggingface.co/api/datasets/openslr/librispeech_asr/tree/71cacbfb7e2354c4226d01e70d77d5fca3d04ba1/clean%2Ftrain.100?recursive=true&expand=false "HTTP/1.1 200 OK"
[2026-02-15 11:57:24,262][httpx][INFO] - HTTP Request: GET https://huggingface.co/api/datasets/librispeech_asr/tree/71cacbfb7e2354c4226d01e70d77d5fca3d04ba1/clean%2Ftrain.360?recursive=true&expand=false "HTTP/1.1 307 Temporary Redirect"
[2026-02-15 11:57:24,396][httpx][INFO] - HTTP Request: GET https://huggingface.co/api/datasets/openslr/librispeech_asr/tree/71cacbfb7e2354c4226d01e70d77d5fca3d04ba1/clean%2Ftrain.360?recursive=true&expand=false "HTTP/1.1 200 OK"
[2026-02-15 11:57:24,539][httpx][INFO] - HTTP Request: GET https://huggingface.co/api/datasets/librispeech_asr/tree/71cacbfb7e2354c4226d01e70d77d5fca3d04ba1/clean%2Fvalidation?recursive=true&expand=false "HTTP/1.1 307 Temporary Redirect"
[2026-02-15 11:57:24,665][httpx][INFO] - HTTP Request: GET https://huggingface.co/api/datasets/openslr/librispeech_asr/tree/71cacbfb7e2354c4226d01e70d77d5fca3d04ba1/clean%2Fvalidation?recursive=true&expand=false "HTTP/1.1 200 OK"
[2026-02-15 11:57:24,801][httpx][INFO] - HTTP Request: HEAD https://huggingface.co/datasets/librispeech_asr/resolve/71cacbfb7e2354c4226d01e70d77d5fca3d04ba1/dataset_infos.json "HTTP/1.1 307 Temporary Redirect"
[2026-02-15 11:57:24,930][httpx][INFO] - HTTP Request: HEAD https://huggingface.co/datasets/openslr/librispeech_asr/resolve/71cacbfb7e2354c4226d01e70d77d5fca3d04ba1/dataset_infos.json "HTTP/1.1 404 Not Found"
[2026-02-15 11:57:25,130][httpx][INFO] - HTTP Request: GET https://huggingface.co/datasets/librispeech_asr/resolve/71cacbfb7e2354c4226d01e70d77d5fca3d04ba1/clean/validation/0000.parquet "HTTP/1.1 307 Temporary Redirect"
[2026-02-15 11:57:25,264][httpx][INFO] - HTTP Request: GET https://huggingface.co/datasets/openslr/librispeech_asr/resolve/71cacbfb7e2354c4226d01e70d77d5fca3d04ba1/clean/validation/0000.parquet "HTTP/1.1 302 Found"
[2026-02-15 11:57:25,453][httpx][INFO] - HTTP Request: GET https://cas-bridge.xethub.hf.co/xet-bridge-us/621ffdd236468d709f181ea4/072c4594d24ec2ca80ed648ea29902a5868d77a01619b008da4a9eee38896aa1?X-Amz-Algorithm=AWS4-HMAC-SHA256&X-Amz-Content-Sha256=UNSIGNED-PAYLOAD&X-Amz-Credential=cas%2F20260215%2Fus-east-1%2Fs3%2Faws4_request&X-Amz-Date=20260215T115655Z&X-Amz-Expires=3600&X-Amz-Signature=1102f8e22c45a18d659e1e93bb2c8a3c5ec0db3f1b5f153cb3a1267c63e524b3&X-Amz-SignedHeaders=host&X-Xet-Cas-Uid=public&response-content-disposition=inline%3B+filename*%3DUTF-8%27%270000.parquet%3B+filename%3D%220000.parquet%22%3B&x-id=GetObject&Expires=1771160215&Policy=eyJTdGF0ZW1lbnQiOlt7IkNvbmRpdGlvbiI6eyJEYXRlTGVzc1RoYW4iOnsiQVdTOkVwb2NoVGltZSI6MTc3MTE2MDIxNX19LCJSZXNvdXJjZSI6Imh0dHBzOi8vY2FzLWJyaWRnZS54ZXRodWIuaGYuY28veGV0LWJyaWRnZS11cy82MjFmZmRkMjM2NDY4ZDcwOWYxODFlYTQvMDcyYzQ1OTRkMjRlYzJjYTgwZWQ2NDhlYTI5OTAyYTU4NjhkNzdhMDE2MTliMDA4ZGE0YTllZWUzODg5NmFhMSoifV19&Signature=t2hXkSS9-2Y30n75kYPJ%7EHgrFetIn7Zy4Tl0pE9BTHoBqGUGvxrOftrlJgMIc0j4JZrUrfF9S7VG776IFGXBwQDgu9tVDscXuta%7EU34ltkXyFPMlN7Y8ItS3iE-ity9ksI3dJ4MsuBFMJBM8m3dSb9fWhj4y1ENaAL59yBJm8ltQCnsYVbLNh%7EeyLZlbbawQ6T5bBf%7E79K1pJnkMu3yGDItI0ESL8KXvkv20bc0tGcECdhL1bQx3jKRstiCA%7E3fjP7phCC5o4BiwVx2KE2UnfIGNdkH8OtZZKlpTECeTmeeyLqmlPFjuxlLKZhYVjsUyzZqg-MmGSDpFARstu9LtZw__&Key-Pair-Id=K2L8F4GPSG1IFC "HTTP/1.1 206 Partial Content"
[2026-02-15 11:57:25,614][httpx][INFO] - HTTP Request: GET https://huggingface.co/datasets/librispeech_asr/resolve/71cacbfb7e2354c4226d01e70d77d5fca3d04ba1/clean/validation/0000.parquet "HTTP/1.1 307 Temporary Redirect"
[2026-02-15 11:57:25,749][httpx][INFO] - HTTP Request: GET https://huggingface.co/datasets/openslr/librispeech_asr/resolve/71cacbfb7e2354c4226d01e70d77d5fca3d04ba1/clean/validation/0000.parquet "HTTP/1.1 302 Found"
[2026-02-15 11:57:25,818][httpx][INFO] - HTTP Request: GET https://cas-bridge.xethub.hf.co/xet-bridge-us/621ffdd236468d709f181ea4/072c4594d24ec2ca80ed648ea29902a5868d77a01619b008da4a9eee38896aa1?X-Amz-Algorithm=AWS4-HMAC-SHA256&X-Amz-Content-Sha256=UNSIGNED-PAYLOAD&X-Amz-Credential=cas%2F20260215%2Fus-east-1%2Fs3%2Faws4_request&X-Amz-Date=20260215T115725Z&X-Amz-Expires=3600&X-Amz-Signature=8670aa674065d739e782f98572c9b849fbbea7fe5506acef814b411ae453f9fc&X-Amz-SignedHeaders=host&X-Xet-Cas-Uid=public&response-content-disposition=inline%3B+filename*%3DUTF-8%27%270000.parquet%3B+filename%3D%220000.parquet%22%3B&x-id=GetObject&Expires=1771160245&Policy=eyJTdGF0ZW1lbnQiOlt7IkNvbmRpdGlvbiI6eyJEYXRlTGVzc1RoYW4iOnsiQVdTOkVwb2NoVGltZSI6MTc3MTE2MDI0NX19LCJSZXNvdXJjZSI6Imh0dHBzOi8vY2FzLWJyaWRnZS54ZXRodWIuaGYuY28veGV0LWJyaWRnZS11cy82MjFmZmRkMjM2NDY4ZDcwOWYxODFlYTQvMDcyYzQ1OTRkMjRlYzJjYTgwZWQ2NDhlYTI5OTAyYTU4NjhkNzdhMDE2MTliMDA4ZGE0YTllZWUzODg5NmFhMSoifV19&Signature=BDImfewY%7EVOSaI8B-RYiw-zyct5ZpscWMFpb5XbBr0gmN5w3vAKbK2gmtZ2HZ%7Ej-bI20%7EPSpHu00GCGGpul2sUiorYnh6yw2y-2zpJupA0rlXDJ1m6FnJzFXEM-ZEQFQLBJmnx0ymTgl0WMO63Jtk-mRm7O%7EgQ9drMKy6NI778gzUA18yz3L2a3uPFVmDAqAw1fLRWyOGHWGF3i8QCqD2wwiysqUs7WVOLUHXR1xA1W2zgleziyJJAnukF66up-pOxK3H9R52tye%7EjaloPhm5mmbE2JBPN8QKtFshVgXGZYTM4tspqm1tDPT7i8jjs0%7EGEczVHGijliyUHqn8Xc8XQ__&Key-Pair-Id=K2L8F4GPSG1IFC "HTTP/1.1 206 Partial Content"
[2026-02-15 11:57:37,558][httpx][INFO] - HTTP Request: GET https://huggingface.co/datasets/librispeech_asr/resolve/71cacbfb7e2354c4226d01e70d77d5fca3d04ba1/clean/validation/0000.parquet "HTTP/1.1 307 Temporary Redirect"
[2026-02-15 11:57:37,754][httpx][INFO] - HTTP Request: GET https://huggingface.co/datasets/openslr/librispeech_asr/resolve/71cacbfb7e2354c4226d01e70d77d5fca3d04ba1/clean/validation/0000.parquet "HTTP/1.1 302 Found"
[2026-02-15 11:57:37,830][httpx][INFO] - HTTP Request: GET https://cas-bridge.xethub.hf.co/xet-bridge-us/621ffdd236468d709f181ea4/072c4594d24ec2ca80ed648ea29902a5868d77a01619b008da4a9eee38896aa1?X-Amz-Algorithm=AWS4-HMAC-SHA256&X-Amz-Content-Sha256=UNSIGNED-PAYLOAD&X-Amz-Credential=cas%2F20260215%2Fus-east-1%2Fs3%2Faws4_request&X-Amz-Date=20260215T115737Z&X-Amz-Expires=3600&X-Amz-Signature=5013915d00283d5e0e8b5881821ec43fc433fbe24c4ae6a03c0e1fc119b472b8&X-Amz-SignedHeaders=host&X-Xet-Cas-Uid=public&response-content-disposition=inline%3B+filename*%3DUTF-8%27%270000.parquet%3B+filename%3D%220000.parquet%22%3B&x-id=GetObject&Expires=1771160257&Policy=eyJTdGF0ZW1lbnQiOlt7IkNvbmRpdGlvbiI6eyJEYXRlTGVzc1RoYW4iOnsiQVdTOkVwb2NoVGltZSI6MTc3MTE2MDI1N319LCJSZXNvdXJjZSI6Imh0dHBzOi8vY2FzLWJyaWRnZS54ZXRodWIuaGYuY28veGV0LWJyaWRnZS11cy82MjFmZmRkMjM2NDY4ZDcwOWYxODFlYTQvMDcyYzQ1OTRkMjRlYzJjYTgwZWQ2NDhlYTI5OTAyYTU4NjhkNzdhMDE2MTliMDA4ZGE0YTllZWUzODg5NmFhMSoifV19&Signature=YqJ4K0SG9IGf%7ESuZKc19pxzswvbzbect144wpGSJr3oBiUIaYzc-jnoDUIqD55%7EVXd2KjmsszRx7gWT4vgtEvw2BWxtogVk6M8XNyYZEwhheRliqGU-N6gl0y8RfwA%7E6IXIOWdZw4B6ig7r7H4DQ%7EMhslbrm2KsJsKXnRRYsDc4If9Bt8WBfJghSA4hmaR7OVIVtlBhJtOZ3iY1YQAetqaH3%7E6t8JwzyG102PetwDunJHYhZ8ccv5s2PI4FrxUYDw94Vo4MfTa7i2xOI7M1fky3RLFQuOAoRoHbeO%7EWPHgqIeMLm0-Kvs0qnVdHLfh%7ESoqr7zGU8L5jcqgDLM4io2Q__&Key-Pair-Id=K2L8F4GPSG1IFC "HTTP/1.1 206 Partial Content"
[2026-02-15 11:58:41,964][huggingface_hub.utils._http][WARNING] - 'The read operation timed out' thrown while requesting GET https://huggingface.co/datasets/librispeech_asr/resolve/71cacbfb7e2354c4226d01e70d77d5fca3d04ba1/clean/validation/0000.parquet
[2026-02-15 11:58:41,964][huggingface_hub.utils._http][WARNING] - Retrying in 1s [Retry 1/5].
[2026-02-15 11:58:43,152][httpx][INFO] - HTTP Request: GET https://huggingface.co/datasets/librispeech_asr/resolve/71cacbfb7e2354c4226d01e70d77d5fca3d04ba1/clean/validation/0000.parquet "HTTP/1.1 307 Temporary Redirect"
[2026-02-15 11:58:43,300][httpx][INFO] - HTTP Request: GET https://huggingface.co/datasets/openslr/librispeech_asr/resolve/71cacbfb7e2354c4226d01e70d77d5fca3d04ba1/clean/validation/0000.parquet "HTTP/1.1 302 Found"
[2026-02-15 11:58:44,529][httpx][INFO] - HTTP Request: GET https://cas-bridge.xethub.hf.co/xet-bridge-us/621ffdd236468d709f181ea4/072c4594d24ec2ca80ed648ea29902a5868d77a01619b008da4a9eee38896aa1?X-Amz-Algorithm=AWS4-HMAC-SHA256&X-Amz-Content-Sha256=UNSIGNED-PAYLOAD&X-Amz-Credential=cas%2F20260215%2Fus-east-1%2Fs3%2Faws4_request&X-Amz-Date=20260215T115843Z&X-Amz-Expires=3600&X-Amz-Signature=1fad2ab9d58f080f61080fff0bda76a243be031c6f18f424eef19d37133470f7&X-Amz-SignedHeaders=host&X-Xet-Cas-Uid=public&response-content-disposition=inline%3B+filename*%3DUTF-8%27%270000.parquet%3B+filename%3D%220000.parquet%22%3B&x-id=GetObject&Expires=1771160323&Policy=eyJTdGF0ZW1lbnQiOlt7IkNvbmRpdGlvbiI6eyJEYXRlTGVzc1RoYW4iOnsiQVdTOkVwb2NoVGltZSI6MTc3MTE2MDMyM319LCJSZXNvdXJjZSI6Imh0dHBzOi8vY2FzLWJyaWRnZS54ZXRodWIuaGYuY28veGV0LWJyaWRnZS11cy82MjFmZmRkMjM2NDY4ZDcwOWYxODFlYTQvMDcyYzQ1OTRkMjRlYzJjYTgwZWQ2NDhlYTI5OTAyYTU4NjhkNzdhMDE2MTliMDA4ZGE0YTllZWUzODg5NmFhMSoifV19&Signature=KQIRZQYWTmGZHLTDWnNi5FncPw%7Edi9M5pjCY38bp9VjciM-a86urpaHXr0dINjp0CWoUSOT1f4JijU2SklJr2IdPDpPvpDb40DE2D9zopa5FBpYBnrQMXfI8M1CSVD7bSV4z0sZmNrQniWOrNmhm-YEvWhXfZh-bXxFiwmVQFGxqW5y5jzhghZoVx4F8u95pmjULMo5aIsQ5ruqsEI2mVuDHLzKCxY%7E9%7EbRtMK5c3kdRu0rZMaBVdlt7MT7JobgC6g3nR%7ELrg2Uv0malgyAunPsMcELmdpDBJheseJ7AuKVWDCoN2%7EZSaNjlQYuRA5NaPbXlxdWVGlEyW%7EXY4h9eKQ__&Key-Pair-Id=K2L8F4GPSG1IFC "HTTP/1.1 206 Partial Content"
[2026-02-15 11:58:54,830][huggingface_hub.utils._http][WARNING] - 'The read operation timed out' thrown while requesting GET https://huggingface.co/datasets/librispeech_asr/resolve/71cacbfb7e2354c4226d01e70d77d5fca3d04ba1/clean/validation/0000.parquet
[2026-02-15 11:58:54,830][huggingface_hub.utils._http][WARNING] - Retrying in 2s [Retry 2/5].
[2026-02-15 11:58:57,021][httpx][INFO] - HTTP Request: GET https://huggingface.co/datasets/librispeech_asr/resolve/71cacbfb7e2354c4226d01e70d77d5fca3d04ba1/clean/validation/0000.parquet "HTTP/1.1 307 Temporary Redirect"
[2026-02-15 11:58:57,150][httpx][INFO] - HTTP Request: GET https://huggingface.co/datasets/openslr/librispeech_asr/resolve/71cacbfb7e2354c4226d01e70d77d5fca3d04ba1/clean/validation/0000.parquet "HTTP/1.1 302 Found"
[2026-02-15 11:58:57,303][httpx][INFO] - HTTP Request: GET https://cas-bridge.xethub.hf.co/xet-bridge-us/621ffdd236468d709f181ea4/072c4594d24ec2ca80ed648ea29902a5868d77a01619b008da4a9eee38896aa1?X-Amz-Algorithm=AWS4-HMAC-SHA256&X-Amz-Content-Sha256=UNSIGNED-PAYLOAD&X-Amz-Credential=cas%2F20260215%2Fus-east-1%2Fs3%2Faws4_request&X-Amz-Date=20260215T115857Z&X-Amz-Expires=3600&X-Amz-Signature=cf2f29373b5c70b078df41a33d18607bfebccae586dce6140bab81373e17bb42&X-Amz-SignedHeaders=host&X-Xet-Cas-Uid=public&response-content-disposition=inline%3B+filename*%3DUTF-8%27%270000.parquet%3B+filename%3D%220000.parquet%22%3B&x-id=GetObject&Expires=1771160337&Policy=eyJTdGF0ZW1lbnQiOlt7IkNvbmRpdGlvbiI6eyJEYXRlTGVzc1RoYW4iOnsiQVdTOkVwb2NoVGltZSI6MTc3MTE2MDMzN319LCJSZXNvdXJjZSI6Imh0dHBzOi8vY2FzLWJyaWRnZS54ZXRodWIuaGYuY28veGV0LWJyaWRnZS11cy82MjFmZmRkMjM2NDY4ZDcwOWYxODFlYTQvMDcyYzQ1OTRkMjRlYzJjYTgwZWQ2NDhlYTI5OTAyYTU4NjhkNzdhMDE2MTliMDA4ZGE0YTllZWUzODg5NmFhMSoifV19&Signature=tiYBHpfiH9k3bjbZn02-m0TxHhBqyXmQsvD30wk4zQAixvnSOEgyzZ9ZHaufn8ntDA0bM1TMGF5uAHbcmbM-APfG4TGAuERjvBSJw0KypkOpNTlkg9TwpnDfNvQpCNvRnNQ%7EHF91tyez6Ajjex1dPV3NGmOfuXDxmJTJcieY5AV93iD0UoSt6gnFOU21nffi6kItz7pPaJvgb4IfTnStybKA3g92o2ijFoyO%7E6SAwJAC5-y9QOReh1lgEtztPCcqkqejwDmTzV05ZtCzKMCjQ9aaTys016r4aaSWrk2Nu5M-7nYl2XfF4aaOtAN3NAByiJSErr2xSnZ1lXi-CUVxWA__&Key-Pair-Id=K2L8F4GPSG1IFC "HTTP/1.1 206 Partial Content"
