[2026-02-15 16:22:21,545][httpx][INFO] - HTTP Request: HEAD https://huggingface.co/facebook/hubert-large-ls960-ft/resolve/main/processor_config.json "HTTP/1.1 404 Not Found"
[2026-02-15 16:22:21,722][httpx][INFO] - HTTP Request: HEAD https://huggingface.co/facebook/hubert-large-ls960-ft/resolve/main/preprocessor_config.json "HTTP/1.1 307 Temporary Redirect"
[2026-02-15 16:22:21,785][httpx][INFO] - HTTP Request: HEAD https://huggingface.co/api/resolve-cache/models/facebook/hubert-large-ls960-ft/ece5fabbf034c1073acae96d5401b25be96709d8/preprocessor_config.json "HTTP/1.1 200 OK"
[2026-02-15 16:22:21,962][httpx][INFO] - HTTP Request: HEAD https://huggingface.co/facebook/hubert-large-ls960-ft/resolve/main/processor_config.json "HTTP/1.1 404 Not Found"
[2026-02-15 16:22:22,135][httpx][INFO] - HTTP Request: HEAD https://huggingface.co/facebook/hubert-large-ls960-ft/resolve/main/preprocessor_config.json "HTTP/1.1 307 Temporary Redirect"
[2026-02-15 16:22:22,523][httpx][INFO] - HTTP Request: HEAD https://huggingface.co/api/resolve-cache/models/facebook/hubert-large-ls960-ft/ece5fabbf034c1073acae96d5401b25be96709d8/preprocessor_config.json "HTTP/1.1 200 OK"
[2026-02-15 16:22:22,702][httpx][INFO] - HTTP Request: HEAD https://huggingface.co/facebook/hubert-large-ls960-ft/resolve/main/tokenizer_config.json "HTTP/1.1 307 Temporary Redirect"
[2026-02-15 16:22:23,041][httpx][INFO] - HTTP Request: HEAD https://huggingface.co/api/resolve-cache/models/facebook/hubert-large-ls960-ft/ece5fabbf034c1073acae96d5401b25be96709d8/tokenizer_config.json "HTTP/1.1 200 OK"
[2026-02-15 16:22:23,218][httpx][INFO] - HTTP Request: HEAD https://huggingface.co/facebook/hubert-large-ls960-ft/resolve/main/config.json "HTTP/1.1 307 Temporary Redirect"
[2026-02-15 16:22:23,279][httpx][INFO] - HTTP Request: HEAD https://huggingface.co/api/resolve-cache/models/facebook/hubert-large-ls960-ft/ece5fabbf034c1073acae96d5401b25be96709d8/config.json "HTTP/1.1 200 OK"
[2026-02-15 16:22:23,469][httpx][INFO] - HTTP Request: GET https://huggingface.co/api/models/facebook/hubert-large-ls960-ft/tree/main/additional_chat_templates?recursive=false&expand=false "HTTP/1.1 404 Not Found"
[2026-02-15 16:22:23,648][httpx][INFO] - HTTP Request: HEAD https://huggingface.co/facebook/hubert-large-ls960-ft/resolve/main/processor_config.json "HTTP/1.1 404 Not Found"
[2026-02-15 16:22:23,828][httpx][INFO] - HTTP Request: HEAD https://huggingface.co/facebook/hubert-large-ls960-ft/resolve/main/chat_template.json "HTTP/1.1 404 Not Found"
[2026-02-15 16:22:24,005][httpx][INFO] - HTTP Request: HEAD https://huggingface.co/facebook/hubert-large-ls960-ft/resolve/main/chat_template.jinja "HTTP/1.1 404 Not Found"
[2026-02-15 16:22:24,189][httpx][INFO] - HTTP Request: HEAD https://huggingface.co/facebook/hubert-large-ls960-ft/resolve/main/audio_tokenizer_config.json "HTTP/1.1 404 Not Found"
[2026-02-15 16:22:24,639][httpx][INFO] - HTTP Request: HEAD https://huggingface.co/facebook/hubert-large-ls960-ft/resolve/main/processor_config.json "HTTP/1.1 404 Not Found"
[2026-02-15 16:22:24,818][httpx][INFO] - HTTP Request: HEAD https://huggingface.co/facebook/hubert-large-ls960-ft/resolve/main/preprocessor_config.json "HTTP/1.1 307 Temporary Redirect"
[2026-02-15 16:22:24,884][httpx][INFO] - HTTP Request: HEAD https://huggingface.co/api/resolve-cache/models/facebook/hubert-large-ls960-ft/ece5fabbf034c1073acae96d5401b25be96709d8/preprocessor_config.json "HTTP/1.1 200 OK"
[2026-02-15 16:22:25,430][httpx][INFO] - HTTP Request: HEAD https://huggingface.co/facebook/hubert-large-ls960-ft/resolve/main/processor_config.json "HTTP/1.1 404 Not Found"
[2026-02-15 16:22:25,611][httpx][INFO] - HTTP Request: HEAD https://huggingface.co/facebook/hubert-large-ls960-ft/resolve/main/preprocessor_config.json "HTTP/1.1 307 Temporary Redirect"
[2026-02-15 16:22:25,949][httpx][INFO] - HTTP Request: HEAD https://huggingface.co/api/resolve-cache/models/facebook/hubert-large-ls960-ft/ece5fabbf034c1073acae96d5401b25be96709d8/preprocessor_config.json "HTTP/1.1 200 OK"
[2026-02-15 16:22:28,039][httpx][INFO] - HTTP Request: HEAD https://huggingface.co/facebook/hubert-large-ls960-ft/resolve/main/config.json "HTTP/1.1 307 Temporary Redirect"
[2026-02-15 16:22:28,101][httpx][INFO] - HTTP Request: HEAD https://huggingface.co/api/resolve-cache/models/facebook/hubert-large-ls960-ft/ece5fabbf034c1073acae96d5401b25be96709d8/config.json "HTTP/1.1 200 OK"
[2026-02-15 16:22:28,546][httpx][INFO] - HTTP Request: HEAD https://huggingface.co/facebook/hubert-large-ls960-ft/resolve/main/tokenizer_config.json "HTTP/1.1 307 Temporary Redirect"
[2026-02-15 16:22:28,608][httpx][INFO] - HTTP Request: HEAD https://huggingface.co/api/resolve-cache/models/facebook/hubert-large-ls960-ft/ece5fabbf034c1073acae96d5401b25be96709d8/tokenizer_config.json "HTTP/1.1 200 OK"
[2026-02-15 16:22:28,790][httpx][INFO] - HTTP Request: GET https://huggingface.co/api/models/facebook/hubert-large-ls960-ft/tree/main/additional_chat_templates?recursive=false&expand=false "HTTP/1.1 404 Not Found"
[2026-02-15 16:22:28,973][httpx][INFO] - HTTP Request: GET https://huggingface.co/api/models/facebook/hubert-large-ls960-ft/tree/main?recursive=true&expand=false "HTTP/1.1 200 OK"
[2026-02-15 16:22:29,172][httpx][INFO] - HTTP Request: HEAD https://huggingface.co/facebook/hubert-large-ls960-ft/resolve/main/config.json "HTTP/1.1 307 Temporary Redirect"
[2026-02-15 16:22:29,172][huggingface_hub.utils._http][WARNING] - Warning: You are sending unauthenticated requests to the HF Hub. Please set a HF_TOKEN to enable higher rate limits and faster downloads.
[2026-02-15 16:22:29,244][httpx][INFO] - HTTP Request: HEAD https://huggingface.co/api/resolve-cache/models/facebook/hubert-large-ls960-ft/ece5fabbf034c1073acae96d5401b25be96709d8/config.json "HTTP/1.1 200 OK"
[2026-02-15 16:22:29,480][httpx][INFO] - HTTP Request: HEAD https://huggingface.co/facebook/hubert-large-ls960-ft/resolve/main/model.safetensors "HTTP/1.1 404 Not Found"
[2026-02-15 16:22:29,703][httpx][INFO] - HTTP Request: GET https://huggingface.co/api/models/facebook/hubert-large-ls960-ft "HTTP/1.1 200 OK"
[2026-02-15 16:22:29,910][httpx][INFO] - HTTP Request: GET https://huggingface.co/api/models/facebook/hubert-large-ls960-ft/commits/main "HTTP/1.1 200 OK"
[2026-02-15 16:22:30,385][httpx][INFO] - HTTP Request: GET https://huggingface.co/api/models/facebook/hubert-large-ls960-ft/discussions?p=0 "HTTP/1.1 200 OK"
[2026-02-15 16:22:30,608][httpx][INFO] - HTTP Request: GET https://huggingface.co/api/models/facebook/hubert-large-ls960-ft/commits/refs%2Fpr%2F4 "HTTP/1.1 200 OK"
[2026-02-15 16:22:30,657][httpx][INFO] - HTTP Request: HEAD https://huggingface.co/datasets/confit/nsynth-parquet/resolve/main/README.md "HTTP/1.1 307 Temporary Redirect"
[2026-02-15 16:22:30,666][httpx][INFO] - HTTP Request: HEAD https://huggingface.co/api/resolve-cache/datasets/confit/nsynth-parquet/af95599cce86feaf630f55b8d482cdcd816c9bd5/README.md "HTTP/1.1 200 OK"
[2026-02-15 16:22:30,816][httpx][INFO] - HTTP Request: HEAD https://huggingface.co/facebook/hubert-large-ls960-ft/resolve/refs%2Fpr%2F4/model.safetensors.index.json "HTTP/1.1 404 Not Found"
[2026-02-15 16:22:30,821][httpx][INFO] - HTTP Request: HEAD https://huggingface.co/datasets/confit/nsynth-parquet/resolve/af95599cce86feaf630f55b8d482cdcd816c9bd5/nsynth-parquet.py "HTTP/1.1 404 Not Found"
[2026-02-15 16:22:30,995][httpx][INFO] - HTTP Request: HEAD https://huggingface.co/facebook/hubert-large-ls960-ft/resolve/refs%2Fpr%2F4/model.safetensors "HTTP/1.1 302 Found"
[2026-02-15 16:22:31,250][httpx][INFO] - HTTP Request: HEAD https://s3.amazonaws.com/datasets.huggingface.co/datasets/datasets/confit/nsynth-parquet/confit/nsynth-parquet.py "HTTP/1.1 404 Not Found"
[2026-02-15 16:22:31,460][httpx][INFO] - HTTP Request: GET https://huggingface.co/api/datasets/confit/nsynth-parquet/revision/af95599cce86feaf630f55b8d482cdcd816c9bd5 "HTTP/1.1 200 OK"
[2026-02-15 16:22:31,641][httpx][INFO] - HTTP Request: HEAD https://huggingface.co/datasets/confit/nsynth-parquet/resolve/af95599cce86feaf630f55b8d482cdcd816c9bd5/.huggingface.yaml "HTTP/1.1 404 Not Found"
[2026-02-15 16:22:31,844][httpx][INFO] - HTTP Request: GET https://datasets-server.huggingface.co/info?dataset=confit/nsynth-parquet "HTTP/1.1 200 OK"
[2026-02-15 16:22:32,091][httpx][INFO] - HTTP Request: GET https://huggingface.co/api/datasets/confit/nsynth-parquet/tree/af95599cce86feaf630f55b8d482cdcd816c9bd5/instrument?recursive=true&expand=false "HTTP/1.1 200 OK"
[2026-02-15 16:22:32,370][httpx][INFO] - HTTP Request: GET https://huggingface.co/api/datasets/confit/nsynth-parquet/tree/af95599cce86feaf630f55b8d482cdcd816c9bd5?recursive=false&expand=false "HTTP/1.1 200 OK"
[2026-02-15 16:22:32,568][httpx][INFO] - HTTP Request: HEAD https://huggingface.co/datasets/confit/nsynth-parquet/resolve/af95599cce86feaf630f55b8d482cdcd816c9bd5/dataset_infos.json "HTTP/1.1 404 Not Found"
[2026-02-15 16:22:32,806][httpx][INFO] - HTTP Request: HEAD https://huggingface.co/datasets/confit/nsynth-parquet/resolve/af95599cce86feaf630f55b8d482cdcd816c9bd5/instrument/train-00000-of-00075.parquet "HTTP/1.1 302 Found"
[2026-02-15 16:22:34,071][httpx][INFO] - HTTP Request: GET https://huggingface.co/api/datasets/confit/nsynth-parquet/xet-read-token/af95599cce86feaf630f55b8d482cdcd816c9bd5 "HTTP/1.1 200 OK"
[2026-02-15 16:22:37,615][httpx][INFO] - HTTP Request: HEAD https://huggingface.co/datasets/confit/nsynth-parquet/resolve/af95599cce86feaf630f55b8d482cdcd816c9bd5/instrument/train-00001-of-00075.parquet "HTTP/1.1 302 Found"
[2026-02-15 16:22:40,981][httpx][INFO] - HTTP Request: HEAD https://huggingface.co/datasets/confit/nsynth-parquet/resolve/af95599cce86feaf630f55b8d482cdcd816c9bd5/instrument/train-00002-of-00075.parquet "HTTP/1.1 302 Found"
[2026-02-15 16:22:44,113][httpx][INFO] - HTTP Request: HEAD https://huggingface.co/datasets/confit/nsynth-parquet/resolve/af95599cce86feaf630f55b8d482cdcd816c9bd5/instrument/train-00003-of-00075.parquet "HTTP/1.1 302 Found"
[2026-02-15 16:22:47,434][httpx][INFO] - HTTP Request: HEAD https://huggingface.co/datasets/confit/nsynth-parquet/resolve/af95599cce86feaf630f55b8d482cdcd816c9bd5/instrument/train-00004-of-00075.parquet "HTTP/1.1 302 Found"
[2026-02-15 16:22:50,489][httpx][INFO] - HTTP Request: HEAD https://huggingface.co/datasets/confit/nsynth-parquet/resolve/af95599cce86feaf630f55b8d482cdcd816c9bd5/instrument/train-00005-of-00075.parquet "HTTP/1.1 302 Found"
[2026-02-15 16:22:53,771][httpx][INFO] - HTTP Request: HEAD https://huggingface.co/datasets/confit/nsynth-parquet/resolve/af95599cce86feaf630f55b8d482cdcd816c9bd5/instrument/train-00006-of-00075.parquet "HTTP/1.1 302 Found"
[2026-02-15 16:22:57,654][httpx][INFO] - HTTP Request: HEAD https://huggingface.co/datasets/confit/nsynth-parquet/resolve/af95599cce86feaf630f55b8d482cdcd816c9bd5/instrument/train-00007-of-00075.parquet "HTTP/1.1 302 Found"
[2026-02-15 16:23:00,970][httpx][INFO] - HTTP Request: HEAD https://huggingface.co/datasets/confit/nsynth-parquet/resolve/af95599cce86feaf630f55b8d482cdcd816c9bd5/instrument/train-00008-of-00075.parquet "HTTP/1.1 302 Found"
[2026-02-15 16:23:04,449][httpx][INFO] - HTTP Request: HEAD https://huggingface.co/datasets/confit/nsynth-parquet/resolve/af95599cce86feaf630f55b8d482cdcd816c9bd5/instrument/train-00009-of-00075.parquet "HTTP/1.1 302 Found"
[2026-02-15 16:23:08,880][httpx][INFO] - HTTP Request: HEAD https://huggingface.co/datasets/confit/nsynth-parquet/resolve/af95599cce86feaf630f55b8d482cdcd816c9bd5/instrument/train-00010-of-00075.parquet "HTTP/1.1 302 Found"
[2026-02-15 16:23:13,105][httpx][INFO] - HTTP Request: HEAD https://huggingface.co/datasets/confit/nsynth-parquet/resolve/af95599cce86feaf630f55b8d482cdcd816c9bd5/instrument/train-00011-of-00075.parquet "HTTP/1.1 302 Found"
[2026-02-15 16:23:17,392][httpx][INFO] - HTTP Request: HEAD https://huggingface.co/datasets/confit/nsynth-parquet/resolve/af95599cce86feaf630f55b8d482cdcd816c9bd5/instrument/train-00012-of-00075.parquet "HTTP/1.1 302 Found"
[2026-02-15 16:23:20,482][httpx][INFO] - HTTP Request: HEAD https://huggingface.co/datasets/confit/nsynth-parquet/resolve/af95599cce86feaf630f55b8d482cdcd816c9bd5/instrument/train-00013-of-00075.parquet "HTTP/1.1 302 Found"
[2026-02-15 16:23:23,659][httpx][INFO] - HTTP Request: HEAD https://huggingface.co/datasets/confit/nsynth-parquet/resolve/af95599cce86feaf630f55b8d482cdcd816c9bd5/instrument/train-00014-of-00075.parquet "HTTP/1.1 302 Found"
[2026-02-15 16:23:27,174][httpx][INFO] - HTTP Request: HEAD https://huggingface.co/datasets/confit/nsynth-parquet/resolve/af95599cce86feaf630f55b8d482cdcd816c9bd5/instrument/train-00015-of-00075.parquet "HTTP/1.1 302 Found"
[2026-02-15 16:23:30,438][httpx][INFO] - HTTP Request: HEAD https://huggingface.co/datasets/confit/nsynth-parquet/resolve/af95599cce86feaf630f55b8d482cdcd816c9bd5/instrument/train-00016-of-00075.parquet "HTTP/1.1 302 Found"
[2026-02-15 16:23:33,717][httpx][INFO] - HTTP Request: HEAD https://huggingface.co/datasets/confit/nsynth-parquet/resolve/af95599cce86feaf630f55b8d482cdcd816c9bd5/instrument/train-00017-of-00075.parquet "HTTP/1.1 302 Found"
[2026-02-15 16:23:38,208][httpx][INFO] - HTTP Request: HEAD https://huggingface.co/datasets/confit/nsynth-parquet/resolve/af95599cce86feaf630f55b8d482cdcd816c9bd5/instrument/train-00018-of-00075.parquet "HTTP/1.1 302 Found"
[2026-02-15 16:23:42,246][httpx][INFO] - HTTP Request: HEAD https://huggingface.co/datasets/confit/nsynth-parquet/resolve/af95599cce86feaf630f55b8d482cdcd816c9bd5/instrument/train-00019-of-00075.parquet "HTTP/1.1 302 Found"
[2026-02-15 16:23:45,304][httpx][INFO] - HTTP Request: HEAD https://huggingface.co/datasets/confit/nsynth-parquet/resolve/af95599cce86feaf630f55b8d482cdcd816c9bd5/instrument/train-00020-of-00075.parquet "HTTP/1.1 302 Found"
[2026-02-15 16:23:48,555][httpx][INFO] - HTTP Request: HEAD https://huggingface.co/datasets/confit/nsynth-parquet/resolve/af95599cce86feaf630f55b8d482cdcd816c9bd5/instrument/train-00021-of-00075.parquet "HTTP/1.1 302 Found"
[2026-02-15 16:23:52,046][httpx][INFO] - HTTP Request: HEAD https://huggingface.co/datasets/confit/nsynth-parquet/resolve/af95599cce86feaf630f55b8d482cdcd816c9bd5/instrument/train-00022-of-00075.parquet "HTTP/1.1 302 Found"
[2026-02-15 16:23:55,541][httpx][INFO] - HTTP Request: HEAD https://huggingface.co/datasets/confit/nsynth-parquet/resolve/af95599cce86feaf630f55b8d482cdcd816c9bd5/instrument/train-00023-of-00075.parquet "HTTP/1.1 302 Found"
[2026-02-15 16:23:58,887][httpx][INFO] - HTTP Request: HEAD https://huggingface.co/datasets/confit/nsynth-parquet/resolve/af95599cce86feaf630f55b8d482cdcd816c9bd5/instrument/train-00024-of-00075.parquet "HTTP/1.1 302 Found"
[2026-02-15 16:24:02,045][httpx][INFO] - HTTP Request: HEAD https://huggingface.co/datasets/confit/nsynth-parquet/resolve/af95599cce86feaf630f55b8d482cdcd816c9bd5/instrument/train-00025-of-00075.parquet "HTTP/1.1 302 Found"
[2026-02-15 16:24:06,510][httpx][INFO] - HTTP Request: HEAD https://huggingface.co/datasets/confit/nsynth-parquet/resolve/af95599cce86feaf630f55b8d482cdcd816c9bd5/instrument/train-00026-of-00075.parquet "HTTP/1.1 302 Found"
[2026-02-15 16:24:10,107][httpx][INFO] - HTTP Request: HEAD https://huggingface.co/datasets/confit/nsynth-parquet/resolve/af95599cce86feaf630f55b8d482cdcd816c9bd5/instrument/train-00027-of-00075.parquet "HTTP/1.1 302 Found"
[2026-02-15 16:24:13,254][httpx][INFO] - HTTP Request: HEAD https://huggingface.co/datasets/confit/nsynth-parquet/resolve/af95599cce86feaf630f55b8d482cdcd816c9bd5/instrument/train-00028-of-00075.parquet "HTTP/1.1 302 Found"
[2026-02-15 16:24:17,630][httpx][INFO] - HTTP Request: HEAD https://huggingface.co/datasets/confit/nsynth-parquet/resolve/af95599cce86feaf630f55b8d482cdcd816c9bd5/instrument/train-00029-of-00075.parquet "HTTP/1.1 302 Found"
[2026-02-15 16:24:21,009][httpx][INFO] - HTTP Request: HEAD https://huggingface.co/datasets/confit/nsynth-parquet/resolve/af95599cce86feaf630f55b8d482cdcd816c9bd5/instrument/train-00030-of-00075.parquet "HTTP/1.1 302 Found"
[2026-02-15 16:24:24,410][httpx][INFO] - HTTP Request: HEAD https://huggingface.co/datasets/confit/nsynth-parquet/resolve/af95599cce86feaf630f55b8d482cdcd816c9bd5/instrument/train-00031-of-00075.parquet "HTTP/1.1 302 Found"
[2026-02-15 16:24:27,637][httpx][INFO] - HTTP Request: HEAD https://huggingface.co/datasets/confit/nsynth-parquet/resolve/af95599cce86feaf630f55b8d482cdcd816c9bd5/instrument/train-00032-of-00075.parquet "HTTP/1.1 302 Found"
[2026-02-15 16:24:31,028][httpx][INFO] - HTTP Request: HEAD https://huggingface.co/datasets/confit/nsynth-parquet/resolve/af95599cce86feaf630f55b8d482cdcd816c9bd5/instrument/train-00033-of-00075.parquet "HTTP/1.1 302 Found"
[2026-02-15 16:24:34,671][httpx][INFO] - HTTP Request: HEAD https://huggingface.co/datasets/confit/nsynth-parquet/resolve/af95599cce86feaf630f55b8d482cdcd816c9bd5/instrument/train-00034-of-00075.parquet "HTTP/1.1 302 Found"
[2026-02-15 16:24:37,910][httpx][INFO] - HTTP Request: HEAD https://huggingface.co/datasets/confit/nsynth-parquet/resolve/af95599cce86feaf630f55b8d482cdcd816c9bd5/instrument/train-00035-of-00075.parquet "HTTP/1.1 302 Found"
[2026-02-15 16:24:41,147][httpx][INFO] - HTTP Request: HEAD https://huggingface.co/datasets/confit/nsynth-parquet/resolve/af95599cce86feaf630f55b8d482cdcd816c9bd5/instrument/train-00036-of-00075.parquet "HTTP/1.1 302 Found"
[2026-02-15 16:24:44,173][httpx][INFO] - HTTP Request: HEAD https://huggingface.co/datasets/confit/nsynth-parquet/resolve/af95599cce86feaf630f55b8d482cdcd816c9bd5/instrument/train-00037-of-00075.parquet "HTTP/1.1 302 Found"
[2026-02-15 16:24:47,227][httpx][INFO] - HTTP Request: HEAD https://huggingface.co/datasets/confit/nsynth-parquet/resolve/af95599cce86feaf630f55b8d482cdcd816c9bd5/instrument/train-00038-of-00075.parquet "HTTP/1.1 302 Found"
[2026-02-15 16:24:50,595][httpx][INFO] - HTTP Request: HEAD https://huggingface.co/datasets/confit/nsynth-parquet/resolve/af95599cce86feaf630f55b8d482cdcd816c9bd5/instrument/train-00039-of-00075.parquet "HTTP/1.1 302 Found"
[2026-02-15 16:24:53,744][httpx][INFO] - HTTP Request: HEAD https://huggingface.co/datasets/confit/nsynth-parquet/resolve/af95599cce86feaf630f55b8d482cdcd816c9bd5/instrument/train-00040-of-00075.parquet "HTTP/1.1 302 Found"
[2026-02-15 16:24:56,930][httpx][INFO] - HTTP Request: HEAD https://huggingface.co/datasets/confit/nsynth-parquet/resolve/af95599cce86feaf630f55b8d482cdcd816c9bd5/instrument/train-00041-of-00075.parquet "HTTP/1.1 302 Found"
[2026-02-15 16:25:00,081][httpx][INFO] - HTTP Request: HEAD https://huggingface.co/datasets/confit/nsynth-parquet/resolve/af95599cce86feaf630f55b8d482cdcd816c9bd5/instrument/train-00042-of-00075.parquet "HTTP/1.1 302 Found"
[2026-02-15 16:25:03,698][httpx][INFO] - HTTP Request: HEAD https://huggingface.co/datasets/confit/nsynth-parquet/resolve/af95599cce86feaf630f55b8d482cdcd816c9bd5/instrument/train-00043-of-00075.parquet "HTTP/1.1 302 Found"
[2026-02-15 16:25:06,791][httpx][INFO] - HTTP Request: HEAD https://huggingface.co/datasets/confit/nsynth-parquet/resolve/af95599cce86feaf630f55b8d482cdcd816c9bd5/instrument/train-00044-of-00075.parquet "HTTP/1.1 302 Found"
[2026-02-15 16:25:10,505][httpx][INFO] - HTTP Request: HEAD https://huggingface.co/datasets/confit/nsynth-parquet/resolve/af95599cce86feaf630f55b8d482cdcd816c9bd5/instrument/train-00045-of-00075.parquet "HTTP/1.1 302 Found"
[2026-02-15 16:25:13,830][httpx][INFO] - HTTP Request: HEAD https://huggingface.co/datasets/confit/nsynth-parquet/resolve/af95599cce86feaf630f55b8d482cdcd816c9bd5/instrument/train-00046-of-00075.parquet "HTTP/1.1 302 Found"
[2026-02-15 16:25:17,614][httpx][INFO] - HTTP Request: HEAD https://huggingface.co/datasets/confit/nsynth-parquet/resolve/af95599cce86feaf630f55b8d482cdcd816c9bd5/instrument/train-00047-of-00075.parquet "HTTP/1.1 302 Found"
[2026-02-15 16:25:20,767][httpx][INFO] - HTTP Request: HEAD https://huggingface.co/datasets/confit/nsynth-parquet/resolve/af95599cce86feaf630f55b8d482cdcd816c9bd5/instrument/train-00048-of-00075.parquet "HTTP/1.1 302 Found"
[2026-02-15 16:25:23,944][httpx][INFO] - HTTP Request: HEAD https://huggingface.co/datasets/confit/nsynth-parquet/resolve/af95599cce86feaf630f55b8d482cdcd816c9bd5/instrument/train-00049-of-00075.parquet "HTTP/1.1 302 Found"
[2026-02-15 16:25:27,587][httpx][INFO] - HTTP Request: HEAD https://huggingface.co/datasets/confit/nsynth-parquet/resolve/af95599cce86feaf630f55b8d482cdcd816c9bd5/instrument/train-00050-of-00075.parquet "HTTP/1.1 302 Found"
[2026-02-15 16:25:31,734][httpx][INFO] - HTTP Request: HEAD https://huggingface.co/datasets/confit/nsynth-parquet/resolve/af95599cce86feaf630f55b8d482cdcd816c9bd5/instrument/train-00051-of-00075.parquet "HTTP/1.1 302 Found"
[2026-02-15 16:25:34,774][httpx][INFO] - HTTP Request: HEAD https://huggingface.co/datasets/confit/nsynth-parquet/resolve/af95599cce86feaf630f55b8d482cdcd816c9bd5/instrument/train-00052-of-00075.parquet "HTTP/1.1 302 Found"
[2026-02-15 16:25:38,175][httpx][INFO] - HTTP Request: HEAD https://huggingface.co/datasets/confit/nsynth-parquet/resolve/af95599cce86feaf630f55b8d482cdcd816c9bd5/instrument/train-00053-of-00075.parquet "HTTP/1.1 302 Found"
[2026-02-15 16:25:41,373][httpx][INFO] - HTTP Request: HEAD https://huggingface.co/datasets/confit/nsynth-parquet/resolve/af95599cce86feaf630f55b8d482cdcd816c9bd5/instrument/train-00054-of-00075.parquet "HTTP/1.1 302 Found"
[2026-02-15 16:25:44,851][httpx][INFO] - HTTP Request: HEAD https://huggingface.co/datasets/confit/nsynth-parquet/resolve/af95599cce86feaf630f55b8d482cdcd816c9bd5/instrument/train-00055-of-00075.parquet "HTTP/1.1 302 Found"
[2026-02-15 16:25:48,229][httpx][INFO] - HTTP Request: HEAD https://huggingface.co/datasets/confit/nsynth-parquet/resolve/af95599cce86feaf630f55b8d482cdcd816c9bd5/instrument/train-00056-of-00075.parquet "HTTP/1.1 302 Found"
[2026-02-15 16:25:52,489][httpx][INFO] - HTTP Request: HEAD https://huggingface.co/datasets/confit/nsynth-parquet/resolve/af95599cce86feaf630f55b8d482cdcd816c9bd5/instrument/train-00057-of-00075.parquet "HTTP/1.1 302 Found"
[2026-02-15 16:25:55,705][httpx][INFO] - HTTP Request: HEAD https://huggingface.co/datasets/confit/nsynth-parquet/resolve/af95599cce86feaf630f55b8d482cdcd816c9bd5/instrument/train-00058-of-00075.parquet "HTTP/1.1 302 Found"
[2026-02-15 16:25:59,255][httpx][INFO] - HTTP Request: HEAD https://huggingface.co/datasets/confit/nsynth-parquet/resolve/af95599cce86feaf630f55b8d482cdcd816c9bd5/instrument/train-00059-of-00075.parquet "HTTP/1.1 302 Found"
[2026-02-15 16:26:02,303][httpx][INFO] - HTTP Request: HEAD https://huggingface.co/datasets/confit/nsynth-parquet/resolve/af95599cce86feaf630f55b8d482cdcd816c9bd5/instrument/train-00060-of-00075.parquet "HTTP/1.1 302 Found"
[2026-02-15 16:26:05,867][httpx][INFO] - HTTP Request: HEAD https://huggingface.co/datasets/confit/nsynth-parquet/resolve/af95599cce86feaf630f55b8d482cdcd816c9bd5/instrument/train-00061-of-00075.parquet "HTTP/1.1 302 Found"
[2026-02-15 16:26:08,959][httpx][INFO] - HTTP Request: HEAD https://huggingface.co/datasets/confit/nsynth-parquet/resolve/af95599cce86feaf630f55b8d482cdcd816c9bd5/instrument/train-00062-of-00075.parquet "HTTP/1.1 302 Found"
[2026-02-15 16:26:12,040][httpx][INFO] - HTTP Request: HEAD https://huggingface.co/datasets/confit/nsynth-parquet/resolve/af95599cce86feaf630f55b8d482cdcd816c9bd5/instrument/train-00063-of-00075.parquet "HTTP/1.1 302 Found"
[2026-02-15 16:26:15,443][httpx][INFO] - HTTP Request: HEAD https://huggingface.co/datasets/confit/nsynth-parquet/resolve/af95599cce86feaf630f55b8d482cdcd816c9bd5/instrument/train-00064-of-00075.parquet "HTTP/1.1 302 Found"
[2026-02-15 16:26:19,048][httpx][INFO] - HTTP Request: HEAD https://huggingface.co/datasets/confit/nsynth-parquet/resolve/af95599cce86feaf630f55b8d482cdcd816c9bd5/instrument/train-00065-of-00075.parquet "HTTP/1.1 302 Found"
[2026-02-15 16:26:22,677][httpx][INFO] - HTTP Request: HEAD https://huggingface.co/datasets/confit/nsynth-parquet/resolve/af95599cce86feaf630f55b8d482cdcd816c9bd5/instrument/train-00066-of-00075.parquet "HTTP/1.1 302 Found"
[2026-02-15 16:26:26,853][httpx][INFO] - HTTP Request: HEAD https://huggingface.co/datasets/confit/nsynth-parquet/resolve/af95599cce86feaf630f55b8d482cdcd816c9bd5/instrument/train-00067-of-00075.parquet "HTTP/1.1 302 Found"
[2026-02-15 16:26:29,895][httpx][INFO] - HTTP Request: HEAD https://huggingface.co/datasets/confit/nsynth-parquet/resolve/af95599cce86feaf630f55b8d482cdcd816c9bd5/instrument/train-00068-of-00075.parquet "HTTP/1.1 302 Found"
[2026-02-15 16:26:33,354][httpx][INFO] - HTTP Request: HEAD https://huggingface.co/datasets/confit/nsynth-parquet/resolve/af95599cce86feaf630f55b8d482cdcd816c9bd5/instrument/train-00069-of-00075.parquet "HTTP/1.1 302 Found"
[2026-02-15 16:26:36,556][httpx][INFO] - HTTP Request: HEAD https://huggingface.co/datasets/confit/nsynth-parquet/resolve/af95599cce86feaf630f55b8d482cdcd816c9bd5/instrument/train-00070-of-00075.parquet "HTTP/1.1 302 Found"
[2026-02-15 16:26:39,857][httpx][INFO] - HTTP Request: HEAD https://huggingface.co/datasets/confit/nsynth-parquet/resolve/af95599cce86feaf630f55b8d482cdcd816c9bd5/instrument/train-00071-of-00075.parquet "HTTP/1.1 302 Found"
[2026-02-15 16:26:43,150][httpx][INFO] - HTTP Request: HEAD https://huggingface.co/datasets/confit/nsynth-parquet/resolve/af95599cce86feaf630f55b8d482cdcd816c9bd5/instrument/train-00072-of-00075.parquet "HTTP/1.1 302 Found"
[2026-02-15 16:26:46,575][httpx][INFO] - HTTP Request: HEAD https://huggingface.co/datasets/confit/nsynth-parquet/resolve/af95599cce86feaf630f55b8d482cdcd816c9bd5/instrument/train-00073-of-00075.parquet "HTTP/1.1 302 Found"
[2026-02-15 16:26:50,050][httpx][INFO] - HTTP Request: HEAD https://huggingface.co/datasets/confit/nsynth-parquet/resolve/af95599cce86feaf630f55b8d482cdcd816c9bd5/instrument/train-00074-of-00075.parquet "HTTP/1.1 302 Found"
[2026-02-15 16:26:53,145][httpx][INFO] - HTTP Request: HEAD https://huggingface.co/datasets/confit/nsynth-parquet/resolve/af95599cce86feaf630f55b8d482cdcd816c9bd5/instrument/validation-00000-of-00004.parquet "HTTP/1.1 302 Found"
[2026-02-15 16:26:56,214][httpx][INFO] - HTTP Request: HEAD https://huggingface.co/datasets/confit/nsynth-parquet/resolve/af95599cce86feaf630f55b8d482cdcd816c9bd5/instrument/validation-00001-of-00004.parquet "HTTP/1.1 302 Found"
[2026-02-15 16:26:59,797][httpx][INFO] - HTTP Request: HEAD https://huggingface.co/datasets/confit/nsynth-parquet/resolve/af95599cce86feaf630f55b8d482cdcd816c9bd5/instrument/validation-00002-of-00004.parquet "HTTP/1.1 302 Found"
[2026-02-15 16:27:03,410][httpx][INFO] - HTTP Request: HEAD https://huggingface.co/datasets/confit/nsynth-parquet/resolve/af95599cce86feaf630f55b8d482cdcd816c9bd5/instrument/validation-00003-of-00004.parquet "HTTP/1.1 302 Found"
[2026-02-15 16:27:06,547][httpx][INFO] - HTTP Request: HEAD https://huggingface.co/datasets/confit/nsynth-parquet/resolve/af95599cce86feaf630f55b8d482cdcd816c9bd5/instrument/test-00000-of-00002.parquet "HTTP/1.1 302 Found"
[2026-02-15 16:27:11,746][httpx][INFO] - HTTP Request: HEAD https://huggingface.co/datasets/confit/nsynth-parquet/resolve/af95599cce86feaf630f55b8d482cdcd816c9bd5/instrument/test-00001-of-00002.parquet "HTTP/1.1 302 Found"
