[2026-02-15 16:12:29,144][httpx][INFO] - HTTP Request: HEAD https://huggingface.co/facebook/hubert-large-ls960-ft/resolve/main/processor_config.json "HTTP/1.1 404 Not Found"
[2026-02-15 16:12:29,873][httpx][INFO] - HTTP Request: HEAD https://huggingface.co/facebook/hubert-large-ls960-ft/resolve/main/preprocessor_config.json "HTTP/1.1 307 Temporary Redirect"
[2026-02-15 16:12:29,939][httpx][INFO] - HTTP Request: HEAD https://huggingface.co/api/resolve-cache/models/facebook/hubert-large-ls960-ft/ece5fabbf034c1073acae96d5401b25be96709d8/preprocessor_config.json "HTTP/1.1 200 OK"
[2026-02-15 16:12:30,197][httpx][INFO] - HTTP Request: HEAD https://huggingface.co/facebook/hubert-large-ls960-ft/resolve/main/processor_config.json "HTTP/1.1 404 Not Found"
[2026-02-15 16:12:30,390][httpx][INFO] - HTTP Request: HEAD https://huggingface.co/facebook/hubert-large-ls960-ft/resolve/main/preprocessor_config.json "HTTP/1.1 307 Temporary Redirect"
[2026-02-15 16:12:30,484][httpx][INFO] - HTTP Request: HEAD https://huggingface.co/api/resolve-cache/models/facebook/hubert-large-ls960-ft/ece5fabbf034c1073acae96d5401b25be96709d8/preprocessor_config.json "HTTP/1.1 200 OK"
[2026-02-15 16:12:30,797][httpx][INFO] - HTTP Request: HEAD https://huggingface.co/facebook/hubert-large-ls960-ft/resolve/main/tokenizer_config.json "HTTP/1.1 307 Temporary Redirect"
[2026-02-15 16:12:31,158][httpx][INFO] - HTTP Request: HEAD https://huggingface.co/api/resolve-cache/models/facebook/hubert-large-ls960-ft/ece5fabbf034c1073acae96d5401b25be96709d8/tokenizer_config.json "HTTP/1.1 200 OK"
[2026-02-15 16:12:31,339][httpx][INFO] - HTTP Request: HEAD https://huggingface.co/facebook/hubert-large-ls960-ft/resolve/main/config.json "HTTP/1.1 307 Temporary Redirect"
[2026-02-15 16:12:31,410][httpx][INFO] - HTTP Request: HEAD https://huggingface.co/api/resolve-cache/models/facebook/hubert-large-ls960-ft/ece5fabbf034c1073acae96d5401b25be96709d8/config.json "HTTP/1.1 200 OK"
[2026-02-15 16:12:32,168][httpx][INFO] - HTTP Request: GET https://huggingface.co/api/models/facebook/hubert-large-ls960-ft/tree/main/additional_chat_templates?recursive=false&expand=false "HTTP/1.1 404 Not Found"
[2026-02-15 16:12:32,346][httpx][INFO] - HTTP Request: HEAD https://huggingface.co/facebook/hubert-large-ls960-ft/resolve/main/processor_config.json "HTTP/1.1 404 Not Found"
[2026-02-15 16:12:32,526][httpx][INFO] - HTTP Request: HEAD https://huggingface.co/facebook/hubert-large-ls960-ft/resolve/main/chat_template.json "HTTP/1.1 404 Not Found"
[2026-02-15 16:12:32,791][httpx][INFO] - HTTP Request: HEAD https://huggingface.co/facebook/hubert-large-ls960-ft/resolve/main/chat_template.jinja "HTTP/1.1 404 Not Found"
[2026-02-15 16:12:32,999][httpx][INFO] - HTTP Request: HEAD https://huggingface.co/facebook/hubert-large-ls960-ft/resolve/main/audio_tokenizer_config.json "HTTP/1.1 404 Not Found"
[2026-02-15 16:12:33,182][httpx][INFO] - HTTP Request: HEAD https://huggingface.co/facebook/hubert-large-ls960-ft/resolve/main/processor_config.json "HTTP/1.1 404 Not Found"
[2026-02-15 16:12:33,370][httpx][INFO] - HTTP Request: HEAD https://huggingface.co/facebook/hubert-large-ls960-ft/resolve/main/preprocessor_config.json "HTTP/1.1 307 Temporary Redirect"
[2026-02-15 16:12:33,437][httpx][INFO] - HTTP Request: HEAD https://huggingface.co/api/resolve-cache/models/facebook/hubert-large-ls960-ft/ece5fabbf034c1073acae96d5401b25be96709d8/preprocessor_config.json "HTTP/1.1 200 OK"
[2026-02-15 16:12:33,639][httpx][INFO] - HTTP Request: HEAD https://huggingface.co/facebook/hubert-large-ls960-ft/resolve/main/processor_config.json "HTTP/1.1 404 Not Found"
[2026-02-15 16:12:33,830][httpx][INFO] - HTTP Request: HEAD https://huggingface.co/facebook/hubert-large-ls960-ft/resolve/main/preprocessor_config.json "HTTP/1.1 307 Temporary Redirect"
[2026-02-15 16:12:33,894][httpx][INFO] - HTTP Request: HEAD https://huggingface.co/api/resolve-cache/models/facebook/hubert-large-ls960-ft/ece5fabbf034c1073acae96d5401b25be96709d8/preprocessor_config.json "HTTP/1.1 200 OK"
[2026-02-15 16:12:34,077][httpx][INFO] - HTTP Request: HEAD https://huggingface.co/facebook/hubert-large-ls960-ft/resolve/main/config.json "HTTP/1.1 307 Temporary Redirect"
[2026-02-15 16:12:34,418][httpx][INFO] - HTTP Request: HEAD https://huggingface.co/api/resolve-cache/models/facebook/hubert-large-ls960-ft/ece5fabbf034c1073acae96d5401b25be96709d8/config.json "HTTP/1.1 200 OK"
[2026-02-15 16:12:34,874][httpx][INFO] - HTTP Request: HEAD https://huggingface.co/facebook/hubert-large-ls960-ft/resolve/main/tokenizer_config.json "HTTP/1.1 307 Temporary Redirect"
[2026-02-15 16:12:34,937][httpx][INFO] - HTTP Request: HEAD https://huggingface.co/api/resolve-cache/models/facebook/hubert-large-ls960-ft/ece5fabbf034c1073acae96d5401b25be96709d8/tokenizer_config.json "HTTP/1.1 200 OK"
[2026-02-15 16:12:35,399][httpx][INFO] - HTTP Request: GET https://huggingface.co/api/models/facebook/hubert-large-ls960-ft/tree/main/additional_chat_templates?recursive=false&expand=false "HTTP/1.1 404 Not Found"
[2026-02-15 16:12:35,581][httpx][INFO] - HTTP Request: GET https://huggingface.co/api/models/facebook/hubert-large-ls960-ft/tree/main?recursive=true&expand=false "HTTP/1.1 200 OK"
[2026-02-15 16:12:35,759][httpx][INFO] - HTTP Request: HEAD https://huggingface.co/facebook/hubert-large-ls960-ft/resolve/main/config.json "HTTP/1.1 307 Temporary Redirect"
[2026-02-15 16:12:35,827][httpx][INFO] - HTTP Request: HEAD https://huggingface.co/api/resolve-cache/models/facebook/hubert-large-ls960-ft/ece5fabbf034c1073acae96d5401b25be96709d8/config.json "HTTP/1.1 200 OK"
[2026-02-15 16:12:36,356][httpx][INFO] - HTTP Request: HEAD https://huggingface.co/facebook/hubert-large-ls960-ft/resolve/main/model.safetensors "HTTP/1.1 404 Not Found"
[2026-02-15 16:12:36,570][httpx][INFO] - HTTP Request: GET https://huggingface.co/api/models/facebook/hubert-large-ls960-ft "HTTP/1.1 200 OK"
[2026-02-15 16:12:37,051][httpx][INFO] - HTTP Request: GET https://huggingface.co/api/models/facebook/hubert-large-ls960-ft/commits/main "HTTP/1.1 200 OK"
[2026-02-15 16:12:37,308][httpx][INFO] - HTTP Request: GET https://huggingface.co/api/models/facebook/hubert-large-ls960-ft/discussions?p=0 "HTTP/1.1 200 OK"
[2026-02-15 16:12:37,497][httpx][INFO] - HTTP Request: HEAD https://huggingface.co/datasets/jg583/NSynth/resolve/main/README.md "HTTP/1.1 307 Temporary Redirect"
[2026-02-15 16:12:37,623][httpx][INFO] - HTTP Request: HEAD https://huggingface.co/api/resolve-cache/datasets/jg583/NSynth/5ba57c8114d9d4d7cf076c4cb3c8f508f105fca8/README.md "HTTP/1.1 200 OK"
[2026-02-15 16:12:37,754][httpx][INFO] - HTTP Request: GET https://huggingface.co/api/resolve-cache/datasets/jg583/NSynth/5ba57c8114d9d4d7cf076c4cb3c8f508f105fca8/README.md "HTTP/1.1 200 OK"
[2026-02-15 16:12:37,782][httpx][INFO] - HTTP Request: GET https://huggingface.co/api/models/facebook/hubert-large-ls960-ft/commits/refs%2Fpr%2F4 "HTTP/1.1 200 OK"
[2026-02-15 16:12:37,892][httpx][INFO] - HTTP Request: HEAD https://huggingface.co/datasets/jg583/NSynth/resolve/5ba57c8114d9d4d7cf076c4cb3c8f508f105fca8/NSynth.py "HTTP/1.1 307 Temporary Redirect"
[2026-02-15 16:12:37,965][httpx][INFO] - HTTP Request: HEAD https://huggingface.co/facebook/hubert-large-ls960-ft/resolve/refs%2Fpr%2F4/model.safetensors.index.json "HTTP/1.1 404 Not Found"
[2026-02-15 16:12:38,016][httpx][INFO] - HTTP Request: HEAD https://huggingface.co/api/resolve-cache/datasets/jg583/NSynth/5ba57c8114d9d4d7cf076c4cb3c8f508f105fca8/NSynth.py "HTTP/1.1 200 OK"
[2026-02-15 16:12:38,145][httpx][INFO] - HTTP Request: GET https://huggingface.co/api/resolve-cache/datasets/jg583/NSynth/5ba57c8114d9d4d7cf076c4cb3c8f508f105fca8/NSynth.py "HTTP/1.1 200 OK"
[2026-02-15 16:12:38,153][httpx][INFO] - HTTP Request: HEAD https://huggingface.co/facebook/hubert-large-ls960-ft/resolve/refs%2Fpr%2F4/model.safetensors "HTTP/1.1 302 Found"
