[2026-02-15 12:00:46,006][httpx][INFO] - HTTP Request: GET https://huggingface.co/api/models/facebook/wav2vec2-base/tree/main/additional_chat_templates?recursive=false&expand=false "HTTP/1.1 404 Not Found"
[2026-02-15 12:00:46,135][httpx][INFO] - HTTP Request: HEAD https://huggingface.co/facebook/wav2vec2-base/resolve/main/processor_config.json "HTTP/1.1 404 Not Found"
[2026-02-15 12:00:46,405][httpx][INFO] - HTTP Request: HEAD https://huggingface.co/facebook/wav2vec2-base/resolve/main/chat_template.json "HTTP/1.1 404 Not Found"
[2026-02-15 12:00:46,541][httpx][INFO] - HTTP Request: HEAD https://huggingface.co/facebook/wav2vec2-base/resolve/main/chat_template.jinja "HTTP/1.1 404 Not Found"
[2026-02-15 12:00:46,675][httpx][INFO] - HTTP Request: HEAD https://huggingface.co/facebook/wav2vec2-base/resolve/main/audio_tokenizer_config.json "HTTP/1.1 404 Not Found"
[2026-02-15 12:00:46,805][httpx][INFO] - HTTP Request: HEAD https://huggingface.co/facebook/wav2vec2-base/resolve/main/processor_config.json "HTTP/1.1 404 Not Found"
[2026-02-15 12:00:46,933][httpx][INFO] - HTTP Request: HEAD https://huggingface.co/facebook/wav2vec2-base/resolve/main/preprocessor_config.json "HTTP/1.1 307 Temporary Redirect"
[2026-02-15 12:00:46,949][httpx][INFO] - HTTP Request: HEAD https://huggingface.co/api/resolve-cache/models/facebook/wav2vec2-base/0b5b8e868dd84f03fd87d01f9c4ff0f080fecfe8/preprocessor_config.json "HTTP/1.1 200 OK"
[2026-02-15 12:00:47,075][httpx][INFO] - HTTP Request: HEAD https://huggingface.co/facebook/wav2vec2-base/resolve/main/config.json "HTTP/1.1 307 Temporary Redirect"
[2026-02-15 12:00:47,087][httpx][INFO] - HTTP Request: HEAD https://huggingface.co/api/resolve-cache/models/facebook/wav2vec2-base/0b5b8e868dd84f03fd87d01f9c4ff0f080fecfe8/config.json "HTTP/1.1 200 OK"
[2026-02-15 12:00:47,223][httpx][INFO] - HTTP Request: HEAD https://huggingface.co/facebook/wav2vec2-base/resolve/main/processor_config.json "HTTP/1.1 404 Not Found"
[2026-02-15 12:00:47,355][httpx][INFO] - HTTP Request: HEAD https://huggingface.co/facebook/wav2vec2-base/resolve/main/preprocessor_config.json "HTTP/1.1 307 Temporary Redirect"
[2026-02-15 12:00:47,367][httpx][INFO] - HTTP Request: HEAD https://huggingface.co/api/resolve-cache/models/facebook/wav2vec2-base/0b5b8e868dd84f03fd87d01f9c4ff0f080fecfe8/preprocessor_config.json "HTTP/1.1 200 OK"
[2026-02-15 12:00:47,493][httpx][INFO] - HTTP Request: HEAD https://huggingface.co/facebook/wav2vec2-base/resolve/main/config.json "HTTP/1.1 307 Temporary Redirect"
[2026-02-15 12:00:47,506][httpx][INFO] - HTTP Request: HEAD https://huggingface.co/api/resolve-cache/models/facebook/wav2vec2-base/0b5b8e868dd84f03fd87d01f9c4ff0f080fecfe8/config.json "HTTP/1.1 200 OK"
[2026-02-15 12:00:47,638][httpx][INFO] - HTTP Request: HEAD https://huggingface.co/facebook/wav2vec2-base/resolve/main/tokenizer_config.json "HTTP/1.1 307 Temporary Redirect"
[2026-02-15 12:00:47,651][httpx][INFO] - HTTP Request: HEAD https://huggingface.co/api/resolve-cache/models/facebook/wav2vec2-base/0b5b8e868dd84f03fd87d01f9c4ff0f080fecfe8/tokenizer_config.json "HTTP/1.1 200 OK"
[2026-02-15 12:00:47,785][httpx][INFO] - HTTP Request: GET https://huggingface.co/api/models/facebook/wav2vec2-base/tree/main/additional_chat_templates?recursive=false&expand=false "HTTP/1.1 404 Not Found"
[2026-02-15 12:00:47,917][httpx][INFO] - HTTP Request: GET https://huggingface.co/api/models/facebook/wav2vec2-base/tree/main?recursive=true&expand=false "HTTP/1.1 200 OK"
[2026-02-15 12:00:48,056][httpx][INFO] - HTTP Request: HEAD https://huggingface.co/facebook/wav2vec2-base/resolve/main/config.json "HTTP/1.1 307 Temporary Redirect"
[2026-02-15 12:00:48,070][httpx][INFO] - HTTP Request: HEAD https://huggingface.co/api/resolve-cache/models/facebook/wav2vec2-base/0b5b8e868dd84f03fd87d01f9c4ff0f080fecfe8/config.json "HTTP/1.1 200 OK"
[2026-02-15 12:00:49,503][httpx][INFO] - HTTP Request: HEAD https://huggingface.co/datasets/librispeech_asr/resolve/main/README.md "HTTP/1.1 307 Temporary Redirect"
[2026-02-15 12:00:49,636][httpx][INFO] - HTTP Request: HEAD https://huggingface.co/datasets/openslr/librispeech_asr/resolve/main/README.md "HTTP/1.1 307 Temporary Redirect"
[2026-02-15 12:00:49,647][httpx][INFO] - HTTP Request: HEAD https://huggingface.co/api/resolve-cache/datasets/openslr/librispeech_asr/71cacbfb7e2354c4226d01e70d77d5fca3d04ba1/README.md "HTTP/1.1 200 OK"
[2026-02-15 12:00:49,776][httpx][INFO] - HTTP Request: HEAD https://huggingface.co/datasets/librispeech_asr/resolve/71cacbfb7e2354c4226d01e70d77d5fca3d04ba1/librispeech_asr.py "HTTP/1.1 307 Temporary Redirect"
[2026-02-15 12:00:49,927][httpx][INFO] - HTTP Request: HEAD https://huggingface.co/datasets/openslr/librispeech_asr/resolve/71cacbfb7e2354c4226d01e70d77d5fca3d04ba1/librispeech_asr.py "HTTP/1.1 404 Not Found"
[2026-02-15 12:00:49,927][huggingface_hub.utils._http][WARNING] - Warning: You are sending unauthenticated requests to the HF Hub. Please set a HF_TOKEN to enable higher rate limits and faster downloads.
[2026-02-15 12:00:50,350][httpx][INFO] - HTTP Request: HEAD https://s3.amazonaws.com/datasets.huggingface.co/datasets/datasets/librispeech_asr/librispeech_asr.py "HTTP/1.1 404 Not Found"
[2026-02-15 12:00:50,507][httpx][INFO] - HTTP Request: GET https://huggingface.co/api/datasets/librispeech_asr/revision/71cacbfb7e2354c4226d01e70d77d5fca3d04ba1 "HTTP/1.1 307 Temporary Redirect"
[2026-02-15 12:00:50,638][httpx][INFO] - HTTP Request: GET https://huggingface.co/api/datasets/openslr/librispeech_asr/revision/71cacbfb7e2354c4226d01e70d77d5fca3d04ba1 "HTTP/1.1 200 OK"
[2026-02-15 12:00:50,769][httpx][INFO] - HTTP Request: HEAD https://huggingface.co/datasets/librispeech_asr/resolve/71cacbfb7e2354c4226d01e70d77d5fca3d04ba1/.huggingface.yaml "HTTP/1.1 307 Temporary Redirect"
[2026-02-15 12:00:50,913][httpx][INFO] - HTTP Request: HEAD https://huggingface.co/datasets/openslr/librispeech_asr/resolve/71cacbfb7e2354c4226d01e70d77d5fca3d04ba1/.huggingface.yaml "HTTP/1.1 404 Not Found"
[2026-02-15 12:00:51,108][httpx][INFO] - HTTP Request: GET https://datasets-server.huggingface.co/info?dataset=librispeech_asr "HTTP/1.1 404 Not Found"
[2026-02-15 12:00:51,243][httpx][INFO] - HTTP Request: GET https://huggingface.co/api/datasets/librispeech_asr/tree/71cacbfb7e2354c4226d01e70d77d5fca3d04ba1/clean%2Ftest?recursive=true&expand=false "HTTP/1.1 307 Temporary Redirect"
[2026-02-15 12:00:51,386][httpx][INFO] - HTTP Request: GET https://huggingface.co/api/datasets/openslr/librispeech_asr/tree/71cacbfb7e2354c4226d01e70d77d5fca3d04ba1/clean%2Ftest?recursive=true&expand=false "HTTP/1.1 200 OK"
[2026-02-15 12:00:51,548][httpx][INFO] - HTTP Request: GET https://huggingface.co/api/datasets/librispeech_asr/tree/71cacbfb7e2354c4226d01e70d77d5fca3d04ba1/clean?recursive=false&expand=false "HTTP/1.1 307 Temporary Redirect"
[2026-02-15 12:00:51,744][httpx][INFO] - HTTP Request: GET https://huggingface.co/api/datasets/openslr/librispeech_asr/tree/71cacbfb7e2354c4226d01e70d77d5fca3d04ba1/clean?recursive=false&expand=false "HTTP/1.1 200 OK"
[2026-02-15 12:00:51,880][httpx][INFO] - HTTP Request: GET https://huggingface.co/api/datasets/librispeech_asr/tree/71cacbfb7e2354c4226d01e70d77d5fca3d04ba1/clean%2Ftrain.100?recursive=true&expand=false "HTTP/1.1 307 Temporary Redirect"
[2026-02-15 12:00:52,013][httpx][INFO] - HTTP Request: GET https://huggingface.co/api/datasets/openslr/librispeech_asr/tree/71cacbfb7e2354c4226d01e70d77d5fca3d04ba1/clean%2Ftrain.100?recursive=true&expand=false "HTTP/1.1 200 OK"
[2026-02-15 12:00:52,172][httpx][INFO] - HTTP Request: GET https://huggingface.co/api/datasets/librispeech_asr/tree/71cacbfb7e2354c4226d01e70d77d5fca3d04ba1/clean%2Ftrain.360?recursive=true&expand=false "HTTP/1.1 307 Temporary Redirect"
[2026-02-15 12:00:52,315][httpx][INFO] - HTTP Request: GET https://huggingface.co/api/datasets/openslr/librispeech_asr/tree/71cacbfb7e2354c4226d01e70d77d5fca3d04ba1/clean%2Ftrain.360?recursive=true&expand=false "HTTP/1.1 200 OK"
[2026-02-15 12:00:52,455][httpx][INFO] - HTTP Request: GET https://huggingface.co/api/datasets/librispeech_asr/tree/71cacbfb7e2354c4226d01e70d77d5fca3d04ba1/clean%2Fvalidation?recursive=true&expand=false "HTTP/1.1 307 Temporary Redirect"
[2026-02-15 12:00:52,593][httpx][INFO] - HTTP Request: GET https://huggingface.co/api/datasets/openslr/librispeech_asr/tree/71cacbfb7e2354c4226d01e70d77d5fca3d04ba1/clean%2Fvalidation?recursive=true&expand=false "HTTP/1.1 200 OK"
[2026-02-15 12:00:52,726][httpx][INFO] - HTTP Request: HEAD https://huggingface.co/datasets/librispeech_asr/resolve/71cacbfb7e2354c4226d01e70d77d5fca3d04ba1/dataset_infos.json "HTTP/1.1 307 Temporary Redirect"
[2026-02-15 12:00:52,859][httpx][INFO] - HTTP Request: HEAD https://huggingface.co/datasets/openslr/librispeech_asr/resolve/71cacbfb7e2354c4226d01e70d77d5fca3d04ba1/dataset_infos.json "HTTP/1.1 404 Not Found"
[2026-02-15 12:00:53,073][httpx][INFO] - HTTP Request: HEAD https://huggingface.co/datasets/librispeech_asr/resolve/71cacbfb7e2354c4226d01e70d77d5fca3d04ba1/clean/test/0000.parquet "HTTP/1.1 307 Temporary Redirect"
[2026-02-15 12:00:53,240][httpx][INFO] - HTTP Request: HEAD https://huggingface.co/datasets/openslr/librispeech_asr/resolve/71cacbfb7e2354c4226d01e70d77d5fca3d04ba1/clean/test/0000.parquet "HTTP/1.1 302 Found"
[2026-02-15 12:00:53,378][httpx][INFO] - HTTP Request: GET https://huggingface.co/api/datasets/openslr/librispeech_asr/xet-read-token/71cacbfb7e2354c4226d01e70d77d5fca3d04ba1 "HTTP/1.1 200 OK"
[2026-02-15 12:00:56,600][httpx][INFO] - HTTP Request: HEAD https://huggingface.co/datasets/librispeech_asr/resolve/71cacbfb7e2354c4226d01e70d77d5fca3d04ba1/clean/train.100/0000.parquet "HTTP/1.1 307 Temporary Redirect"
[2026-02-15 12:00:56,731][httpx][INFO] - HTTP Request: HEAD https://huggingface.co/datasets/openslr/librispeech_asr/resolve/71cacbfb7e2354c4226d01e70d77d5fca3d04ba1/clean/train.100/0000.parquet "HTTP/1.1 302 Found"
[2026-02-15 12:00:59,505][httpx][INFO] - HTTP Request: HEAD https://huggingface.co/datasets/librispeech_asr/resolve/71cacbfb7e2354c4226d01e70d77d5fca3d04ba1/clean/train.100/0001.parquet "HTTP/1.1 307 Temporary Redirect"
[2026-02-15 12:00:59,644][httpx][INFO] - HTTP Request: HEAD https://huggingface.co/datasets/openslr/librispeech_asr/resolve/71cacbfb7e2354c4226d01e70d77d5fca3d04ba1/clean/train.100/0001.parquet "HTTP/1.1 302 Found"
[2026-02-15 12:01:02,937][httpx][INFO] - HTTP Request: HEAD https://huggingface.co/datasets/librispeech_asr/resolve/71cacbfb7e2354c4226d01e70d77d5fca3d04ba1/clean/train.100/0002.parquet "HTTP/1.1 307 Temporary Redirect"
[2026-02-15 12:01:03,079][httpx][INFO] - HTTP Request: HEAD https://huggingface.co/datasets/openslr/librispeech_asr/resolve/71cacbfb7e2354c4226d01e70d77d5fca3d04ba1/clean/train.100/0002.parquet "HTTP/1.1 302 Found"
[2026-02-15 12:01:06,390][httpx][INFO] - HTTP Request: HEAD https://huggingface.co/datasets/librispeech_asr/resolve/71cacbfb7e2354c4226d01e70d77d5fca3d04ba1/clean/train.100/0003.parquet "HTTP/1.1 307 Temporary Redirect"
[2026-02-15 12:01:06,528][httpx][INFO] - HTTP Request: HEAD https://huggingface.co/datasets/openslr/librispeech_asr/resolve/71cacbfb7e2354c4226d01e70d77d5fca3d04ba1/clean/train.100/0003.parquet "HTTP/1.1 302 Found"
[2026-02-15 12:01:15,736][httpx][INFO] - HTTP Request: HEAD https://huggingface.co/datasets/librispeech_asr/resolve/71cacbfb7e2354c4226d01e70d77d5fca3d04ba1/clean/train.100/0004.parquet "HTTP/1.1 307 Temporary Redirect"
[2026-02-15 12:01:15,869][httpx][INFO] - HTTP Request: HEAD https://huggingface.co/datasets/openslr/librispeech_asr/resolve/71cacbfb7e2354c4226d01e70d77d5fca3d04ba1/clean/train.100/0004.parquet "HTTP/1.1 302 Found"
[2026-02-15 12:01:18,849][httpx][INFO] - HTTP Request: HEAD https://huggingface.co/datasets/librispeech_asr/resolve/71cacbfb7e2354c4226d01e70d77d5fca3d04ba1/clean/train.100/0005.parquet "HTTP/1.1 307 Temporary Redirect"
[2026-02-15 12:01:18,983][httpx][INFO] - HTTP Request: HEAD https://huggingface.co/datasets/openslr/librispeech_asr/resolve/71cacbfb7e2354c4226d01e70d77d5fca3d04ba1/clean/train.100/0005.parquet "HTTP/1.1 302 Found"
[2026-02-15 12:01:21,615][httpx][INFO] - HTTP Request: HEAD https://huggingface.co/datasets/librispeech_asr/resolve/71cacbfb7e2354c4226d01e70d77d5fca3d04ba1/clean/train.100/0006.parquet "HTTP/1.1 307 Temporary Redirect"
[2026-02-15 12:01:21,759][httpx][INFO] - HTTP Request: HEAD https://huggingface.co/datasets/openslr/librispeech_asr/resolve/71cacbfb7e2354c4226d01e70d77d5fca3d04ba1/clean/train.100/0006.parquet "HTTP/1.1 302 Found"
[2026-02-15 12:01:24,706][httpx][INFO] - HTTP Request: HEAD https://huggingface.co/datasets/librispeech_asr/resolve/71cacbfb7e2354c4226d01e70d77d5fca3d04ba1/clean/train.100/0007.parquet "HTTP/1.1 307 Temporary Redirect"
[2026-02-15 12:01:24,839][httpx][INFO] - HTTP Request: HEAD https://huggingface.co/datasets/openslr/librispeech_asr/resolve/71cacbfb7e2354c4226d01e70d77d5fca3d04ba1/clean/train.100/0007.parquet "HTTP/1.1 302 Found"
[2026-02-15 12:01:26,923][httpx][INFO] - HTTP Request: HEAD https://huggingface.co/datasets/librispeech_asr/resolve/71cacbfb7e2354c4226d01e70d77d5fca3d04ba1/clean/train.100/0008.parquet "HTTP/1.1 307 Temporary Redirect"
[2026-02-15 12:01:27,052][httpx][INFO] - HTTP Request: HEAD https://huggingface.co/datasets/openslr/librispeech_asr/resolve/71cacbfb7e2354c4226d01e70d77d5fca3d04ba1/clean/train.100/0008.parquet "HTTP/1.1 302 Found"
[2026-02-15 12:01:29,979][httpx][INFO] - HTTP Request: HEAD https://huggingface.co/datasets/librispeech_asr/resolve/71cacbfb7e2354c4226d01e70d77d5fca3d04ba1/clean/train.100/0009.parquet "HTTP/1.1 307 Temporary Redirect"
[2026-02-15 12:01:30,117][httpx][INFO] - HTTP Request: HEAD https://huggingface.co/datasets/openslr/librispeech_asr/resolve/71cacbfb7e2354c4226d01e70d77d5fca3d04ba1/clean/train.100/0009.parquet "HTTP/1.1 302 Found"
[2026-02-15 12:01:32,261][httpx][INFO] - HTTP Request: HEAD https://huggingface.co/datasets/librispeech_asr/resolve/71cacbfb7e2354c4226d01e70d77d5fca3d04ba1/clean/train.100/0010.parquet "HTTP/1.1 307 Temporary Redirect"
[2026-02-15 12:01:32,399][httpx][INFO] - HTTP Request: HEAD https://huggingface.co/datasets/openslr/librispeech_asr/resolve/71cacbfb7e2354c4226d01e70d77d5fca3d04ba1/clean/train.100/0010.parquet "HTTP/1.1 302 Found"
[2026-02-15 12:01:35,281][httpx][INFO] - HTTP Request: HEAD https://huggingface.co/datasets/librispeech_asr/resolve/71cacbfb7e2354c4226d01e70d77d5fca3d04ba1/clean/train.100/0011.parquet "HTTP/1.1 307 Temporary Redirect"
[2026-02-15 12:01:35,436][httpx][INFO] - HTTP Request: HEAD https://huggingface.co/datasets/openslr/librispeech_asr/resolve/71cacbfb7e2354c4226d01e70d77d5fca3d04ba1/clean/train.100/0011.parquet "HTTP/1.1 302 Found"
[2026-02-15 12:01:38,355][httpx][INFO] - HTTP Request: HEAD https://huggingface.co/datasets/librispeech_asr/resolve/71cacbfb7e2354c4226d01e70d77d5fca3d04ba1/clean/train.100/0012.parquet "HTTP/1.1 307 Temporary Redirect"
[2026-02-15 12:01:38,492][httpx][INFO] - HTTP Request: HEAD https://huggingface.co/datasets/openslr/librispeech_asr/resolve/71cacbfb7e2354c4226d01e70d77d5fca3d04ba1/clean/train.100/0012.parquet "HTTP/1.1 302 Found"
[2026-02-15 12:01:41,237][httpx][INFO] - HTTP Request: HEAD https://huggingface.co/datasets/librispeech_asr/resolve/71cacbfb7e2354c4226d01e70d77d5fca3d04ba1/clean/train.100/0013.parquet "HTTP/1.1 307 Temporary Redirect"
[2026-02-15 12:01:41,382][httpx][INFO] - HTTP Request: HEAD https://huggingface.co/datasets/openslr/librispeech_asr/resolve/71cacbfb7e2354c4226d01e70d77d5fca3d04ba1/clean/train.100/0013.parquet "HTTP/1.1 302 Found"
[2026-02-15 12:01:44,261][httpx][INFO] - HTTP Request: HEAD https://huggingface.co/datasets/librispeech_asr/resolve/71cacbfb7e2354c4226d01e70d77d5fca3d04ba1/clean/train.360/0000.parquet "HTTP/1.1 307 Temporary Redirect"
[2026-02-15 12:01:44,395][httpx][INFO] - HTTP Request: HEAD https://huggingface.co/datasets/openslr/librispeech_asr/resolve/71cacbfb7e2354c4226d01e70d77d5fca3d04ba1/clean/train.360/0000.parquet "HTTP/1.1 302 Found"
[2026-02-15 12:01:47,450][httpx][INFO] - HTTP Request: HEAD https://huggingface.co/datasets/librispeech_asr/resolve/71cacbfb7e2354c4226d01e70d77d5fca3d04ba1/clean/train.360/0001.parquet "HTTP/1.1 307 Temporary Redirect"
[2026-02-15 12:01:47,585][httpx][INFO] - HTTP Request: HEAD https://huggingface.co/datasets/openslr/librispeech_asr/resolve/71cacbfb7e2354c4226d01e70d77d5fca3d04ba1/clean/train.360/0001.parquet "HTTP/1.1 302 Found"
[2026-02-15 12:01:50,598][httpx][INFO] - HTTP Request: HEAD https://huggingface.co/datasets/librispeech_asr/resolve/71cacbfb7e2354c4226d01e70d77d5fca3d04ba1/clean/train.360/0002.parquet "HTTP/1.1 307 Temporary Redirect"
[2026-02-15 12:01:50,736][httpx][INFO] - HTTP Request: HEAD https://huggingface.co/datasets/openslr/librispeech_asr/resolve/71cacbfb7e2354c4226d01e70d77d5fca3d04ba1/clean/train.360/0002.parquet "HTTP/1.1 302 Found"
[2026-02-15 12:01:53,906][httpx][INFO] - HTTP Request: HEAD https://huggingface.co/datasets/librispeech_asr/resolve/71cacbfb7e2354c4226d01e70d77d5fca3d04ba1/clean/train.360/0003.parquet "HTTP/1.1 307 Temporary Redirect"
[2026-02-15 12:01:54,040][httpx][INFO] - HTTP Request: HEAD https://huggingface.co/datasets/openslr/librispeech_asr/resolve/71cacbfb7e2354c4226d01e70d77d5fca3d04ba1/clean/train.360/0003.parquet "HTTP/1.1 302 Found"
[2026-02-15 12:01:57,071][httpx][INFO] - HTTP Request: HEAD https://huggingface.co/datasets/librispeech_asr/resolve/71cacbfb7e2354c4226d01e70d77d5fca3d04ba1/clean/train.360/0004.parquet "HTTP/1.1 307 Temporary Redirect"
[2026-02-15 12:01:57,203][httpx][INFO] - HTTP Request: HEAD https://huggingface.co/datasets/openslr/librispeech_asr/resolve/71cacbfb7e2354c4226d01e70d77d5fca3d04ba1/clean/train.360/0004.parquet "HTTP/1.1 302 Found"
[2026-02-15 12:01:59,695][httpx][INFO] - HTTP Request: HEAD https://huggingface.co/datasets/librispeech_asr/resolve/71cacbfb7e2354c4226d01e70d77d5fca3d04ba1/clean/train.360/0005.parquet "HTTP/1.1 307 Temporary Redirect"
[2026-02-15 12:01:59,829][httpx][INFO] - HTTP Request: HEAD https://huggingface.co/datasets/openslr/librispeech_asr/resolve/71cacbfb7e2354c4226d01e70d77d5fca3d04ba1/clean/train.360/0005.parquet "HTTP/1.1 302 Found"
[2026-02-15 12:02:02,764][httpx][INFO] - HTTP Request: HEAD https://huggingface.co/datasets/librispeech_asr/resolve/71cacbfb7e2354c4226d01e70d77d5fca3d04ba1/clean/train.360/0006.parquet "HTTP/1.1 307 Temporary Redirect"
[2026-02-15 12:02:02,899][httpx][INFO] - HTTP Request: HEAD https://huggingface.co/datasets/openslr/librispeech_asr/resolve/71cacbfb7e2354c4226d01e70d77d5fca3d04ba1/clean/train.360/0006.parquet "HTTP/1.1 302 Found"
[2026-02-15 12:02:06,125][httpx][INFO] - HTTP Request: HEAD https://huggingface.co/datasets/librispeech_asr/resolve/71cacbfb7e2354c4226d01e70d77d5fca3d04ba1/clean/train.360/0007.parquet "HTTP/1.1 307 Temporary Redirect"
[2026-02-15 12:02:06,259][httpx][INFO] - HTTP Request: HEAD https://huggingface.co/datasets/openslr/librispeech_asr/resolve/71cacbfb7e2354c4226d01e70d77d5fca3d04ba1/clean/train.360/0007.parquet "HTTP/1.1 302 Found"
[2026-02-15 12:02:09,156][httpx][INFO] - HTTP Request: HEAD https://huggingface.co/datasets/librispeech_asr/resolve/71cacbfb7e2354c4226d01e70d77d5fca3d04ba1/clean/train.360/0008.parquet "HTTP/1.1 307 Temporary Redirect"
[2026-02-15 12:02:09,297][httpx][INFO] - HTTP Request: HEAD https://huggingface.co/datasets/openslr/librispeech_asr/resolve/71cacbfb7e2354c4226d01e70d77d5fca3d04ba1/clean/train.360/0008.parquet "HTTP/1.1 302 Found"
[2026-02-15 12:02:12,206][httpx][INFO] - HTTP Request: HEAD https://huggingface.co/datasets/librispeech_asr/resolve/71cacbfb7e2354c4226d01e70d77d5fca3d04ba1/clean/train.360/0009.parquet "HTTP/1.1 307 Temporary Redirect"
[2026-02-15 12:02:12,371][httpx][INFO] - HTTP Request: HEAD https://huggingface.co/datasets/openslr/librispeech_asr/resolve/71cacbfb7e2354c4226d01e70d77d5fca3d04ba1/clean/train.360/0009.parquet "HTTP/1.1 302 Found"
[2026-02-15 12:02:15,275][httpx][INFO] - HTTP Request: HEAD https://huggingface.co/datasets/librispeech_asr/resolve/71cacbfb7e2354c4226d01e70d77d5fca3d04ba1/clean/train.360/0010.parquet "HTTP/1.1 307 Temporary Redirect"
[2026-02-15 12:02:15,408][httpx][INFO] - HTTP Request: HEAD https://huggingface.co/datasets/openslr/librispeech_asr/resolve/71cacbfb7e2354c4226d01e70d77d5fca3d04ba1/clean/train.360/0010.parquet "HTTP/1.1 302 Found"
[2026-02-15 12:02:18,316][httpx][INFO] - HTTP Request: HEAD https://huggingface.co/datasets/librispeech_asr/resolve/71cacbfb7e2354c4226d01e70d77d5fca3d04ba1/clean/train.360/0011.parquet "HTTP/1.1 307 Temporary Redirect"
[2026-02-15 12:02:18,453][httpx][INFO] - HTTP Request: HEAD https://huggingface.co/datasets/openslr/librispeech_asr/resolve/71cacbfb7e2354c4226d01e70d77d5fca3d04ba1/clean/train.360/0011.parquet "HTTP/1.1 302 Found"
[2026-02-15 12:02:21,398][httpx][INFO] - HTTP Request: HEAD https://huggingface.co/datasets/librispeech_asr/resolve/71cacbfb7e2354c4226d01e70d77d5fca3d04ba1/clean/train.360/0012.parquet "HTTP/1.1 307 Temporary Redirect"
[2026-02-15 12:02:21,555][httpx][INFO] - HTTP Request: HEAD https://huggingface.co/datasets/openslr/librispeech_asr/resolve/71cacbfb7e2354c4226d01e70d77d5fca3d04ba1/clean/train.360/0012.parquet "HTTP/1.1 302 Found"
[2026-02-15 12:02:24,462][httpx][INFO] - HTTP Request: HEAD https://huggingface.co/datasets/librispeech_asr/resolve/71cacbfb7e2354c4226d01e70d77d5fca3d04ba1/clean/train.360/0013.parquet "HTTP/1.1 307 Temporary Redirect"
[2026-02-15 12:02:24,594][httpx][INFO] - HTTP Request: HEAD https://huggingface.co/datasets/openslr/librispeech_asr/resolve/71cacbfb7e2354c4226d01e70d77d5fca3d04ba1/clean/train.360/0013.parquet "HTTP/1.1 302 Found"
[2026-02-15 12:02:27,580][httpx][INFO] - HTTP Request: HEAD https://huggingface.co/datasets/librispeech_asr/resolve/71cacbfb7e2354c4226d01e70d77d5fca3d04ba1/clean/train.360/0014.parquet "HTTP/1.1 307 Temporary Redirect"
[2026-02-15 12:02:27,769][httpx][INFO] - HTTP Request: HEAD https://huggingface.co/datasets/openslr/librispeech_asr/resolve/71cacbfb7e2354c4226d01e70d77d5fca3d04ba1/clean/train.360/0014.parquet "HTTP/1.1 302 Found"
[2026-02-15 12:02:30,779][httpx][INFO] - HTTP Request: HEAD https://huggingface.co/datasets/librispeech_asr/resolve/71cacbfb7e2354c4226d01e70d77d5fca3d04ba1/clean/train.360/0015.parquet "HTTP/1.1 307 Temporary Redirect"
[2026-02-15 12:02:30,919][httpx][INFO] - HTTP Request: HEAD https://huggingface.co/datasets/openslr/librispeech_asr/resolve/71cacbfb7e2354c4226d01e70d77d5fca3d04ba1/clean/train.360/0015.parquet "HTTP/1.1 302 Found"
[2026-02-15 12:02:33,907][httpx][INFO] - HTTP Request: HEAD https://huggingface.co/datasets/librispeech_asr/resolve/71cacbfb7e2354c4226d01e70d77d5fca3d04ba1/clean/train.360/0016.parquet "HTTP/1.1 307 Temporary Redirect"
[2026-02-15 12:02:34,041][httpx][INFO] - HTTP Request: HEAD https://huggingface.co/datasets/openslr/librispeech_asr/resolve/71cacbfb7e2354c4226d01e70d77d5fca3d04ba1/clean/train.360/0016.parquet "HTTP/1.1 302 Found"
[2026-02-15 12:02:36,913][httpx][INFO] - HTTP Request: HEAD https://huggingface.co/datasets/librispeech_asr/resolve/71cacbfb7e2354c4226d01e70d77d5fca3d04ba1/clean/train.360/0017.parquet "HTTP/1.1 307 Temporary Redirect"
[2026-02-15 12:02:37,046][httpx][INFO] - HTTP Request: HEAD https://huggingface.co/datasets/openslr/librispeech_asr/resolve/71cacbfb7e2354c4226d01e70d77d5fca3d04ba1/clean/train.360/0017.parquet "HTTP/1.1 302 Found"
[2026-02-15 12:02:39,335][httpx][INFO] - HTTP Request: HEAD https://huggingface.co/datasets/librispeech_asr/resolve/71cacbfb7e2354c4226d01e70d77d5fca3d04ba1/clean/train.360/0018.parquet "HTTP/1.1 307 Temporary Redirect"
[2026-02-15 12:02:39,469][httpx][INFO] - HTTP Request: HEAD https://huggingface.co/datasets/openslr/librispeech_asr/resolve/71cacbfb7e2354c4226d01e70d77d5fca3d04ba1/clean/train.360/0018.parquet "HTTP/1.1 302 Found"
[2026-02-15 12:02:42,382][httpx][INFO] - HTTP Request: HEAD https://huggingface.co/datasets/librispeech_asr/resolve/71cacbfb7e2354c4226d01e70d77d5fca3d04ba1/clean/train.360/0019.parquet "HTTP/1.1 307 Temporary Redirect"
[2026-02-15 12:02:42,525][httpx][INFO] - HTTP Request: HEAD https://huggingface.co/datasets/openslr/librispeech_asr/resolve/71cacbfb7e2354c4226d01e70d77d5fca3d04ba1/clean/train.360/0019.parquet "HTTP/1.1 302 Found"
[2026-02-15 12:02:50,404][httpx][INFO] - HTTP Request: HEAD https://huggingface.co/datasets/librispeech_asr/resolve/71cacbfb7e2354c4226d01e70d77d5fca3d04ba1/clean/train.360/0020.parquet "HTTP/1.1 307 Temporary Redirect"
[2026-02-15 12:02:50,580][httpx][INFO] - HTTP Request: HEAD https://huggingface.co/datasets/openslr/librispeech_asr/resolve/71cacbfb7e2354c4226d01e70d77d5fca3d04ba1/clean/train.360/0020.parquet "HTTP/1.1 302 Found"
[2026-02-15 12:02:54,069][httpx][INFO] - HTTP Request: HEAD https://huggingface.co/datasets/librispeech_asr/resolve/71cacbfb7e2354c4226d01e70d77d5fca3d04ba1/clean/train.360/0021.parquet "HTTP/1.1 307 Temporary Redirect"
[2026-02-15 12:02:54,259][httpx][INFO] - HTTP Request: HEAD https://huggingface.co/datasets/openslr/librispeech_asr/resolve/71cacbfb7e2354c4226d01e70d77d5fca3d04ba1/clean/train.360/0021.parquet "HTTP/1.1 302 Found"
[2026-02-15 12:02:57,128][httpx][INFO] - HTTP Request: HEAD https://huggingface.co/datasets/librispeech_asr/resolve/71cacbfb7e2354c4226d01e70d77d5fca3d04ba1/clean/train.360/0022.parquet "HTTP/1.1 307 Temporary Redirect"
[2026-02-15 12:02:57,305][httpx][INFO] - HTTP Request: HEAD https://huggingface.co/datasets/openslr/librispeech_asr/resolve/71cacbfb7e2354c4226d01e70d77d5fca3d04ba1/clean/train.360/0022.parquet "HTTP/1.1 302 Found"
[2026-02-15 12:03:00,481][httpx][INFO] - HTTP Request: HEAD https://huggingface.co/datasets/librispeech_asr/resolve/71cacbfb7e2354c4226d01e70d77d5fca3d04ba1/clean/train.360/0023.parquet "HTTP/1.1 307 Temporary Redirect"
[2026-02-15 12:03:00,683][httpx][INFO] - HTTP Request: HEAD https://huggingface.co/datasets/openslr/librispeech_asr/resolve/71cacbfb7e2354c4226d01e70d77d5fca3d04ba1/clean/train.360/0023.parquet "HTTP/1.1 302 Found"
[2026-02-15 12:03:06,075][httpx][INFO] - HTTP Request: HEAD https://huggingface.co/datasets/librispeech_asr/resolve/71cacbfb7e2354c4226d01e70d77d5fca3d04ba1/clean/train.360/0024.parquet "HTTP/1.1 307 Temporary Redirect"
[2026-02-15 12:03:06,214][httpx][INFO] - HTTP Request: HEAD https://huggingface.co/datasets/openslr/librispeech_asr/resolve/71cacbfb7e2354c4226d01e70d77d5fca3d04ba1/clean/train.360/0024.parquet "HTTP/1.1 302 Found"
[2026-02-15 12:03:09,295][httpx][INFO] - HTTP Request: HEAD https://huggingface.co/datasets/librispeech_asr/resolve/71cacbfb7e2354c4226d01e70d77d5fca3d04ba1/clean/train.360/0025.parquet "HTTP/1.1 307 Temporary Redirect"
[2026-02-15 12:03:09,427][httpx][INFO] - HTTP Request: HEAD https://huggingface.co/datasets/openslr/librispeech_asr/resolve/71cacbfb7e2354c4226d01e70d77d5fca3d04ba1/clean/train.360/0025.parquet "HTTP/1.1 302 Found"
[2026-02-15 12:03:12,398][httpx][INFO] - HTTP Request: HEAD https://huggingface.co/datasets/librispeech_asr/resolve/71cacbfb7e2354c4226d01e70d77d5fca3d04ba1/clean/train.360/0026.parquet "HTTP/1.1 307 Temporary Redirect"
[2026-02-15 12:03:12,538][httpx][INFO] - HTTP Request: HEAD https://huggingface.co/datasets/openslr/librispeech_asr/resolve/71cacbfb7e2354c4226d01e70d77d5fca3d04ba1/clean/train.360/0026.parquet "HTTP/1.1 302 Found"
[2026-02-15 12:03:15,432][httpx][INFO] - HTTP Request: HEAD https://huggingface.co/datasets/librispeech_asr/resolve/71cacbfb7e2354c4226d01e70d77d5fca3d04ba1/clean/train.360/0027.parquet "HTTP/1.1 307 Temporary Redirect"
[2026-02-15 12:03:15,590][httpx][INFO] - HTTP Request: HEAD https://huggingface.co/datasets/openslr/librispeech_asr/resolve/71cacbfb7e2354c4226d01e70d77d5fca3d04ba1/clean/train.360/0027.parquet "HTTP/1.1 302 Found"
[2026-02-15 12:03:18,558][httpx][INFO] - HTTP Request: HEAD https://huggingface.co/datasets/librispeech_asr/resolve/71cacbfb7e2354c4226d01e70d77d5fca3d04ba1/clean/train.360/0028.parquet "HTTP/1.1 307 Temporary Redirect"
[2026-02-15 12:03:18,724][httpx][INFO] - HTTP Request: HEAD https://huggingface.co/datasets/openslr/librispeech_asr/resolve/71cacbfb7e2354c4226d01e70d77d5fca3d04ba1/clean/train.360/0028.parquet "HTTP/1.1 302 Found"
[2026-02-15 12:03:21,848][httpx][INFO] - HTTP Request: HEAD https://huggingface.co/datasets/librispeech_asr/resolve/71cacbfb7e2354c4226d01e70d77d5fca3d04ba1/clean/train.360/0029.parquet "HTTP/1.1 307 Temporary Redirect"
[2026-02-15 12:03:21,994][httpx][INFO] - HTTP Request: HEAD https://huggingface.co/datasets/openslr/librispeech_asr/resolve/71cacbfb7e2354c4226d01e70d77d5fca3d04ba1/clean/train.360/0029.parquet "HTTP/1.1 302 Found"
[2026-02-15 12:03:24,972][httpx][INFO] - HTTP Request: HEAD https://huggingface.co/datasets/librispeech_asr/resolve/71cacbfb7e2354c4226d01e70d77d5fca3d04ba1/clean/train.360/0030.parquet "HTTP/1.1 307 Temporary Redirect"
[2026-02-15 12:03:25,109][httpx][INFO] - HTTP Request: HEAD https://huggingface.co/datasets/openslr/librispeech_asr/resolve/71cacbfb7e2354c4226d01e70d77d5fca3d04ba1/clean/train.360/0030.parquet "HTTP/1.1 302 Found"
[2026-02-15 12:03:27,184][httpx][INFO] - HTTP Request: HEAD https://huggingface.co/datasets/librispeech_asr/resolve/71cacbfb7e2354c4226d01e70d77d5fca3d04ba1/clean/train.360/0031.parquet "HTTP/1.1 307 Temporary Redirect"
[2026-02-15 12:03:27,315][httpx][INFO] - HTTP Request: HEAD https://huggingface.co/datasets/openslr/librispeech_asr/resolve/71cacbfb7e2354c4226d01e70d77d5fca3d04ba1/clean/train.360/0031.parquet "HTTP/1.1 302 Found"
[2026-02-15 12:03:30,156][httpx][INFO] - HTTP Request: HEAD https://huggingface.co/datasets/librispeech_asr/resolve/71cacbfb7e2354c4226d01e70d77d5fca3d04ba1/clean/train.360/0032.parquet "HTTP/1.1 307 Temporary Redirect"
[2026-02-15 12:03:30,289][httpx][INFO] - HTTP Request: HEAD https://huggingface.co/datasets/openslr/librispeech_asr/resolve/71cacbfb7e2354c4226d01e70d77d5fca3d04ba1/clean/train.360/0032.parquet "HTTP/1.1 302 Found"
[2026-02-15 12:03:33,224][httpx][INFO] - HTTP Request: HEAD https://huggingface.co/datasets/librispeech_asr/resolve/71cacbfb7e2354c4226d01e70d77d5fca3d04ba1/clean/train.360/0033.parquet "HTTP/1.1 307 Temporary Redirect"
[2026-02-15 12:03:33,356][httpx][INFO] - HTTP Request: HEAD https://huggingface.co/datasets/openslr/librispeech_asr/resolve/71cacbfb7e2354c4226d01e70d77d5fca3d04ba1/clean/train.360/0033.parquet "HTTP/1.1 302 Found"
[2026-02-15 12:03:36,334][httpx][INFO] - HTTP Request: HEAD https://huggingface.co/datasets/librispeech_asr/resolve/71cacbfb7e2354c4226d01e70d77d5fca3d04ba1/clean/train.360/0034.parquet "HTTP/1.1 307 Temporary Redirect"
[2026-02-15 12:03:36,466][httpx][INFO] - HTTP Request: HEAD https://huggingface.co/datasets/openslr/librispeech_asr/resolve/71cacbfb7e2354c4226d01e70d77d5fca3d04ba1/clean/train.360/0034.parquet "HTTP/1.1 302 Found"
[2026-02-15 12:03:39,361][httpx][INFO] - HTTP Request: HEAD https://huggingface.co/datasets/librispeech_asr/resolve/71cacbfb7e2354c4226d01e70d77d5fca3d04ba1/clean/train.360/0035.parquet "HTTP/1.1 307 Temporary Redirect"
[2026-02-15 12:03:39,508][httpx][INFO] - HTTP Request: HEAD https://huggingface.co/datasets/openslr/librispeech_asr/resolve/71cacbfb7e2354c4226d01e70d77d5fca3d04ba1/clean/train.360/0035.parquet "HTTP/1.1 302 Found"
[2026-02-15 12:03:42,653][httpx][INFO] - HTTP Request: HEAD https://huggingface.co/datasets/librispeech_asr/resolve/71cacbfb7e2354c4226d01e70d77d5fca3d04ba1/clean/train.360/0036.parquet "HTTP/1.1 307 Temporary Redirect"
[2026-02-15 12:03:42,807][httpx][INFO] - HTTP Request: HEAD https://huggingface.co/datasets/openslr/librispeech_asr/resolve/71cacbfb7e2354c4226d01e70d77d5fca3d04ba1/clean/train.360/0036.parquet "HTTP/1.1 302 Found"
[2026-02-15 12:03:45,736][httpx][INFO] - HTTP Request: HEAD https://huggingface.co/datasets/librispeech_asr/resolve/71cacbfb7e2354c4226d01e70d77d5fca3d04ba1/clean/train.360/0037.parquet "HTTP/1.1 307 Temporary Redirect"
[2026-02-15 12:03:45,876][httpx][INFO] - HTTP Request: HEAD https://huggingface.co/datasets/openslr/librispeech_asr/resolve/71cacbfb7e2354c4226d01e70d77d5fca3d04ba1/clean/train.360/0037.parquet "HTTP/1.1 302 Found"
[2026-02-15 12:03:48,690][httpx][INFO] - HTTP Request: HEAD https://huggingface.co/datasets/librispeech_asr/resolve/71cacbfb7e2354c4226d01e70d77d5fca3d04ba1/clean/train.360/0038.parquet "HTTP/1.1 307 Temporary Redirect"
[2026-02-15 12:03:48,822][httpx][INFO] - HTTP Request: HEAD https://huggingface.co/datasets/openslr/librispeech_asr/resolve/71cacbfb7e2354c4226d01e70d77d5fca3d04ba1/clean/train.360/0038.parquet "HTTP/1.1 302 Found"
[2026-02-15 12:03:51,716][httpx][INFO] - HTTP Request: HEAD https://huggingface.co/datasets/librispeech_asr/resolve/71cacbfb7e2354c4226d01e70d77d5fca3d04ba1/clean/train.360/0039.parquet "HTTP/1.1 307 Temporary Redirect"
[2026-02-15 12:03:51,847][httpx][INFO] - HTTP Request: HEAD https://huggingface.co/datasets/openslr/librispeech_asr/resolve/71cacbfb7e2354c4226d01e70d77d5fca3d04ba1/clean/train.360/0039.parquet "HTTP/1.1 302 Found"
[2026-02-15 12:03:54,792][httpx][INFO] - HTTP Request: HEAD https://huggingface.co/datasets/librispeech_asr/resolve/71cacbfb7e2354c4226d01e70d77d5fca3d04ba1/clean/train.360/0040.parquet "HTTP/1.1 307 Temporary Redirect"
[2026-02-15 12:03:54,933][httpx][INFO] - HTTP Request: HEAD https://huggingface.co/datasets/openslr/librispeech_asr/resolve/71cacbfb7e2354c4226d01e70d77d5fca3d04ba1/clean/train.360/0040.parquet "HTTP/1.1 302 Found"
[2026-02-15 12:03:57,802][httpx][INFO] - HTTP Request: HEAD https://huggingface.co/datasets/librispeech_asr/resolve/71cacbfb7e2354c4226d01e70d77d5fca3d04ba1/clean/train.360/0041.parquet "HTTP/1.1 307 Temporary Redirect"
[2026-02-15 12:03:57,941][httpx][INFO] - HTTP Request: HEAD https://huggingface.co/datasets/openslr/librispeech_asr/resolve/71cacbfb7e2354c4226d01e70d77d5fca3d04ba1/clean/train.360/0041.parquet "HTTP/1.1 302 Found"
[2026-02-15 12:04:00,872][httpx][INFO] - HTTP Request: HEAD https://huggingface.co/datasets/librispeech_asr/resolve/71cacbfb7e2354c4226d01e70d77d5fca3d04ba1/clean/train.360/0042.parquet "HTTP/1.1 307 Temporary Redirect"
[2026-02-15 12:04:01,004][httpx][INFO] - HTTP Request: HEAD https://huggingface.co/datasets/openslr/librispeech_asr/resolve/71cacbfb7e2354c4226d01e70d77d5fca3d04ba1/clean/train.360/0042.parquet "HTTP/1.1 302 Found"
[2026-02-15 12:04:04,111][httpx][INFO] - HTTP Request: HEAD https://huggingface.co/datasets/librispeech_asr/resolve/71cacbfb7e2354c4226d01e70d77d5fca3d04ba1/clean/train.360/0043.parquet "HTTP/1.1 307 Temporary Redirect"
[2026-02-15 12:04:04,254][httpx][INFO] - HTTP Request: HEAD https://huggingface.co/datasets/openslr/librispeech_asr/resolve/71cacbfb7e2354c4226d01e70d77d5fca3d04ba1/clean/train.360/0043.parquet "HTTP/1.1 302 Found"
[2026-02-15 12:04:07,787][httpx][INFO] - HTTP Request: HEAD https://huggingface.co/datasets/librispeech_asr/resolve/71cacbfb7e2354c4226d01e70d77d5fca3d04ba1/clean/train.360/0044.parquet "HTTP/1.1 307 Temporary Redirect"
[2026-02-15 12:04:07,916][httpx][INFO] - HTTP Request: HEAD https://huggingface.co/datasets/openslr/librispeech_asr/resolve/71cacbfb7e2354c4226d01e70d77d5fca3d04ba1/clean/train.360/0044.parquet "HTTP/1.1 302 Found"
[2026-02-15 12:04:10,946][httpx][INFO] - HTTP Request: HEAD https://huggingface.co/datasets/librispeech_asr/resolve/71cacbfb7e2354c4226d01e70d77d5fca3d04ba1/clean/train.360/0045.parquet "HTTP/1.1 307 Temporary Redirect"
[2026-02-15 12:04:11,080][httpx][INFO] - HTTP Request: HEAD https://huggingface.co/datasets/openslr/librispeech_asr/resolve/71cacbfb7e2354c4226d01e70d77d5fca3d04ba1/clean/train.360/0045.parquet "HTTP/1.1 302 Found"
[2026-02-15 12:04:14,085][httpx][INFO] - HTTP Request: HEAD https://huggingface.co/datasets/librispeech_asr/resolve/71cacbfb7e2354c4226d01e70d77d5fca3d04ba1/clean/train.360/0046.parquet "HTTP/1.1 307 Temporary Redirect"
[2026-02-15 12:04:14,218][httpx][INFO] - HTTP Request: HEAD https://huggingface.co/datasets/openslr/librispeech_asr/resolve/71cacbfb7e2354c4226d01e70d77d5fca3d04ba1/clean/train.360/0046.parquet "HTTP/1.1 302 Found"
[2026-02-15 12:04:17,094][httpx][INFO] - HTTP Request: HEAD https://huggingface.co/datasets/librispeech_asr/resolve/71cacbfb7e2354c4226d01e70d77d5fca3d04ba1/clean/train.360/0047.parquet "HTTP/1.1 307 Temporary Redirect"
[2026-02-15 12:04:17,230][httpx][INFO] - HTTP Request: HEAD https://huggingface.co/datasets/openslr/librispeech_asr/resolve/71cacbfb7e2354c4226d01e70d77d5fca3d04ba1/clean/train.360/0047.parquet "HTTP/1.1 302 Found"
[2026-02-15 12:04:20,182][httpx][INFO] - HTTP Request: HEAD https://huggingface.co/datasets/librispeech_asr/resolve/71cacbfb7e2354c4226d01e70d77d5fca3d04ba1/clean/validation/0000.parquet "HTTP/1.1 307 Temporary Redirect"
[2026-02-15 12:04:20,309][httpx][INFO] - HTTP Request: HEAD https://huggingface.co/datasets/openslr/librispeech_asr/resolve/71cacbfb7e2354c4226d01e70d77d5fca3d04ba1/clean/validation/0000.parquet "HTTP/1.1 302 Found"
