[2026-02-18 17:24:24,612][httpx][INFO] - HTTP Request: HEAD https://huggingface.co/facebook/wav2vec2-base/resolve/main/processor_config.json "HTTP/1.1 404 Not Found"
[2026-02-18 17:24:24,746][httpx][INFO] - HTTP Request: HEAD https://huggingface.co/facebook/wav2vec2-base/resolve/main/preprocessor_config.json "HTTP/1.1 307 Temporary Redirect"
[2026-02-18 17:24:24,763][httpx][INFO] - HTTP Request: HEAD https://huggingface.co/api/resolve-cache/models/facebook/wav2vec2-base/0b5b8e868dd84f03fd87d01f9c4ff0f080fecfe8/preprocessor_config.json "HTTP/1.1 200 OK"
[2026-02-18 17:24:24,790][httpx][INFO] - HTTP Request: GET https://huggingface.co/api/resolve-cache/models/facebook/wav2vec2-base/0b5b8e868dd84f03fd87d01f9c4ff0f080fecfe8/preprocessor_config.json "HTTP/1.1 200 OK"
[2026-02-18 17:24:24,922][httpx][INFO] - HTTP Request: HEAD https://huggingface.co/facebook/wav2vec2-base/resolve/main/config.json "HTTP/1.1 307 Temporary Redirect"
[2026-02-18 17:24:24,952][httpx][INFO] - HTTP Request: HEAD https://huggingface.co/api/resolve-cache/models/facebook/wav2vec2-base/0b5b8e868dd84f03fd87d01f9c4ff0f080fecfe8/config.json "HTTP/1.1 200 OK"
[2026-02-18 17:24:24,984][httpx][INFO] - HTTP Request: GET https://huggingface.co/api/resolve-cache/models/facebook/wav2vec2-base/0b5b8e868dd84f03fd87d01f9c4ff0f080fecfe8/config.json "HTTP/1.1 200 OK"
[2026-02-18 17:24:25,138][httpx][INFO] - HTTP Request: HEAD https://huggingface.co/facebook/wav2vec2-base/resolve/main/processor_config.json "HTTP/1.1 404 Not Found"
[2026-02-18 17:24:25,329][httpx][INFO] - HTTP Request: HEAD https://huggingface.co/facebook/wav2vec2-base/resolve/main/preprocessor_config.json "HTTP/1.1 307 Temporary Redirect"
[2026-02-18 17:24:25,343][httpx][INFO] - HTTP Request: HEAD https://huggingface.co/api/resolve-cache/models/facebook/wav2vec2-base/0b5b8e868dd84f03fd87d01f9c4ff0f080fecfe8/preprocessor_config.json "HTTP/1.1 200 OK"
[2026-02-18 17:24:25,474][httpx][INFO] - HTTP Request: HEAD https://huggingface.co/facebook/wav2vec2-base/resolve/main/config.json "HTTP/1.1 307 Temporary Redirect"
[2026-02-18 17:24:25,488][httpx][INFO] - HTTP Request: HEAD https://huggingface.co/api/resolve-cache/models/facebook/wav2vec2-base/0b5b8e868dd84f03fd87d01f9c4ff0f080fecfe8/config.json "HTTP/1.1 200 OK"
[2026-02-18 17:24:26,263][httpx][INFO] - HTTP Request: HEAD https://huggingface.co/facebook/wav2vec2-base/resolve/main/model.safetensors "HTTP/1.1 404 Not Found"
[2026-02-18 17:24:26,263][huggingface_hub.utils._http][WARNING] - Warning: You are sending unauthenticated requests to the HF Hub. Please set a HF_TOKEN to enable higher rate limits and faster downloads.
[2026-02-18 17:24:26,402][httpx][INFO] - HTTP Request: HEAD https://huggingface.co/facebook/wav2vec2-base/resolve/main/model.safetensors.index.json "HTTP/1.1 404 Not Found"
[2026-02-18 17:24:26,547][httpx][INFO] - HTTP Request: HEAD https://huggingface.co/facebook/wav2vec2-base/resolve/main/pytorch_model.bin "HTTP/1.1 302 Found"
[2026-02-18 17:24:26,863][httpx][INFO] - HTTP Request: GET https://huggingface.co/api/models/facebook/wav2vec2-base/xet-read-token/0b5b8e868dd84f03fd87d01f9c4ff0f080fecfe8 "HTTP/1.1 200 OK"
[2026-02-18 17:24:28,649][httpx][INFO] - HTTP Request: HEAD https://huggingface.co/facebook/wav2vec2-base/resolve/main/model.safetensors "HTTP/1.1 404 Not Found"
[2026-02-18 17:24:28,782][httpx][INFO] - HTTP Request: GET https://huggingface.co/api/models/facebook/wav2vec2-base "HTTP/1.1 200 OK"
[2026-02-18 17:24:28,963][httpx][INFO] - HTTP Request: GET https://huggingface.co/api/models/facebook/wav2vec2-base/commits/main "HTTP/1.1 200 OK"
[2026-02-18 17:24:29,112][httpx][INFO] - HTTP Request: GET https://huggingface.co/api/models/facebook/wav2vec2-base/discussions?p=0 "HTTP/1.1 200 OK"
[2026-02-18 17:24:29,256][httpx][INFO] - HTTP Request: GET https://huggingface.co/api/models/facebook/wav2vec2-base/commits/refs%2Fpr%2F11 "HTTP/1.1 200 OK"
[2026-02-18 17:24:29,397][httpx][INFO] - HTTP Request: HEAD https://huggingface.co/facebook/wav2vec2-base/resolve/refs%2Fpr%2F11/model.safetensors.index.json "HTTP/1.1 404 Not Found"
[2026-02-18 17:24:29,414][httpx][INFO] - HTTP Request: HEAD https://huggingface.co/datasets/librispeech_asr/resolve/main/README.md "HTTP/1.1 307 Temporary Redirect"
[2026-02-18 17:24:29,541][httpx][INFO] - HTTP Request: HEAD https://huggingface.co/facebook/wav2vec2-base/resolve/refs%2Fpr%2F11/model.safetensors "HTTP/1.1 302 Found"
[2026-02-18 17:24:29,543][httpx][INFO] - HTTP Request: HEAD https://huggingface.co/datasets/openslr/librispeech_asr/resolve/main/README.md "HTTP/1.1 307 Temporary Redirect"
[2026-02-18 17:24:29,565][httpx][INFO] - HTTP Request: HEAD https://huggingface.co/api/resolve-cache/datasets/openslr/librispeech_asr/71cacbfb7e2354c4226d01e70d77d5fca3d04ba1/README.md "HTTP/1.1 200 OK"
[2026-02-18 17:24:29,589][httpx][INFO] - HTTP Request: GET https://huggingface.co/api/resolve-cache/datasets/openslr/librispeech_asr/71cacbfb7e2354c4226d01e70d77d5fca3d04ba1/README.md "HTTP/1.1 200 OK"
[2026-02-18 17:24:29,678][httpx][INFO] - HTTP Request: GET https://huggingface.co/api/models/facebook/wav2vec2-base/xet-read-token/f30924bbbfbf6058e04aab549531ea55c74928d0 "HTTP/1.1 200 OK"
[2026-02-18 17:24:29,769][httpx][INFO] - HTTP Request: HEAD https://huggingface.co/datasets/librispeech_asr/resolve/71cacbfb7e2354c4226d01e70d77d5fca3d04ba1/librispeech_asr.py "HTTP/1.1 307 Temporary Redirect"
[2026-02-18 17:24:29,902][httpx][INFO] - HTTP Request: HEAD https://huggingface.co/datasets/openslr/librispeech_asr/resolve/71cacbfb7e2354c4226d01e70d77d5fca3d04ba1/librispeech_asr.py "HTTP/1.1 404 Not Found"
[2026-02-18 17:24:30,320][httpx][INFO] - HTTP Request: HEAD https://s3.amazonaws.com/datasets.huggingface.co/datasets/datasets/librispeech_asr/librispeech_asr.py "HTTP/1.1 404 Not Found"
[2026-02-18 17:24:30,472][httpx][INFO] - HTTP Request: GET https://huggingface.co/api/datasets/librispeech_asr/revision/71cacbfb7e2354c4226d01e70d77d5fca3d04ba1 "HTTP/1.1 307 Temporary Redirect"
[2026-02-18 17:24:30,607][httpx][INFO] - HTTP Request: GET https://huggingface.co/api/datasets/openslr/librispeech_asr/revision/71cacbfb7e2354c4226d01e70d77d5fca3d04ba1 "HTTP/1.1 200 OK"
[2026-02-18 17:24:30,743][httpx][INFO] - HTTP Request: HEAD https://huggingface.co/datasets/librispeech_asr/resolve/71cacbfb7e2354c4226d01e70d77d5fca3d04ba1/.huggingface.yaml "HTTP/1.1 307 Temporary Redirect"
[2026-02-18 17:24:30,874][httpx][INFO] - HTTP Request: HEAD https://huggingface.co/datasets/openslr/librispeech_asr/resolve/71cacbfb7e2354c4226d01e70d77d5fca3d04ba1/.huggingface.yaml "HTTP/1.1 404 Not Found"
[2026-02-18 17:24:31,190][httpx][INFO] - HTTP Request: GET https://datasets-server.huggingface.co/info?dataset=librispeech_asr "HTTP/1.1 404 Not Found"
[2026-02-18 17:24:31,322][httpx][INFO] - HTTP Request: GET https://huggingface.co/api/datasets/librispeech_asr/tree/71cacbfb7e2354c4226d01e70d77d5fca3d04ba1/clean%2Ftest?recursive=true&expand=false "HTTP/1.1 307 Temporary Redirect"
[2026-02-18 17:24:31,465][httpx][INFO] - HTTP Request: GET https://huggingface.co/api/datasets/openslr/librispeech_asr/tree/71cacbfb7e2354c4226d01e70d77d5fca3d04ba1/clean%2Ftest?recursive=true&expand=false "HTTP/1.1 200 OK"
[2026-02-18 17:24:31,596][httpx][INFO] - HTTP Request: GET https://huggingface.co/api/datasets/librispeech_asr/tree/71cacbfb7e2354c4226d01e70d77d5fca3d04ba1/clean?recursive=false&expand=false "HTTP/1.1 307 Temporary Redirect"
[2026-02-18 17:24:31,737][httpx][INFO] - HTTP Request: GET https://huggingface.co/api/datasets/openslr/librispeech_asr/tree/71cacbfb7e2354c4226d01e70d77d5fca3d04ba1/clean?recursive=false&expand=false "HTTP/1.1 200 OK"
[2026-02-18 17:24:31,878][httpx][INFO] - HTTP Request: GET https://huggingface.co/api/datasets/librispeech_asr/tree/71cacbfb7e2354c4226d01e70d77d5fca3d04ba1/clean%2Ftrain.100?recursive=true&expand=false "HTTP/1.1 307 Temporary Redirect"
[2026-02-18 17:24:32,010][httpx][INFO] - HTTP Request: GET https://huggingface.co/api/datasets/openslr/librispeech_asr/tree/71cacbfb7e2354c4226d01e70d77d5fca3d04ba1/clean%2Ftrain.100?recursive=true&expand=false "HTTP/1.1 200 OK"
[2026-02-18 17:24:32,143][httpx][INFO] - HTTP Request: GET https://huggingface.co/api/datasets/librispeech_asr/tree/71cacbfb7e2354c4226d01e70d77d5fca3d04ba1/clean%2Ftrain.360?recursive=true&expand=false "HTTP/1.1 307 Temporary Redirect"
[2026-02-18 17:24:32,282][httpx][INFO] - HTTP Request: GET https://huggingface.co/api/datasets/openslr/librispeech_asr/tree/71cacbfb7e2354c4226d01e70d77d5fca3d04ba1/clean%2Ftrain.360?recursive=true&expand=false "HTTP/1.1 200 OK"
[2026-02-18 17:24:32,423][httpx][INFO] - HTTP Request: GET https://huggingface.co/api/datasets/librispeech_asr/tree/71cacbfb7e2354c4226d01e70d77d5fca3d04ba1/clean%2Fvalidation?recursive=true&expand=false "HTTP/1.1 307 Temporary Redirect"
[2026-02-18 17:24:32,566][httpx][INFO] - HTTP Request: GET https://huggingface.co/api/datasets/openslr/librispeech_asr/tree/71cacbfb7e2354c4226d01e70d77d5fca3d04ba1/clean%2Fvalidation?recursive=true&expand=false "HTTP/1.1 200 OK"
[2026-02-18 17:24:32,702][httpx][INFO] - HTTP Request: HEAD https://huggingface.co/datasets/librispeech_asr/resolve/71cacbfb7e2354c4226d01e70d77d5fca3d04ba1/dataset_infos.json "HTTP/1.1 307 Temporary Redirect"
[2026-02-18 17:24:32,864][httpx][INFO] - HTTP Request: HEAD https://huggingface.co/datasets/openslr/librispeech_asr/resolve/71cacbfb7e2354c4226d01e70d77d5fca3d04ba1/dataset_infos.json "HTTP/1.1 404 Not Found"
[2026-02-18 17:24:33,034][httpx][INFO] - HTTP Request: HEAD https://huggingface.co/datasets/librispeech_asr/resolve/71cacbfb7e2354c4226d01e70d77d5fca3d04ba1/clean/test/0000.parquet "HTTP/1.1 307 Temporary Redirect"
[2026-02-18 17:24:33,184][httpx][INFO] - HTTP Request: HEAD https://huggingface.co/datasets/openslr/librispeech_asr/resolve/71cacbfb7e2354c4226d01e70d77d5fca3d04ba1/clean/test/0000.parquet "HTTP/1.1 302 Found"
[2026-02-18 17:24:33,321][httpx][INFO] - HTTP Request: GET https://huggingface.co/api/datasets/openslr/librispeech_asr/xet-read-token/71cacbfb7e2354c4226d01e70d77d5fca3d04ba1 "HTTP/1.1 200 OK"
[2026-02-18 17:24:36,581][httpx][INFO] - HTTP Request: HEAD https://huggingface.co/datasets/librispeech_asr/resolve/71cacbfb7e2354c4226d01e70d77d5fca3d04ba1/clean/train.100/0000.parquet "HTTP/1.1 307 Temporary Redirect"
[2026-02-18 17:24:36,711][httpx][INFO] - HTTP Request: HEAD https://huggingface.co/datasets/openslr/librispeech_asr/resolve/71cacbfb7e2354c4226d01e70d77d5fca3d04ba1/clean/train.100/0000.parquet "HTTP/1.1 302 Found"
[2026-02-18 17:24:38,156][httpx][INFO] - HTTP Request: HEAD https://huggingface.co/datasets/librispeech_asr/resolve/71cacbfb7e2354c4226d01e70d77d5fca3d04ba1/clean/train.100/0001.parquet "HTTP/1.1 307 Temporary Redirect"
[2026-02-18 17:24:38,288][httpx][INFO] - HTTP Request: HEAD https://huggingface.co/datasets/openslr/librispeech_asr/resolve/71cacbfb7e2354c4226d01e70d77d5fca3d04ba1/clean/train.100/0001.parquet "HTTP/1.1 302 Found"
[2026-02-18 17:24:41,217][httpx][INFO] - HTTP Request: HEAD https://huggingface.co/datasets/librispeech_asr/resolve/71cacbfb7e2354c4226d01e70d77d5fca3d04ba1/clean/train.100/0002.parquet "HTTP/1.1 307 Temporary Redirect"
[2026-02-18 17:24:41,379][httpx][INFO] - HTTP Request: HEAD https://huggingface.co/datasets/openslr/librispeech_asr/resolve/71cacbfb7e2354c4226d01e70d77d5fca3d04ba1/clean/train.100/0002.parquet "HTTP/1.1 302 Found"
[2026-02-18 17:24:43,599][httpx][INFO] - HTTP Request: HEAD https://huggingface.co/datasets/librispeech_asr/resolve/71cacbfb7e2354c4226d01e70d77d5fca3d04ba1/clean/train.100/0003.parquet "HTTP/1.1 307 Temporary Redirect"
[2026-02-18 17:24:43,732][httpx][INFO] - HTTP Request: HEAD https://huggingface.co/datasets/openslr/librispeech_asr/resolve/71cacbfb7e2354c4226d01e70d77d5fca3d04ba1/clean/train.100/0003.parquet "HTTP/1.1 302 Found"
[2026-02-18 17:24:45,738][httpx][INFO] - HTTP Request: HEAD https://huggingface.co/datasets/librispeech_asr/resolve/71cacbfb7e2354c4226d01e70d77d5fca3d04ba1/clean/train.100/0004.parquet "HTTP/1.1 307 Temporary Redirect"
[2026-02-18 17:24:45,872][httpx][INFO] - HTTP Request: HEAD https://huggingface.co/datasets/openslr/librispeech_asr/resolve/71cacbfb7e2354c4226d01e70d77d5fca3d04ba1/clean/train.100/0004.parquet "HTTP/1.1 302 Found"
[2026-02-18 17:24:47,612][httpx][INFO] - HTTP Request: HEAD https://huggingface.co/datasets/librispeech_asr/resolve/71cacbfb7e2354c4226d01e70d77d5fca3d04ba1/clean/train.100/0005.parquet "HTTP/1.1 307 Temporary Redirect"
[2026-02-18 17:24:47,754][httpx][INFO] - HTTP Request: HEAD https://huggingface.co/datasets/openslr/librispeech_asr/resolve/71cacbfb7e2354c4226d01e70d77d5fca3d04ba1/clean/train.100/0005.parquet "HTTP/1.1 302 Found"
[2026-02-18 17:24:49,948][httpx][INFO] - HTTP Request: HEAD https://huggingface.co/datasets/librispeech_asr/resolve/71cacbfb7e2354c4226d01e70d77d5fca3d04ba1/clean/train.100/0006.parquet "HTTP/1.1 307 Temporary Redirect"
[2026-02-18 17:24:50,081][httpx][INFO] - HTTP Request: HEAD https://huggingface.co/datasets/openslr/librispeech_asr/resolve/71cacbfb7e2354c4226d01e70d77d5fca3d04ba1/clean/train.100/0006.parquet "HTTP/1.1 302 Found"
[2026-02-18 17:24:52,932][httpx][INFO] - HTTP Request: HEAD https://huggingface.co/datasets/librispeech_asr/resolve/71cacbfb7e2354c4226d01e70d77d5fca3d04ba1/clean/train.100/0007.parquet "HTTP/1.1 307 Temporary Redirect"
[2026-02-18 17:24:53,063][httpx][INFO] - HTTP Request: HEAD https://huggingface.co/datasets/openslr/librispeech_asr/resolve/71cacbfb7e2354c4226d01e70d77d5fca3d04ba1/clean/train.100/0007.parquet "HTTP/1.1 302 Found"
[2026-02-18 17:24:54,813][httpx][INFO] - HTTP Request: HEAD https://huggingface.co/datasets/librispeech_asr/resolve/71cacbfb7e2354c4226d01e70d77d5fca3d04ba1/clean/train.100/0008.parquet "HTTP/1.1 307 Temporary Redirect"
[2026-02-18 17:24:54,947][httpx][INFO] - HTTP Request: HEAD https://huggingface.co/datasets/openslr/librispeech_asr/resolve/71cacbfb7e2354c4226d01e70d77d5fca3d04ba1/clean/train.100/0008.parquet "HTTP/1.1 302 Found"
[2026-02-18 17:24:58,089][httpx][INFO] - HTTP Request: HEAD https://huggingface.co/datasets/librispeech_asr/resolve/71cacbfb7e2354c4226d01e70d77d5fca3d04ba1/clean/train.100/0009.parquet "HTTP/1.1 307 Temporary Redirect"
[2026-02-18 17:24:58,220][httpx][INFO] - HTTP Request: HEAD https://huggingface.co/datasets/openslr/librispeech_asr/resolve/71cacbfb7e2354c4226d01e70d77d5fca3d04ba1/clean/train.100/0009.parquet "HTTP/1.1 302 Found"
[2026-02-18 17:24:59,952][httpx][INFO] - HTTP Request: HEAD https://huggingface.co/datasets/librispeech_asr/resolve/71cacbfb7e2354c4226d01e70d77d5fca3d04ba1/clean/train.100/0010.parquet "HTTP/1.1 307 Temporary Redirect"
[2026-02-18 17:25:00,100][httpx][INFO] - HTTP Request: HEAD https://huggingface.co/datasets/openslr/librispeech_asr/resolve/71cacbfb7e2354c4226d01e70d77d5fca3d04ba1/clean/train.100/0010.parquet "HTTP/1.1 302 Found"
[2026-02-18 17:25:04,012][httpx][INFO] - HTTP Request: HEAD https://huggingface.co/datasets/librispeech_asr/resolve/71cacbfb7e2354c4226d01e70d77d5fca3d04ba1/clean/train.100/0011.parquet "HTTP/1.1 307 Temporary Redirect"
[2026-02-18 17:25:04,146][httpx][INFO] - HTTP Request: HEAD https://huggingface.co/datasets/openslr/librispeech_asr/resolve/71cacbfb7e2354c4226d01e70d77d5fca3d04ba1/clean/train.100/0011.parquet "HTTP/1.1 302 Found"
[2026-02-18 17:25:07,061][httpx][INFO] - HTTP Request: HEAD https://huggingface.co/datasets/librispeech_asr/resolve/71cacbfb7e2354c4226d01e70d77d5fca3d04ba1/clean/train.100/0012.parquet "HTTP/1.1 307 Temporary Redirect"
[2026-02-18 17:25:07,196][httpx][INFO] - HTTP Request: HEAD https://huggingface.co/datasets/openslr/librispeech_asr/resolve/71cacbfb7e2354c4226d01e70d77d5fca3d04ba1/clean/train.100/0012.parquet "HTTP/1.1 302 Found"
[2026-02-18 17:25:09,009][httpx][INFO] - HTTP Request: HEAD https://huggingface.co/datasets/librispeech_asr/resolve/71cacbfb7e2354c4226d01e70d77d5fca3d04ba1/clean/train.100/0013.parquet "HTTP/1.1 307 Temporary Redirect"
[2026-02-18 17:25:09,170][httpx][INFO] - HTTP Request: HEAD https://huggingface.co/datasets/openslr/librispeech_asr/resolve/71cacbfb7e2354c4226d01e70d77d5fca3d04ba1/clean/train.100/0013.parquet "HTTP/1.1 302 Found"
[2026-02-18 17:25:12,404][httpx][INFO] - HTTP Request: HEAD https://huggingface.co/datasets/librispeech_asr/resolve/71cacbfb7e2354c4226d01e70d77d5fca3d04ba1/clean/train.360/0000.parquet "HTTP/1.1 307 Temporary Redirect"
[2026-02-18 17:25:12,551][httpx][INFO] - HTTP Request: HEAD https://huggingface.co/datasets/openslr/librispeech_asr/resolve/71cacbfb7e2354c4226d01e70d77d5fca3d04ba1/clean/train.360/0000.parquet "HTTP/1.1 302 Found"
[2026-02-18 17:25:16,769][httpx][INFO] - HTTP Request: HEAD https://huggingface.co/datasets/librispeech_asr/resolve/71cacbfb7e2354c4226d01e70d77d5fca3d04ba1/clean/train.360/0001.parquet "HTTP/1.1 307 Temporary Redirect"
[2026-02-18 17:25:16,905][httpx][INFO] - HTTP Request: HEAD https://huggingface.co/datasets/openslr/librispeech_asr/resolve/71cacbfb7e2354c4226d01e70d77d5fca3d04ba1/clean/train.360/0001.parquet "HTTP/1.1 302 Found"
[2026-02-18 17:25:19,695][httpx][INFO] - HTTP Request: HEAD https://huggingface.co/datasets/librispeech_asr/resolve/71cacbfb7e2354c4226d01e70d77d5fca3d04ba1/clean/train.360/0002.parquet "HTTP/1.1 307 Temporary Redirect"
[2026-02-18 17:25:19,832][httpx][INFO] - HTTP Request: HEAD https://huggingface.co/datasets/openslr/librispeech_asr/resolve/71cacbfb7e2354c4226d01e70d77d5fca3d04ba1/clean/train.360/0002.parquet "HTTP/1.1 302 Found"
[2026-02-18 17:25:23,343][httpx][INFO] - HTTP Request: HEAD https://huggingface.co/datasets/librispeech_asr/resolve/71cacbfb7e2354c4226d01e70d77d5fca3d04ba1/clean/train.360/0003.parquet "HTTP/1.1 307 Temporary Redirect"
[2026-02-18 17:25:23,480][httpx][INFO] - HTTP Request: HEAD https://huggingface.co/datasets/openslr/librispeech_asr/resolve/71cacbfb7e2354c4226d01e70d77d5fca3d04ba1/clean/train.360/0003.parquet "HTTP/1.1 302 Found"
[2026-02-18 17:25:26,175][httpx][INFO] - HTTP Request: HEAD https://huggingface.co/datasets/librispeech_asr/resolve/71cacbfb7e2354c4226d01e70d77d5fca3d04ba1/clean/train.360/0004.parquet "HTTP/1.1 307 Temporary Redirect"
[2026-02-18 17:25:26,310][httpx][INFO] - HTTP Request: HEAD https://huggingface.co/datasets/openslr/librispeech_asr/resolve/71cacbfb7e2354c4226d01e70d77d5fca3d04ba1/clean/train.360/0004.parquet "HTTP/1.1 302 Found"
[2026-02-18 17:25:28,350][httpx][INFO] - HTTP Request: HEAD https://huggingface.co/datasets/librispeech_asr/resolve/71cacbfb7e2354c4226d01e70d77d5fca3d04ba1/clean/train.360/0005.parquet "HTTP/1.1 307 Temporary Redirect"
[2026-02-18 17:25:28,524][httpx][INFO] - HTTP Request: HEAD https://huggingface.co/datasets/openslr/librispeech_asr/resolve/71cacbfb7e2354c4226d01e70d77d5fca3d04ba1/clean/train.360/0005.parquet "HTTP/1.1 302 Found"
[2026-02-18 17:25:31,816][httpx][INFO] - HTTP Request: HEAD https://huggingface.co/datasets/librispeech_asr/resolve/71cacbfb7e2354c4226d01e70d77d5fca3d04ba1/clean/train.360/0006.parquet "HTTP/1.1 307 Temporary Redirect"
[2026-02-18 17:25:31,961][httpx][INFO] - HTTP Request: HEAD https://huggingface.co/datasets/openslr/librispeech_asr/resolve/71cacbfb7e2354c4226d01e70d77d5fca3d04ba1/clean/train.360/0006.parquet "HTTP/1.1 302 Found"
[2026-02-18 17:25:35,093][httpx][INFO] - HTTP Request: HEAD https://huggingface.co/datasets/librispeech_asr/resolve/71cacbfb7e2354c4226d01e70d77d5fca3d04ba1/clean/train.360/0007.parquet "HTTP/1.1 307 Temporary Redirect"
[2026-02-18 17:25:35,229][httpx][INFO] - HTTP Request: HEAD https://huggingface.co/datasets/openslr/librispeech_asr/resolve/71cacbfb7e2354c4226d01e70d77d5fca3d04ba1/clean/train.360/0007.parquet "HTTP/1.1 302 Found"
[2026-02-18 17:25:38,168][httpx][INFO] - HTTP Request: HEAD https://huggingface.co/datasets/librispeech_asr/resolve/71cacbfb7e2354c4226d01e70d77d5fca3d04ba1/clean/train.360/0008.parquet "HTTP/1.1 307 Temporary Redirect"
[2026-02-18 17:25:38,301][httpx][INFO] - HTTP Request: HEAD https://huggingface.co/datasets/openslr/librispeech_asr/resolve/71cacbfb7e2354c4226d01e70d77d5fca3d04ba1/clean/train.360/0008.parquet "HTTP/1.1 302 Found"
[2026-02-18 17:25:41,421][httpx][INFO] - HTTP Request: HEAD https://huggingface.co/datasets/librispeech_asr/resolve/71cacbfb7e2354c4226d01e70d77d5fca3d04ba1/clean/train.360/0009.parquet "HTTP/1.1 307 Temporary Redirect"
[2026-02-18 17:25:41,623][httpx][INFO] - HTTP Request: HEAD https://huggingface.co/datasets/openslr/librispeech_asr/resolve/71cacbfb7e2354c4226d01e70d77d5fca3d04ba1/clean/train.360/0009.parquet "HTTP/1.1 302 Found"
[2026-02-18 17:25:43,199][httpx][INFO] - HTTP Request: HEAD https://huggingface.co/datasets/librispeech_asr/resolve/71cacbfb7e2354c4226d01e70d77d5fca3d04ba1/clean/train.360/0010.parquet "HTTP/1.1 307 Temporary Redirect"
[2026-02-18 17:25:43,423][httpx][INFO] - HTTP Request: HEAD https://huggingface.co/datasets/openslr/librispeech_asr/resolve/71cacbfb7e2354c4226d01e70d77d5fca3d04ba1/clean/train.360/0010.parquet "HTTP/1.1 302 Found"
[2026-02-18 17:25:45,625][httpx][INFO] - HTTP Request: HEAD https://huggingface.co/datasets/librispeech_asr/resolve/71cacbfb7e2354c4226d01e70d77d5fca3d04ba1/clean/train.360/0011.parquet "HTTP/1.1 307 Temporary Redirect"
[2026-02-18 17:25:45,762][httpx][INFO] - HTTP Request: HEAD https://huggingface.co/datasets/openslr/librispeech_asr/resolve/71cacbfb7e2354c4226d01e70d77d5fca3d04ba1/clean/train.360/0011.parquet "HTTP/1.1 302 Found"
[2026-02-18 17:25:48,595][httpx][INFO] - HTTP Request: HEAD https://huggingface.co/datasets/librispeech_asr/resolve/71cacbfb7e2354c4226d01e70d77d5fca3d04ba1/clean/train.360/0012.parquet "HTTP/1.1 307 Temporary Redirect"
[2026-02-18 17:25:48,731][httpx][INFO] - HTTP Request: HEAD https://huggingface.co/datasets/openslr/librispeech_asr/resolve/71cacbfb7e2354c4226d01e70d77d5fca3d04ba1/clean/train.360/0012.parquet "HTTP/1.1 302 Found"
[2026-02-18 17:25:51,810][httpx][INFO] - HTTP Request: HEAD https://huggingface.co/datasets/librispeech_asr/resolve/71cacbfb7e2354c4226d01e70d77d5fca3d04ba1/clean/train.360/0013.parquet "HTTP/1.1 307 Temporary Redirect"
[2026-02-18 17:25:51,944][httpx][INFO] - HTTP Request: HEAD https://huggingface.co/datasets/openslr/librispeech_asr/resolve/71cacbfb7e2354c4226d01e70d77d5fca3d04ba1/clean/train.360/0013.parquet "HTTP/1.1 302 Found"
[2026-02-18 17:25:55,265][httpx][INFO] - HTTP Request: HEAD https://huggingface.co/datasets/librispeech_asr/resolve/71cacbfb7e2354c4226d01e70d77d5fca3d04ba1/clean/train.360/0014.parquet "HTTP/1.1 307 Temporary Redirect"
[2026-02-18 17:25:55,399][httpx][INFO] - HTTP Request: HEAD https://huggingface.co/datasets/openslr/librispeech_asr/resolve/71cacbfb7e2354c4226d01e70d77d5fca3d04ba1/clean/train.360/0014.parquet "HTTP/1.1 302 Found"
[2026-02-18 17:25:58,510][httpx][INFO] - HTTP Request: HEAD https://huggingface.co/datasets/librispeech_asr/resolve/71cacbfb7e2354c4226d01e70d77d5fca3d04ba1/clean/train.360/0015.parquet "HTTP/1.1 307 Temporary Redirect"
[2026-02-18 17:25:58,655][httpx][INFO] - HTTP Request: HEAD https://huggingface.co/datasets/openslr/librispeech_asr/resolve/71cacbfb7e2354c4226d01e70d77d5fca3d04ba1/clean/train.360/0015.parquet "HTTP/1.1 302 Found"
[2026-02-18 17:26:02,387][httpx][INFO] - HTTP Request: HEAD https://huggingface.co/datasets/librispeech_asr/resolve/71cacbfb7e2354c4226d01e70d77d5fca3d04ba1/clean/train.360/0016.parquet "HTTP/1.1 307 Temporary Redirect"
[2026-02-18 17:26:02,593][httpx][INFO] - HTTP Request: HEAD https://huggingface.co/datasets/openslr/librispeech_asr/resolve/71cacbfb7e2354c4226d01e70d77d5fca3d04ba1/clean/train.360/0016.parquet "HTTP/1.1 302 Found"
[2026-02-18 17:26:05,575][httpx][INFO] - HTTP Request: HEAD https://huggingface.co/datasets/librispeech_asr/resolve/71cacbfb7e2354c4226d01e70d77d5fca3d04ba1/clean/train.360/0017.parquet "HTTP/1.1 307 Temporary Redirect"
[2026-02-18 17:26:05,706][httpx][INFO] - HTTP Request: HEAD https://huggingface.co/datasets/openslr/librispeech_asr/resolve/71cacbfb7e2354c4226d01e70d77d5fca3d04ba1/clean/train.360/0017.parquet "HTTP/1.1 302 Found"
[2026-02-18 17:26:07,876][httpx][INFO] - HTTP Request: HEAD https://huggingface.co/datasets/librispeech_asr/resolve/71cacbfb7e2354c4226d01e70d77d5fca3d04ba1/clean/train.360/0018.parquet "HTTP/1.1 307 Temporary Redirect"
[2026-02-18 17:26:08,007][httpx][INFO] - HTTP Request: HEAD https://huggingface.co/datasets/openslr/librispeech_asr/resolve/71cacbfb7e2354c4226d01e70d77d5fca3d04ba1/clean/train.360/0018.parquet "HTTP/1.1 302 Found"
[2026-02-18 17:26:11,400][httpx][INFO] - HTTP Request: HEAD https://huggingface.co/datasets/librispeech_asr/resolve/71cacbfb7e2354c4226d01e70d77d5fca3d04ba1/clean/train.360/0019.parquet "HTTP/1.1 307 Temporary Redirect"
[2026-02-18 17:26:11,546][httpx][INFO] - HTTP Request: HEAD https://huggingface.co/datasets/openslr/librispeech_asr/resolve/71cacbfb7e2354c4226d01e70d77d5fca3d04ba1/clean/train.360/0019.parquet "HTTP/1.1 302 Found"
[2026-02-18 17:26:15,498][httpx][INFO] - HTTP Request: HEAD https://huggingface.co/datasets/librispeech_asr/resolve/71cacbfb7e2354c4226d01e70d77d5fca3d04ba1/clean/train.360/0020.parquet "HTTP/1.1 307 Temporary Redirect"
[2026-02-18 17:26:15,629][httpx][INFO] - HTTP Request: HEAD https://huggingface.co/datasets/openslr/librispeech_asr/resolve/71cacbfb7e2354c4226d01e70d77d5fca3d04ba1/clean/train.360/0020.parquet "HTTP/1.1 302 Found"
[2026-02-18 17:26:19,030][httpx][INFO] - HTTP Request: HEAD https://huggingface.co/datasets/librispeech_asr/resolve/71cacbfb7e2354c4226d01e70d77d5fca3d04ba1/clean/train.360/0021.parquet "HTTP/1.1 307 Temporary Redirect"
[2026-02-18 17:26:19,176][httpx][INFO] - HTTP Request: HEAD https://huggingface.co/datasets/openslr/librispeech_asr/resolve/71cacbfb7e2354c4226d01e70d77d5fca3d04ba1/clean/train.360/0021.parquet "HTTP/1.1 302 Found"
[2026-02-18 17:26:22,915][httpx][INFO] - HTTP Request: HEAD https://huggingface.co/datasets/librispeech_asr/resolve/71cacbfb7e2354c4226d01e70d77d5fca3d04ba1/clean/train.360/0022.parquet "HTTP/1.1 307 Temporary Redirect"
[2026-02-18 17:26:23,062][httpx][INFO] - HTTP Request: HEAD https://huggingface.co/datasets/openslr/librispeech_asr/resolve/71cacbfb7e2354c4226d01e70d77d5fca3d04ba1/clean/train.360/0022.parquet "HTTP/1.1 302 Found"
[2026-02-18 17:26:26,106][httpx][INFO] - HTTP Request: HEAD https://huggingface.co/datasets/librispeech_asr/resolve/71cacbfb7e2354c4226d01e70d77d5fca3d04ba1/clean/train.360/0023.parquet "HTTP/1.1 307 Temporary Redirect"
[2026-02-18 17:26:26,237][httpx][INFO] - HTTP Request: HEAD https://huggingface.co/datasets/openslr/librispeech_asr/resolve/71cacbfb7e2354c4226d01e70d77d5fca3d04ba1/clean/train.360/0023.parquet "HTTP/1.1 302 Found"
[2026-02-18 17:26:30,329][httpx][INFO] - HTTP Request: HEAD https://huggingface.co/datasets/librispeech_asr/resolve/71cacbfb7e2354c4226d01e70d77d5fca3d04ba1/clean/train.360/0024.parquet "HTTP/1.1 307 Temporary Redirect"
[2026-02-18 17:26:30,465][httpx][INFO] - HTTP Request: HEAD https://huggingface.co/datasets/openslr/librispeech_asr/resolve/71cacbfb7e2354c4226d01e70d77d5fca3d04ba1/clean/train.360/0024.parquet "HTTP/1.1 302 Found"
[2026-02-18 17:26:35,404][httpx][INFO] - HTTP Request: HEAD https://huggingface.co/datasets/librispeech_asr/resolve/71cacbfb7e2354c4226d01e70d77d5fca3d04ba1/clean/train.360/0025.parquet "HTTP/1.1 307 Temporary Redirect"
[2026-02-18 17:26:35,615][httpx][INFO] - HTTP Request: HEAD https://huggingface.co/datasets/openslr/librispeech_asr/resolve/71cacbfb7e2354c4226d01e70d77d5fca3d04ba1/clean/train.360/0025.parquet "HTTP/1.1 302 Found"
[2026-02-18 17:26:39,563][httpx][INFO] - HTTP Request: HEAD https://huggingface.co/datasets/librispeech_asr/resolve/71cacbfb7e2354c4226d01e70d77d5fca3d04ba1/clean/train.360/0026.parquet "HTTP/1.1 307 Temporary Redirect"
[2026-02-18 17:26:39,725][httpx][INFO] - HTTP Request: HEAD https://huggingface.co/datasets/openslr/librispeech_asr/resolve/71cacbfb7e2354c4226d01e70d77d5fca3d04ba1/clean/train.360/0026.parquet "HTTP/1.1 302 Found"
[2026-02-18 17:26:42,521][httpx][INFO] - HTTP Request: HEAD https://huggingface.co/datasets/librispeech_asr/resolve/71cacbfb7e2354c4226d01e70d77d5fca3d04ba1/clean/train.360/0027.parquet "HTTP/1.1 307 Temporary Redirect"
[2026-02-18 17:26:42,653][httpx][INFO] - HTTP Request: HEAD https://huggingface.co/datasets/openslr/librispeech_asr/resolve/71cacbfb7e2354c4226d01e70d77d5fca3d04ba1/clean/train.360/0027.parquet "HTTP/1.1 302 Found"
[2026-02-18 17:26:45,604][httpx][INFO] - HTTP Request: HEAD https://huggingface.co/datasets/librispeech_asr/resolve/71cacbfb7e2354c4226d01e70d77d5fca3d04ba1/clean/train.360/0028.parquet "HTTP/1.1 307 Temporary Redirect"
[2026-02-18 17:26:45,751][httpx][INFO] - HTTP Request: HEAD https://huggingface.co/datasets/openslr/librispeech_asr/resolve/71cacbfb7e2354c4226d01e70d77d5fca3d04ba1/clean/train.360/0028.parquet "HTTP/1.1 302 Found"
[2026-02-18 17:26:48,890][httpx][INFO] - HTTP Request: HEAD https://huggingface.co/datasets/librispeech_asr/resolve/71cacbfb7e2354c4226d01e70d77d5fca3d04ba1/clean/train.360/0029.parquet "HTTP/1.1 307 Temporary Redirect"
[2026-02-18 17:26:49,021][httpx][INFO] - HTTP Request: HEAD https://huggingface.co/datasets/openslr/librispeech_asr/resolve/71cacbfb7e2354c4226d01e70d77d5fca3d04ba1/clean/train.360/0029.parquet "HTTP/1.1 302 Found"
[2026-02-18 17:26:52,203][httpx][INFO] - HTTP Request: HEAD https://huggingface.co/datasets/librispeech_asr/resolve/71cacbfb7e2354c4226d01e70d77d5fca3d04ba1/clean/train.360/0030.parquet "HTTP/1.1 307 Temporary Redirect"
[2026-02-18 17:26:52,337][httpx][INFO] - HTTP Request: HEAD https://huggingface.co/datasets/openslr/librispeech_asr/resolve/71cacbfb7e2354c4226d01e70d77d5fca3d04ba1/clean/train.360/0030.parquet "HTTP/1.1 302 Found"
[2026-02-18 17:26:54,283][httpx][INFO] - HTTP Request: HEAD https://huggingface.co/datasets/librispeech_asr/resolve/71cacbfb7e2354c4226d01e70d77d5fca3d04ba1/clean/train.360/0031.parquet "HTTP/1.1 307 Temporary Redirect"
[2026-02-18 17:26:54,423][httpx][INFO] - HTTP Request: HEAD https://huggingface.co/datasets/openslr/librispeech_asr/resolve/71cacbfb7e2354c4226d01e70d77d5fca3d04ba1/clean/train.360/0031.parquet "HTTP/1.1 302 Found"
[2026-02-18 17:26:56,635][httpx][INFO] - HTTP Request: HEAD https://huggingface.co/datasets/librispeech_asr/resolve/71cacbfb7e2354c4226d01e70d77d5fca3d04ba1/clean/train.360/0032.parquet "HTTP/1.1 307 Temporary Redirect"
[2026-02-18 17:26:56,771][httpx][INFO] - HTTP Request: HEAD https://huggingface.co/datasets/openslr/librispeech_asr/resolve/71cacbfb7e2354c4226d01e70d77d5fca3d04ba1/clean/train.360/0032.parquet "HTTP/1.1 302 Found"
[2026-02-18 17:26:59,065][httpx][INFO] - HTTP Request: HEAD https://huggingface.co/datasets/librispeech_asr/resolve/71cacbfb7e2354c4226d01e70d77d5fca3d04ba1/clean/train.360/0033.parquet "HTTP/1.1 307 Temporary Redirect"
[2026-02-18 17:26:59,214][httpx][INFO] - HTTP Request: HEAD https://huggingface.co/datasets/openslr/librispeech_asr/resolve/71cacbfb7e2354c4226d01e70d77d5fca3d04ba1/clean/train.360/0033.parquet "HTTP/1.1 302 Found"
[2026-02-18 17:27:01,022][httpx][INFO] - HTTP Request: HEAD https://huggingface.co/datasets/librispeech_asr/resolve/71cacbfb7e2354c4226d01e70d77d5fca3d04ba1/clean/train.360/0034.parquet "HTTP/1.1 307 Temporary Redirect"
[2026-02-18 17:27:01,152][httpx][INFO] - HTTP Request: HEAD https://huggingface.co/datasets/openslr/librispeech_asr/resolve/71cacbfb7e2354c4226d01e70d77d5fca3d04ba1/clean/train.360/0034.parquet "HTTP/1.1 302 Found"
[2026-02-18 17:27:03,920][httpx][INFO] - HTTP Request: HEAD https://huggingface.co/datasets/librispeech_asr/resolve/71cacbfb7e2354c4226d01e70d77d5fca3d04ba1/clean/train.360/0035.parquet "HTTP/1.1 307 Temporary Redirect"
[2026-02-18 17:27:04,116][httpx][INFO] - HTTP Request: HEAD https://huggingface.co/datasets/openslr/librispeech_asr/resolve/71cacbfb7e2354c4226d01e70d77d5fca3d04ba1/clean/train.360/0035.parquet "HTTP/1.1 302 Found"
[2026-02-18 17:27:05,771][httpx][INFO] - HTTP Request: HEAD https://huggingface.co/datasets/librispeech_asr/resolve/71cacbfb7e2354c4226d01e70d77d5fca3d04ba1/clean/train.360/0036.parquet "HTTP/1.1 307 Temporary Redirect"
[2026-02-18 17:27:05,924][httpx][INFO] - HTTP Request: HEAD https://huggingface.co/datasets/openslr/librispeech_asr/resolve/71cacbfb7e2354c4226d01e70d77d5fca3d04ba1/clean/train.360/0036.parquet "HTTP/1.1 302 Found"
[2026-02-18 17:27:07,621][httpx][INFO] - HTTP Request: HEAD https://huggingface.co/datasets/librispeech_asr/resolve/71cacbfb7e2354c4226d01e70d77d5fca3d04ba1/clean/train.360/0037.parquet "HTTP/1.1 307 Temporary Redirect"
[2026-02-18 17:27:07,754][httpx][INFO] - HTTP Request: HEAD https://huggingface.co/datasets/openslr/librispeech_asr/resolve/71cacbfb7e2354c4226d01e70d77d5fca3d04ba1/clean/train.360/0037.parquet "HTTP/1.1 302 Found"
[2026-02-18 17:27:09,694][httpx][INFO] - HTTP Request: HEAD https://huggingface.co/datasets/librispeech_asr/resolve/71cacbfb7e2354c4226d01e70d77d5fca3d04ba1/clean/train.360/0038.parquet "HTTP/1.1 307 Temporary Redirect"
[2026-02-18 17:27:09,831][httpx][INFO] - HTTP Request: HEAD https://huggingface.co/datasets/openslr/librispeech_asr/resolve/71cacbfb7e2354c4226d01e70d77d5fca3d04ba1/clean/train.360/0038.parquet "HTTP/1.1 302 Found"
[2026-02-18 17:27:11,961][httpx][INFO] - HTTP Request: HEAD https://huggingface.co/datasets/librispeech_asr/resolve/71cacbfb7e2354c4226d01e70d77d5fca3d04ba1/clean/train.360/0039.parquet "HTTP/1.1 307 Temporary Redirect"
[2026-02-18 17:27:12,099][httpx][INFO] - HTTP Request: HEAD https://huggingface.co/datasets/openslr/librispeech_asr/resolve/71cacbfb7e2354c4226d01e70d77d5fca3d04ba1/clean/train.360/0039.parquet "HTTP/1.1 302 Found"
[2026-02-18 17:27:13,864][httpx][INFO] - HTTP Request: HEAD https://huggingface.co/datasets/librispeech_asr/resolve/71cacbfb7e2354c4226d01e70d77d5fca3d04ba1/clean/train.360/0040.parquet "HTTP/1.1 307 Temporary Redirect"
[2026-02-18 17:27:13,997][httpx][INFO] - HTTP Request: HEAD https://huggingface.co/datasets/openslr/librispeech_asr/resolve/71cacbfb7e2354c4226d01e70d77d5fca3d04ba1/clean/train.360/0040.parquet "HTTP/1.1 302 Found"
[2026-02-18 17:27:15,553][httpx][INFO] - HTTP Request: HEAD https://huggingface.co/datasets/librispeech_asr/resolve/71cacbfb7e2354c4226d01e70d77d5fca3d04ba1/clean/train.360/0041.parquet "HTTP/1.1 307 Temporary Redirect"
[2026-02-18 17:27:15,687][httpx][INFO] - HTTP Request: HEAD https://huggingface.co/datasets/openslr/librispeech_asr/resolve/71cacbfb7e2354c4226d01e70d77d5fca3d04ba1/clean/train.360/0041.parquet "HTTP/1.1 302 Found"
[2026-02-18 17:27:17,450][httpx][INFO] - HTTP Request: HEAD https://huggingface.co/datasets/librispeech_asr/resolve/71cacbfb7e2354c4226d01e70d77d5fca3d04ba1/clean/train.360/0042.parquet "HTTP/1.1 307 Temporary Redirect"
[2026-02-18 17:27:17,588][httpx][INFO] - HTTP Request: HEAD https://huggingface.co/datasets/openslr/librispeech_asr/resolve/71cacbfb7e2354c4226d01e70d77d5fca3d04ba1/clean/train.360/0042.parquet "HTTP/1.1 302 Found"
[2026-02-18 17:27:19,915][httpx][INFO] - HTTP Request: HEAD https://huggingface.co/datasets/librispeech_asr/resolve/71cacbfb7e2354c4226d01e70d77d5fca3d04ba1/clean/train.360/0043.parquet "HTTP/1.1 307 Temporary Redirect"
[2026-02-18 17:27:20,068][httpx][INFO] - HTTP Request: HEAD https://huggingface.co/datasets/openslr/librispeech_asr/resolve/71cacbfb7e2354c4226d01e70d77d5fca3d04ba1/clean/train.360/0043.parquet "HTTP/1.1 302 Found"
[2026-02-18 17:27:22,378][httpx][INFO] - HTTP Request: HEAD https://huggingface.co/datasets/librispeech_asr/resolve/71cacbfb7e2354c4226d01e70d77d5fca3d04ba1/clean/train.360/0044.parquet "HTTP/1.1 307 Temporary Redirect"
[2026-02-18 17:27:22,525][httpx][INFO] - HTTP Request: HEAD https://huggingface.co/datasets/openslr/librispeech_asr/resolve/71cacbfb7e2354c4226d01e70d77d5fca3d04ba1/clean/train.360/0044.parquet "HTTP/1.1 302 Found"
[2026-02-18 17:27:24,343][httpx][INFO] - HTTP Request: HEAD https://huggingface.co/datasets/librispeech_asr/resolve/71cacbfb7e2354c4226d01e70d77d5fca3d04ba1/clean/train.360/0045.parquet "HTTP/1.1 307 Temporary Redirect"
[2026-02-18 17:27:24,474][httpx][INFO] - HTTP Request: HEAD https://huggingface.co/datasets/openslr/librispeech_asr/resolve/71cacbfb7e2354c4226d01e70d77d5fca3d04ba1/clean/train.360/0045.parquet "HTTP/1.1 302 Found"
[2026-02-18 17:27:26,107][httpx][INFO] - HTTP Request: HEAD https://huggingface.co/datasets/librispeech_asr/resolve/71cacbfb7e2354c4226d01e70d77d5fca3d04ba1/clean/train.360/0046.parquet "HTTP/1.1 307 Temporary Redirect"
[2026-02-18 17:27:26,246][httpx][INFO] - HTTP Request: HEAD https://huggingface.co/datasets/openslr/librispeech_asr/resolve/71cacbfb7e2354c4226d01e70d77d5fca3d04ba1/clean/train.360/0046.parquet "HTTP/1.1 302 Found"
[2026-02-18 17:27:27,866][httpx][INFO] - HTTP Request: HEAD https://huggingface.co/datasets/librispeech_asr/resolve/71cacbfb7e2354c4226d01e70d77d5fca3d04ba1/clean/train.360/0047.parquet "HTTP/1.1 307 Temporary Redirect"
[2026-02-18 17:27:28,007][httpx][INFO] - HTTP Request: HEAD https://huggingface.co/datasets/openslr/librispeech_asr/resolve/71cacbfb7e2354c4226d01e70d77d5fca3d04ba1/clean/train.360/0047.parquet "HTTP/1.1 302 Found"
[2026-02-18 17:27:29,851][httpx][INFO] - HTTP Request: HEAD https://huggingface.co/datasets/librispeech_asr/resolve/71cacbfb7e2354c4226d01e70d77d5fca3d04ba1/clean/validation/0000.parquet "HTTP/1.1 307 Temporary Redirect"
[2026-02-18 17:27:29,984][httpx][INFO] - HTTP Request: HEAD https://huggingface.co/datasets/openslr/librispeech_asr/resolve/71cacbfb7e2354c4226d01e70d77d5fca3d04ba1/clean/validation/0000.parquet "HTTP/1.1 302 Found"
