[2026-02-15 19:27:34,124][httpx][INFO] - HTTP Request: HEAD https://huggingface.co/facebook/wav2vec2-base/resolve/main/processor_config.json "HTTP/1.1 404 Not Found"
[2026-02-15 19:27:34,125][huggingface_hub.utils._http][WARNING] - Warning: You are sending unauthenticated requests to the HF Hub. Please set a HF_TOKEN to enable higher rate limits and faster downloads.
[2026-02-15 19:27:34,253][httpx][INFO] - HTTP Request: HEAD https://huggingface.co/facebook/wav2vec2-base/resolve/main/preprocessor_config.json "HTTP/1.1 307 Temporary Redirect"
[2026-02-15 19:27:34,294][httpx][INFO] - HTTP Request: HEAD https://huggingface.co/api/resolve-cache/models/facebook/wav2vec2-base/0b5b8e868dd84f03fd87d01f9c4ff0f080fecfe8/preprocessor_config.json "HTTP/1.1 200 OK"
[2026-02-15 19:27:34,426][httpx][INFO] - HTTP Request: HEAD https://huggingface.co/facebook/wav2vec2-base/resolve/main/config.json "HTTP/1.1 307 Temporary Redirect"
[2026-02-15 19:27:34,437][httpx][INFO] - HTTP Request: HEAD https://huggingface.co/api/resolve-cache/models/facebook/wav2vec2-base/0b5b8e868dd84f03fd87d01f9c4ff0f080fecfe8/config.json "HTTP/1.1 200 OK"
[2026-02-15 19:27:34,583][httpx][INFO] - HTTP Request: HEAD https://huggingface.co/facebook/wav2vec2-base/resolve/main/processor_config.json "HTTP/1.1 404 Not Found"
[2026-02-15 19:27:34,711][httpx][INFO] - HTTP Request: HEAD https://huggingface.co/facebook/wav2vec2-base/resolve/main/preprocessor_config.json "HTTP/1.1 307 Temporary Redirect"
[2026-02-15 19:27:34,726][httpx][INFO] - HTTP Request: HEAD https://huggingface.co/api/resolve-cache/models/facebook/wav2vec2-base/0b5b8e868dd84f03fd87d01f9c4ff0f080fecfe8/preprocessor_config.json "HTTP/1.1 200 OK"
[2026-02-15 19:27:34,860][httpx][INFO] - HTTP Request: HEAD https://huggingface.co/facebook/wav2vec2-base/resolve/main/config.json "HTTP/1.1 307 Temporary Redirect"
[2026-02-15 19:27:34,876][httpx][INFO] - HTTP Request: HEAD https://huggingface.co/api/resolve-cache/models/facebook/wav2vec2-base/0b5b8e868dd84f03fd87d01f9c4ff0f080fecfe8/config.json "HTTP/1.1 200 OK"
[2026-02-15 19:27:36,532][httpx][INFO] - HTTP Request: HEAD https://huggingface.co/datasets/confit/nsynth-parquet/resolve/main/README.md "HTTP/1.1 307 Temporary Redirect"
[2026-02-15 19:27:36,547][httpx][INFO] - HTTP Request: HEAD https://huggingface.co/api/resolve-cache/datasets/confit/nsynth-parquet/af95599cce86feaf630f55b8d482cdcd816c9bd5/README.md "HTTP/1.1 200 OK"
[2026-02-15 19:27:36,693][httpx][INFO] - HTTP Request: HEAD https://huggingface.co/datasets/confit/nsynth-parquet/resolve/af95599cce86feaf630f55b8d482cdcd816c9bd5/nsynth-parquet.py "HTTP/1.1 404 Not Found"
[2026-02-15 19:27:37,098][httpx][INFO] - HTTP Request: HEAD https://s3.amazonaws.com/datasets.huggingface.co/datasets/datasets/confit/nsynth-parquet/confit/nsynth-parquet.py "HTTP/1.1 404 Not Found"
[2026-02-15 19:27:37,261][httpx][INFO] - HTTP Request: GET https://huggingface.co/api/datasets/confit/nsynth-parquet/revision/af95599cce86feaf630f55b8d482cdcd816c9bd5 "HTTP/1.1 200 OK"
[2026-02-15 19:27:37,417][httpx][INFO] - HTTP Request: HEAD https://huggingface.co/datasets/confit/nsynth-parquet/resolve/af95599cce86feaf630f55b8d482cdcd816c9bd5/.huggingface.yaml "HTTP/1.1 404 Not Found"
[2026-02-15 19:27:37,610][httpx][INFO] - HTTP Request: GET https://datasets-server.huggingface.co/info?dataset=confit/nsynth-parquet "HTTP/1.1 200 OK"
[2026-02-15 19:27:37,785][httpx][INFO] - HTTP Request: GET https://huggingface.co/api/datasets/confit/nsynth-parquet/tree/af95599cce86feaf630f55b8d482cdcd816c9bd5/instrument?recursive=true&expand=false "HTTP/1.1 200 OK"
[2026-02-15 19:27:37,922][httpx][INFO] - HTTP Request: GET https://huggingface.co/api/datasets/confit/nsynth-parquet/tree/af95599cce86feaf630f55b8d482cdcd816c9bd5?recursive=false&expand=false "HTTP/1.1 200 OK"
[2026-02-15 19:27:38,200][httpx][INFO] - HTTP Request: HEAD https://huggingface.co/datasets/confit/nsynth-parquet/resolve/af95599cce86feaf630f55b8d482cdcd816c9bd5/dataset_infos.json "HTTP/1.1 404 Not Found"
