[2026-02-15 16:30:02,397][httpx][INFO] - HTTP Request: HEAD https://huggingface.co/facebook/hubert-large-ls960-ft/resolve/main/processor_config.json "HTTP/1.1 404 Not Found"
[2026-02-15 16:30:02,397][huggingface_hub.utils._http][WARNING] - Warning: You are sending unauthenticated requests to the HF Hub. Please set a HF_TOKEN to enable higher rate limits and faster downloads.
[2026-02-15 16:30:02,547][httpx][INFO] - HTTP Request: HEAD https://huggingface.co/facebook/hubert-large-ls960-ft/resolve/main/preprocessor_config.json "HTTP/1.1 307 Temporary Redirect"
[2026-02-15 16:30:02,595][httpx][INFO] - HTTP Request: HEAD https://huggingface.co/api/resolve-cache/models/facebook/hubert-large-ls960-ft/ece5fabbf034c1073acae96d5401b25be96709d8/preprocessor_config.json "HTTP/1.1 200 OK"
[2026-02-15 16:30:02,744][httpx][INFO] - HTTP Request: HEAD https://huggingface.co/facebook/hubert-large-ls960-ft/resolve/main/processor_config.json "HTTP/1.1 404 Not Found"
[2026-02-15 16:30:02,886][httpx][INFO] - HTTP Request: HEAD https://huggingface.co/facebook/hubert-large-ls960-ft/resolve/main/preprocessor_config.json "HTTP/1.1 307 Temporary Redirect"
[2026-02-15 16:30:02,942][httpx][INFO] - HTTP Request: HEAD https://huggingface.co/api/resolve-cache/models/facebook/hubert-large-ls960-ft/ece5fabbf034c1073acae96d5401b25be96709d8/preprocessor_config.json "HTTP/1.1 200 OK"
[2026-02-15 16:30:03,156][httpx][INFO] - HTTP Request: HEAD https://huggingface.co/facebook/hubert-large-ls960-ft/resolve/main/tokenizer_config.json "HTTP/1.1 307 Temporary Redirect"
[2026-02-15 16:30:03,175][httpx][INFO] - HTTP Request: HEAD https://huggingface.co/api/resolve-cache/models/facebook/hubert-large-ls960-ft/ece5fabbf034c1073acae96d5401b25be96709d8/tokenizer_config.json "HTTP/1.1 200 OK"
[2026-02-15 16:30:03,312][httpx][INFO] - HTTP Request: HEAD https://huggingface.co/facebook/hubert-large-ls960-ft/resolve/main/config.json "HTTP/1.1 307 Temporary Redirect"
[2026-02-15 16:30:03,354][httpx][INFO] - HTTP Request: HEAD https://huggingface.co/api/resolve-cache/models/facebook/hubert-large-ls960-ft/ece5fabbf034c1073acae96d5401b25be96709d8/config.json "HTTP/1.1 200 OK"
[2026-02-15 16:30:03,539][httpx][INFO] - HTTP Request: GET https://huggingface.co/api/models/facebook/hubert-large-ls960-ft/tree/main/additional_chat_templates?recursive=false&expand=false "HTTP/1.1 404 Not Found"
[2026-02-15 16:30:03,695][httpx][INFO] - HTTP Request: HEAD https://huggingface.co/facebook/hubert-large-ls960-ft/resolve/main/processor_config.json "HTTP/1.1 404 Not Found"
[2026-02-15 16:30:03,848][httpx][INFO] - HTTP Request: HEAD https://huggingface.co/facebook/hubert-large-ls960-ft/resolve/main/chat_template.json "HTTP/1.1 404 Not Found"
[2026-02-15 16:30:03,981][httpx][INFO] - HTTP Request: HEAD https://huggingface.co/facebook/hubert-large-ls960-ft/resolve/main/chat_template.jinja "HTTP/1.1 404 Not Found"
[2026-02-15 16:30:04,118][httpx][INFO] - HTTP Request: HEAD https://huggingface.co/facebook/hubert-large-ls960-ft/resolve/main/audio_tokenizer_config.json "HTTP/1.1 404 Not Found"
[2026-02-15 16:30:04,246][httpx][INFO] - HTTP Request: HEAD https://huggingface.co/facebook/hubert-large-ls960-ft/resolve/main/processor_config.json "HTTP/1.1 404 Not Found"
[2026-02-15 16:30:04,377][httpx][INFO] - HTTP Request: HEAD https://huggingface.co/facebook/hubert-large-ls960-ft/resolve/main/preprocessor_config.json "HTTP/1.1 307 Temporary Redirect"
[2026-02-15 16:30:04,391][httpx][INFO] - HTTP Request: HEAD https://huggingface.co/api/resolve-cache/models/facebook/hubert-large-ls960-ft/ece5fabbf034c1073acae96d5401b25be96709d8/preprocessor_config.json "HTTP/1.1 200 OK"
[2026-02-15 16:30:04,556][httpx][INFO] - HTTP Request: HEAD https://huggingface.co/facebook/hubert-large-ls960-ft/resolve/main/processor_config.json "HTTP/1.1 404 Not Found"
[2026-02-15 16:30:04,697][httpx][INFO] - HTTP Request: HEAD https://huggingface.co/facebook/hubert-large-ls960-ft/resolve/main/preprocessor_config.json "HTTP/1.1 307 Temporary Redirect"
[2026-02-15 16:30:04,710][httpx][INFO] - HTTP Request: HEAD https://huggingface.co/api/resolve-cache/models/facebook/hubert-large-ls960-ft/ece5fabbf034c1073acae96d5401b25be96709d8/preprocessor_config.json "HTTP/1.1 200 OK"
[2026-02-15 16:30:04,842][httpx][INFO] - HTTP Request: HEAD https://huggingface.co/facebook/hubert-large-ls960-ft/resolve/main/config.json "HTTP/1.1 307 Temporary Redirect"
[2026-02-15 16:30:04,859][httpx][INFO] - HTTP Request: HEAD https://huggingface.co/api/resolve-cache/models/facebook/hubert-large-ls960-ft/ece5fabbf034c1073acae96d5401b25be96709d8/config.json "HTTP/1.1 200 OK"
[2026-02-15 16:30:05,009][httpx][INFO] - HTTP Request: HEAD https://huggingface.co/facebook/hubert-large-ls960-ft/resolve/main/tokenizer_config.json "HTTP/1.1 307 Temporary Redirect"
[2026-02-15 16:30:05,051][httpx][INFO] - HTTP Request: HEAD https://huggingface.co/api/resolve-cache/models/facebook/hubert-large-ls960-ft/ece5fabbf034c1073acae96d5401b25be96709d8/tokenizer_config.json "HTTP/1.1 200 OK"
[2026-02-15 16:30:05,201][httpx][INFO] - HTTP Request: GET https://huggingface.co/api/models/facebook/hubert-large-ls960-ft/tree/main/additional_chat_templates?recursive=false&expand=false "HTTP/1.1 404 Not Found"
[2026-02-15 16:30:05,335][httpx][INFO] - HTTP Request: GET https://huggingface.co/api/models/facebook/hubert-large-ls960-ft/tree/main?recursive=true&expand=false "HTTP/1.1 200 OK"
[2026-02-15 16:30:05,470][httpx][INFO] - HTTP Request: HEAD https://huggingface.co/facebook/hubert-large-ls960-ft/resolve/main/config.json "HTTP/1.1 307 Temporary Redirect"
[2026-02-15 16:30:05,506][httpx][INFO] - HTTP Request: HEAD https://huggingface.co/api/resolve-cache/models/facebook/hubert-large-ls960-ft/ece5fabbf034c1073acae96d5401b25be96709d8/config.json "HTTP/1.1 200 OK"
[2026-02-15 16:30:05,700][httpx][INFO] - HTTP Request: HEAD https://huggingface.co/facebook/hubert-large-ls960-ft/resolve/main/model.safetensors "HTTP/1.1 404 Not Found"
[2026-02-15 16:30:05,938][httpx][INFO] - HTTP Request: GET https://huggingface.co/api/models/facebook/hubert-large-ls960-ft "HTTP/1.1 200 OK"
[2026-02-15 16:30:06,091][httpx][INFO] - HTTP Request: GET https://huggingface.co/api/models/facebook/hubert-large-ls960-ft/commits/main "HTTP/1.1 200 OK"
[2026-02-15 16:30:06,262][httpx][INFO] - HTTP Request: GET https://huggingface.co/api/models/facebook/hubert-large-ls960-ft/discussions?p=0 "HTTP/1.1 200 OK"
[2026-02-15 16:30:06,460][httpx][INFO] - HTTP Request: GET https://huggingface.co/api/models/facebook/hubert-large-ls960-ft/commits/refs%2Fpr%2F4 "HTTP/1.1 200 OK"
[2026-02-15 16:30:06,591][httpx][INFO] - HTTP Request: HEAD https://huggingface.co/facebook/hubert-large-ls960-ft/resolve/refs%2Fpr%2F4/model.safetensors.index.json "HTTP/1.1 404 Not Found"
[2026-02-15 16:30:06,728][httpx][INFO] - HTTP Request: HEAD https://huggingface.co/facebook/hubert-large-ls960-ft/resolve/refs%2Fpr%2F4/model.safetensors "HTTP/1.1 302 Found"
[2026-02-15 16:30:06,872][httpx][INFO] - HTTP Request: HEAD https://huggingface.co/datasets/librispeech_asr/resolve/main/README.md "HTTP/1.1 307 Temporary Redirect"
[2026-02-15 16:30:07,015][httpx][INFO] - HTTP Request: HEAD https://huggingface.co/datasets/openslr/librispeech_asr/resolve/main/README.md "HTTP/1.1 307 Temporary Redirect"
[2026-02-15 16:30:07,027][httpx][INFO] - HTTP Request: HEAD https://huggingface.co/api/resolve-cache/datasets/openslr/librispeech_asr/71cacbfb7e2354c4226d01e70d77d5fca3d04ba1/README.md "HTTP/1.1 200 OK"
[2026-02-15 16:30:07,163][httpx][INFO] - HTTP Request: HEAD https://huggingface.co/datasets/librispeech_asr/resolve/71cacbfb7e2354c4226d01e70d77d5fca3d04ba1/librispeech_asr.py "HTTP/1.1 307 Temporary Redirect"
[2026-02-15 16:30:07,308][httpx][INFO] - HTTP Request: HEAD https://huggingface.co/datasets/openslr/librispeech_asr/resolve/71cacbfb7e2354c4226d01e70d77d5fca3d04ba1/librispeech_asr.py "HTTP/1.1 404 Not Found"
[2026-02-15 16:30:07,718][httpx][INFO] - HTTP Request: HEAD https://s3.amazonaws.com/datasets.huggingface.co/datasets/datasets/librispeech_asr/librispeech_asr.py "HTTP/1.1 404 Not Found"
[2026-02-15 16:30:07,880][httpx][INFO] - HTTP Request: GET https://huggingface.co/api/datasets/librispeech_asr/revision/71cacbfb7e2354c4226d01e70d77d5fca3d04ba1 "HTTP/1.1 307 Temporary Redirect"
[2026-02-15 16:30:08,028][httpx][INFO] - HTTP Request: GET https://huggingface.co/api/datasets/openslr/librispeech_asr/revision/71cacbfb7e2354c4226d01e70d77d5fca3d04ba1 "HTTP/1.1 200 OK"
[2026-02-15 16:30:08,160][httpx][INFO] - HTTP Request: HEAD https://huggingface.co/datasets/librispeech_asr/resolve/71cacbfb7e2354c4226d01e70d77d5fca3d04ba1/.huggingface.yaml "HTTP/1.1 307 Temporary Redirect"
[2026-02-15 16:30:08,295][httpx][INFO] - HTTP Request: HEAD https://huggingface.co/datasets/openslr/librispeech_asr/resolve/71cacbfb7e2354c4226d01e70d77d5fca3d04ba1/.huggingface.yaml "HTTP/1.1 404 Not Found"
[2026-02-15 16:30:08,511][httpx][INFO] - HTTP Request: GET https://datasets-server.huggingface.co/info?dataset=librispeech_asr "HTTP/1.1 404 Not Found"
[2026-02-15 16:30:08,666][httpx][INFO] - HTTP Request: GET https://huggingface.co/api/datasets/librispeech_asr/tree/71cacbfb7e2354c4226d01e70d77d5fca3d04ba1/clean%2Ftest?recursive=true&expand=false "HTTP/1.1 307 Temporary Redirect"
[2026-02-15 16:30:08,797][httpx][INFO] - HTTP Request: GET https://huggingface.co/api/datasets/openslr/librispeech_asr/tree/71cacbfb7e2354c4226d01e70d77d5fca3d04ba1/clean%2Ftest?recursive=true&expand=false "HTTP/1.1 200 OK"
[2026-02-15 16:30:08,923][httpx][INFO] - HTTP Request: GET https://huggingface.co/api/datasets/librispeech_asr/tree/71cacbfb7e2354c4226d01e70d77d5fca3d04ba1/clean?recursive=false&expand=false "HTTP/1.1 307 Temporary Redirect"
[2026-02-15 16:30:09,052][httpx][INFO] - HTTP Request: GET https://huggingface.co/api/datasets/openslr/librispeech_asr/tree/71cacbfb7e2354c4226d01e70d77d5fca3d04ba1/clean?recursive=false&expand=false "HTTP/1.1 200 OK"
[2026-02-15 16:30:09,181][httpx][INFO] - HTTP Request: GET https://huggingface.co/api/datasets/librispeech_asr/tree/71cacbfb7e2354c4226d01e70d77d5fca3d04ba1/clean%2Ftrain.100?recursive=true&expand=false "HTTP/1.1 307 Temporary Redirect"
[2026-02-15 16:30:09,317][httpx][INFO] - HTTP Request: GET https://huggingface.co/api/datasets/openslr/librispeech_asr/tree/71cacbfb7e2354c4226d01e70d77d5fca3d04ba1/clean%2Ftrain.100?recursive=true&expand=false "HTTP/1.1 200 OK"
[2026-02-15 16:30:09,451][httpx][INFO] - HTTP Request: GET https://huggingface.co/api/datasets/librispeech_asr/tree/71cacbfb7e2354c4226d01e70d77d5fca3d04ba1/clean%2Ftrain.360?recursive=true&expand=false "HTTP/1.1 307 Temporary Redirect"
[2026-02-15 16:30:09,594][httpx][INFO] - HTTP Request: GET https://huggingface.co/api/datasets/openslr/librispeech_asr/tree/71cacbfb7e2354c4226d01e70d77d5fca3d04ba1/clean%2Ftrain.360?recursive=true&expand=false "HTTP/1.1 200 OK"
[2026-02-15 16:30:09,754][httpx][INFO] - HTTP Request: GET https://huggingface.co/api/datasets/librispeech_asr/tree/71cacbfb7e2354c4226d01e70d77d5fca3d04ba1/clean%2Fvalidation?recursive=true&expand=false "HTTP/1.1 307 Temporary Redirect"
[2026-02-15 16:30:09,887][httpx][INFO] - HTTP Request: GET https://huggingface.co/api/datasets/openslr/librispeech_asr/tree/71cacbfb7e2354c4226d01e70d77d5fca3d04ba1/clean%2Fvalidation?recursive=true&expand=false "HTTP/1.1 200 OK"
[2026-02-15 16:30:10,022][httpx][INFO] - HTTP Request: HEAD https://huggingface.co/datasets/librispeech_asr/resolve/71cacbfb7e2354c4226d01e70d77d5fca3d04ba1/dataset_infos.json "HTTP/1.1 307 Temporary Redirect"
[2026-02-15 16:30:10,171][httpx][INFO] - HTTP Request: HEAD https://huggingface.co/datasets/openslr/librispeech_asr/resolve/71cacbfb7e2354c4226d01e70d77d5fca3d04ba1/dataset_infos.json "HTTP/1.1 404 Not Found"
