[2026-02-15 19:11:02,219][httpx][INFO] - HTTP Request: HEAD https://huggingface.co/facebook/wav2vec2-base/resolve/main/processor_config.json "HTTP/1.1 404 Not Found"
[2026-02-15 19:11:02,220][huggingface_hub.utils._http][WARNING] - Warning: You are sending unauthenticated requests to the HF Hub. Please set a HF_TOKEN to enable higher rate limits and faster downloads.
[2026-02-15 19:11:02,609][httpx][INFO] - HTTP Request: HEAD https://huggingface.co/facebook/wav2vec2-base/resolve/main/preprocessor_config.json "HTTP/1.1 307 Temporary Redirect"
[2026-02-15 19:11:02,635][httpx][INFO] - HTTP Request: HEAD https://huggingface.co/api/resolve-cache/models/facebook/wav2vec2-base/0b5b8e868dd84f03fd87d01f9c4ff0f080fecfe8/preprocessor_config.json "HTTP/1.1 200 OK"
[2026-02-15 19:11:02,651][httpx][INFO] - HTTP Request: GET https://huggingface.co/api/resolve-cache/models/facebook/wav2vec2-base/0b5b8e868dd84f03fd87d01f9c4ff0f080fecfe8/preprocessor_config.json "HTTP/1.1 200 OK"
[2026-02-15 19:11:02,825][httpx][INFO] - HTTP Request: HEAD https://huggingface.co/facebook/wav2vec2-base/resolve/main/config.json "HTTP/1.1 307 Temporary Redirect"
[2026-02-15 19:11:02,851][httpx][INFO] - HTTP Request: HEAD https://huggingface.co/api/resolve-cache/models/facebook/wav2vec2-base/0b5b8e868dd84f03fd87d01f9c4ff0f080fecfe8/config.json "HTTP/1.1 200 OK"
[2026-02-15 19:11:02,867][httpx][INFO] - HTTP Request: GET https://huggingface.co/api/resolve-cache/models/facebook/wav2vec2-base/0b5b8e868dd84f03fd87d01f9c4ff0f080fecfe8/config.json "HTTP/1.1 200 OK"
[2026-02-15 19:11:03,025][httpx][INFO] - HTTP Request: HEAD https://huggingface.co/facebook/wav2vec2-base/resolve/main/processor_config.json "HTTP/1.1 404 Not Found"
[2026-02-15 19:11:03,177][httpx][INFO] - HTTP Request: HEAD https://huggingface.co/facebook/wav2vec2-base/resolve/main/preprocessor_config.json "HTTP/1.1 307 Temporary Redirect"
[2026-02-15 19:11:03,272][httpx][INFO] - HTTP Request: HEAD https://huggingface.co/api/resolve-cache/models/facebook/wav2vec2-base/0b5b8e868dd84f03fd87d01f9c4ff0f080fecfe8/preprocessor_config.json "HTTP/1.1 200 OK"
[2026-02-15 19:11:03,429][httpx][INFO] - HTTP Request: HEAD https://huggingface.co/facebook/wav2vec2-base/resolve/main/config.json "HTTP/1.1 307 Temporary Redirect"
[2026-02-15 19:11:03,443][httpx][INFO] - HTTP Request: HEAD https://huggingface.co/api/resolve-cache/models/facebook/wav2vec2-base/0b5b8e868dd84f03fd87d01f9c4ff0f080fecfe8/config.json "HTTP/1.1 200 OK"
[2026-02-15 19:11:03,853][httpx][INFO] - HTTP Request: HEAD https://huggingface.co/facebook/wav2vec2-base/resolve/main/model.safetensors "HTTP/1.1 404 Not Found"
[2026-02-15 19:11:03,985][httpx][INFO] - HTTP Request: HEAD https://huggingface.co/facebook/wav2vec2-base/resolve/main/model.safetensors.index.json "HTTP/1.1 404 Not Found"
[2026-02-15 19:11:04,119][httpx][INFO] - HTTP Request: HEAD https://huggingface.co/facebook/wav2vec2-base/resolve/main/pytorch_model.bin "HTTP/1.1 302 Found"
[2026-02-15 19:11:04,269][httpx][INFO] - HTTP Request: GET https://huggingface.co/api/models/facebook/wav2vec2-base/xet-read-token/0b5b8e868dd84f03fd87d01f9c4ff0f080fecfe8 "HTTP/1.1 200 OK"
[2026-02-15 19:11:06,368][httpx][INFO] - HTTP Request: HEAD https://huggingface.co/facebook/wav2vec2-base/resolve/main/model.safetensors "HTTP/1.1 404 Not Found"
[2026-02-15 19:11:06,616][httpx][INFO] - HTTP Request: GET https://huggingface.co/api/models/facebook/wav2vec2-base "HTTP/1.1 200 OK"
[2026-02-15 19:11:06,765][httpx][INFO] - HTTP Request: GET https://huggingface.co/api/models/facebook/wav2vec2-base/commits/main "HTTP/1.1 200 OK"
[2026-02-15 19:11:06,948][httpx][INFO] - HTTP Request: GET https://huggingface.co/api/models/facebook/wav2vec2-base/discussions?p=0 "HTTP/1.1 200 OK"
[2026-02-15 19:11:07,113][httpx][INFO] - HTTP Request: GET https://huggingface.co/api/models/facebook/wav2vec2-base/commits/refs%2Fpr%2F11 "HTTP/1.1 200 OK"
[2026-02-15 19:11:07,242][httpx][INFO] - HTTP Request: HEAD https://huggingface.co/facebook/wav2vec2-base/resolve/refs%2Fpr%2F11/model.safetensors.index.json "HTTP/1.1 404 Not Found"
[2026-02-15 19:11:07,290][httpx][INFO] - HTTP Request: HEAD https://huggingface.co/datasets/confit/nsynth-parquet/resolve/main/README.md "HTTP/1.1 307 Temporary Redirect"
[2026-02-15 19:11:07,335][httpx][INFO] - HTTP Request: HEAD https://huggingface.co/api/resolve-cache/datasets/confit/nsynth-parquet/af95599cce86feaf630f55b8d482cdcd816c9bd5/README.md "HTTP/1.1 200 OK"
[2026-02-15 19:11:07,369][httpx][INFO] - HTTP Request: HEAD https://huggingface.co/facebook/wav2vec2-base/resolve/refs%2Fpr%2F11/model.safetensors "HTTP/1.1 302 Found"
[2026-02-15 19:11:07,496][httpx][INFO] - HTTP Request: HEAD https://huggingface.co/datasets/confit/nsynth-parquet/resolve/af95599cce86feaf630f55b8d482cdcd816c9bd5/nsynth-parquet.py "HTTP/1.1 404 Not Found"
[2026-02-15 19:11:07,498][httpx][INFO] - HTTP Request: GET https://huggingface.co/api/models/facebook/wav2vec2-base/xet-read-token/f30924bbbfbf6058e04aab549531ea55c74928d0 "HTTP/1.1 200 OK"
[2026-02-15 19:11:08,363][httpx][INFO] - HTTP Request: HEAD https://s3.amazonaws.com/datasets.huggingface.co/datasets/datasets/confit/nsynth-parquet/confit/nsynth-parquet.py "HTTP/1.1 404 Not Found"
[2026-02-15 19:11:08,558][httpx][INFO] - HTTP Request: GET https://huggingface.co/api/datasets/confit/nsynth-parquet/revision/af95599cce86feaf630f55b8d482cdcd816c9bd5 "HTTP/1.1 200 OK"
[2026-02-15 19:11:08,691][httpx][INFO] - HTTP Request: HEAD https://huggingface.co/datasets/confit/nsynth-parquet/resolve/af95599cce86feaf630f55b8d482cdcd816c9bd5/.huggingface.yaml "HTTP/1.1 404 Not Found"
[2026-02-15 19:11:08,892][httpx][INFO] - HTTP Request: GET https://datasets-server.huggingface.co/info?dataset=confit/nsynth-parquet "HTTP/1.1 200 OK"
[2026-02-15 19:11:09,048][httpx][INFO] - HTTP Request: GET https://huggingface.co/api/datasets/confit/nsynth-parquet/tree/af95599cce86feaf630f55b8d482cdcd816c9bd5/instrument?recursive=true&expand=false "HTTP/1.1 200 OK"
[2026-02-15 19:11:09,195][httpx][INFO] - HTTP Request: GET https://huggingface.co/api/datasets/confit/nsynth-parquet/tree/af95599cce86feaf630f55b8d482cdcd816c9bd5?recursive=false&expand=false "HTTP/1.1 200 OK"
[2026-02-15 19:11:09,346][httpx][INFO] - HTTP Request: HEAD https://huggingface.co/datasets/confit/nsynth-parquet/resolve/af95599cce86feaf630f55b8d482cdcd816c9bd5/dataset_infos.json "HTTP/1.1 404 Not Found"
