[2026-02-18 17:29:07,177][httpx][INFO] - HTTP Request: HEAD https://huggingface.co/facebook/wav2vec2-base/resolve/main/processor_config.json "HTTP/1.1 404 Not Found"
[2026-02-18 17:29:07,355][httpx][INFO] - HTTP Request: HEAD https://huggingface.co/facebook/wav2vec2-base/resolve/main/preprocessor_config.json "HTTP/1.1 307 Temporary Redirect"
[2026-02-18 17:29:07,670][httpx][INFO] - HTTP Request: HEAD https://huggingface.co/api/resolve-cache/models/facebook/wav2vec2-base/0b5b8e868dd84f03fd87d01f9c4ff0f080fecfe8/preprocessor_config.json "HTTP/1.1 200 OK"
[2026-02-18 17:29:07,847][httpx][INFO] - HTTP Request: HEAD https://huggingface.co/facebook/wav2vec2-base/resolve/main/config.json "HTTP/1.1 307 Temporary Redirect"
[2026-02-18 17:29:07,900][httpx][INFO] - HTTP Request: HEAD https://huggingface.co/api/resolve-cache/models/facebook/wav2vec2-base/0b5b8e868dd84f03fd87d01f9c4ff0f080fecfe8/config.json "HTTP/1.1 200 OK"
[2026-02-18 17:29:08,091][httpx][INFO] - HTTP Request: HEAD https://huggingface.co/facebook/wav2vec2-base/resolve/main/processor_config.json "HTTP/1.1 404 Not Found"
[2026-02-18 17:29:08,290][httpx][INFO] - HTTP Request: HEAD https://huggingface.co/facebook/wav2vec2-base/resolve/main/preprocessor_config.json "HTTP/1.1 307 Temporary Redirect"
[2026-02-18 17:29:08,351][httpx][INFO] - HTTP Request: HEAD https://huggingface.co/api/resolve-cache/models/facebook/wav2vec2-base/0b5b8e868dd84f03fd87d01f9c4ff0f080fecfe8/preprocessor_config.json "HTTP/1.1 200 OK"
[2026-02-18 17:29:08,524][httpx][INFO] - HTTP Request: HEAD https://huggingface.co/facebook/wav2vec2-base/resolve/main/config.json "HTTP/1.1 307 Temporary Redirect"
[2026-02-18 17:29:08,581][httpx][INFO] - HTTP Request: HEAD https://huggingface.co/api/resolve-cache/models/facebook/wav2vec2-base/0b5b8e868dd84f03fd87d01f9c4ff0f080fecfe8/config.json "HTTP/1.1 200 OK"
[2026-02-18 17:29:09,147][httpx][INFO] - HTTP Request: HEAD https://huggingface.co/facebook/wav2vec2-base/resolve/main/model.safetensors "HTTP/1.1 404 Not Found"
[2026-02-18 17:29:09,331][httpx][INFO] - HTTP Request: GET https://huggingface.co/api/models/facebook/wav2vec2-base "HTTP/1.1 200 OK"
[2026-02-18 17:29:09,531][httpx][INFO] - HTTP Request: GET https://huggingface.co/api/models/facebook/wav2vec2-base/commits/main "HTTP/1.1 200 OK"
[2026-02-18 17:29:09,736][httpx][INFO] - HTTP Request: GET https://huggingface.co/api/models/facebook/wav2vec2-base/discussions?p=0 "HTTP/1.1 200 OK"
[2026-02-18 17:29:09,886][httpx][INFO] - HTTP Request: HEAD https://huggingface.co/datasets/librispeech_asr/resolve/main/README.md "HTTP/1.1 307 Temporary Redirect"
[2026-02-18 17:29:09,936][httpx][INFO] - HTTP Request: GET https://huggingface.co/api/models/facebook/wav2vec2-base/commits/refs%2Fpr%2F11 "HTTP/1.1 200 OK"
[2026-02-18 17:29:10,016][httpx][INFO] - HTTP Request: HEAD https://huggingface.co/datasets/openslr/librispeech_asr/resolve/main/README.md "HTTP/1.1 307 Temporary Redirect"
[2026-02-18 17:29:10,027][httpx][INFO] - HTTP Request: HEAD https://huggingface.co/api/resolve-cache/datasets/openslr/librispeech_asr/71cacbfb7e2354c4226d01e70d77d5fca3d04ba1/README.md "HTTP/1.1 200 OK"
[2026-02-18 17:29:10,136][httpx][INFO] - HTTP Request: HEAD https://huggingface.co/facebook/wav2vec2-base/resolve/refs%2Fpr%2F11/model.safetensors.index.json "HTTP/1.1 404 Not Found"
[2026-02-18 17:29:10,137][huggingface_hub.utils._http][WARNING] - Warning: You are sending unauthenticated requests to the HF Hub. Please set a HF_TOKEN to enable higher rate limits and faster downloads.
[2026-02-18 17:29:10,162][httpx][INFO] - HTTP Request: HEAD https://huggingface.co/datasets/librispeech_asr/resolve/71cacbfb7e2354c4226d01e70d77d5fca3d04ba1/librispeech_asr.py "HTTP/1.1 307 Temporary Redirect"
[2026-02-18 17:29:10,295][httpx][INFO] - HTTP Request: HEAD https://huggingface.co/datasets/openslr/librispeech_asr/resolve/71cacbfb7e2354c4226d01e70d77d5fca3d04ba1/librispeech_asr.py "HTTP/1.1 404 Not Found"
[2026-02-18 17:29:10,734][httpx][INFO] - HTTP Request: HEAD https://s3.amazonaws.com/datasets.huggingface.co/datasets/datasets/librispeech_asr/librispeech_asr.py "HTTP/1.1 404 Not Found"
[2026-02-18 17:29:10,762][httpx][INFO] - HTTP Request: HEAD https://huggingface.co/facebook/wav2vec2-base/resolve/refs%2Fpr%2F11/model.safetensors "HTTP/1.1 302 Found"
[2026-02-18 17:29:11,224][httpx][INFO] - HTTP Request: GET https://huggingface.co/api/datasets/librispeech_asr/revision/71cacbfb7e2354c4226d01e70d77d5fca3d04ba1 "HTTP/1.1 307 Temporary Redirect"
[2026-02-18 17:29:11,408][httpx][INFO] - HTTP Request: GET https://huggingface.co/api/datasets/openslr/librispeech_asr/revision/71cacbfb7e2354c4226d01e70d77d5fca3d04ba1 "HTTP/1.1 200 OK"
[2026-02-18 17:29:11,990][httpx][INFO] - HTTP Request: HEAD https://huggingface.co/datasets/librispeech_asr/resolve/71cacbfb7e2354c4226d01e70d77d5fca3d04ba1/.huggingface.yaml "HTTP/1.1 307 Temporary Redirect"
[2026-02-18 17:29:12,290][httpx][INFO] - HTTP Request: HEAD https://huggingface.co/datasets/openslr/librispeech_asr/resolve/71cacbfb7e2354c4226d01e70d77d5fca3d04ba1/.huggingface.yaml "HTTP/1.1 404 Not Found"
[2026-02-18 17:29:12,528][httpx][INFO] - HTTP Request: GET https://datasets-server.huggingface.co/info?dataset=librispeech_asr "HTTP/1.1 404 Not Found"
[2026-02-18 17:29:12,956][httpx][INFO] - HTTP Request: GET https://huggingface.co/api/datasets/librispeech_asr/tree/71cacbfb7e2354c4226d01e70d77d5fca3d04ba1/clean%2Ftest?recursive=true&expand=false "HTTP/1.1 307 Temporary Redirect"
[2026-02-18 17:29:13,130][httpx][INFO] - HTTP Request: GET https://huggingface.co/api/datasets/openslr/librispeech_asr/tree/71cacbfb7e2354c4226d01e70d77d5fca3d04ba1/clean%2Ftest?recursive=true&expand=false "HTTP/1.1 200 OK"
[2026-02-18 17:29:13,308][httpx][INFO] - HTTP Request: GET https://huggingface.co/api/datasets/librispeech_asr/tree/71cacbfb7e2354c4226d01e70d77d5fca3d04ba1/clean?recursive=false&expand=false "HTTP/1.1 307 Temporary Redirect"
[2026-02-18 17:29:13,483][httpx][INFO] - HTTP Request: GET https://huggingface.co/api/datasets/openslr/librispeech_asr/tree/71cacbfb7e2354c4226d01e70d77d5fca3d04ba1/clean?recursive=false&expand=false "HTTP/1.1 200 OK"
[2026-02-18 17:29:13,657][httpx][INFO] - HTTP Request: GET https://huggingface.co/api/datasets/librispeech_asr/tree/71cacbfb7e2354c4226d01e70d77d5fca3d04ba1/clean%2Ftrain.100?recursive=true&expand=false "HTTP/1.1 307 Temporary Redirect"
[2026-02-18 17:29:14,091][httpx][INFO] - HTTP Request: GET https://huggingface.co/api/datasets/openslr/librispeech_asr/tree/71cacbfb7e2354c4226d01e70d77d5fca3d04ba1/clean%2Ftrain.100?recursive=true&expand=false "HTTP/1.1 200 OK"
[2026-02-18 17:29:14,310][httpx][INFO] - HTTP Request: GET https://huggingface.co/api/datasets/librispeech_asr/tree/71cacbfb7e2354c4226d01e70d77d5fca3d04ba1/clean%2Ftrain.360?recursive=true&expand=false "HTTP/1.1 307 Temporary Redirect"
[2026-02-18 17:29:14,498][httpx][INFO] - HTTP Request: GET https://huggingface.co/api/datasets/openslr/librispeech_asr/tree/71cacbfb7e2354c4226d01e70d77d5fca3d04ba1/clean%2Ftrain.360?recursive=true&expand=false "HTTP/1.1 200 OK"
[2026-02-18 17:29:15,336][httpx][INFO] - HTTP Request: GET https://huggingface.co/api/datasets/librispeech_asr/tree/71cacbfb7e2354c4226d01e70d77d5fca3d04ba1/clean%2Fvalidation?recursive=true&expand=false "HTTP/1.1 307 Temporary Redirect"
[2026-02-18 17:29:15,522][httpx][INFO] - HTTP Request: GET https://huggingface.co/api/datasets/openslr/librispeech_asr/tree/71cacbfb7e2354c4226d01e70d77d5fca3d04ba1/clean%2Fvalidation?recursive=true&expand=false "HTTP/1.1 200 OK"
[2026-02-18 17:29:15,725][httpx][INFO] - HTTP Request: HEAD https://huggingface.co/datasets/librispeech_asr/resolve/71cacbfb7e2354c4226d01e70d77d5fca3d04ba1/dataset_infos.json "HTTP/1.1 307 Temporary Redirect"
[2026-02-18 17:29:15,901][httpx][INFO] - HTTP Request: HEAD https://huggingface.co/datasets/openslr/librispeech_asr/resolve/71cacbfb7e2354c4226d01e70d77d5fca3d04ba1/dataset_infos.json "HTTP/1.1 404 Not Found"
