[2026-02-15 17:04:49,281][httpx][INFO] - HTTP Request: HEAD https://huggingface.co/facebook/hubert-base-ls960/resolve/main/processor_config.json "HTTP/1.1 404 Not Found"
[2026-02-15 17:04:49,418][httpx][INFO] - HTTP Request: HEAD https://huggingface.co/facebook/hubert-base-ls960/resolve/main/preprocessor_config.json "HTTP/1.1 307 Temporary Redirect"
[2026-02-15 17:04:49,428][httpx][INFO] - HTTP Request: HEAD https://huggingface.co/api/resolve-cache/models/facebook/hubert-base-ls960/dba3bb02fda4248b6e082697eee756de8fe8aa8a/preprocessor_config.json "HTTP/1.1 200 OK"
[2026-02-15 17:04:49,559][httpx][INFO] - HTTP Request: HEAD https://huggingface.co/facebook/hubert-base-ls960/resolve/main/processor_config.json "HTTP/1.1 404 Not Found"
[2026-02-15 17:04:49,559][huggingface_hub.utils._http][WARNING] - Warning: You are sending unauthenticated requests to the HF Hub. Please set a HF_TOKEN to enable higher rate limits and faster downloads.
[2026-02-15 17:04:49,709][httpx][INFO] - HTTP Request: HEAD https://huggingface.co/facebook/hubert-base-ls960/resolve/main/preprocessor_config.json "HTTP/1.1 307 Temporary Redirect"
[2026-02-15 17:04:49,720][httpx][INFO] - HTTP Request: HEAD https://huggingface.co/api/resolve-cache/models/facebook/hubert-base-ls960/dba3bb02fda4248b6e082697eee756de8fe8aa8a/preprocessor_config.json "HTTP/1.1 200 OK"
[2026-02-15 17:04:49,847][httpx][INFO] - HTTP Request: HEAD https://huggingface.co/facebook/hubert-base-ls960/resolve/main/tokenizer_config.json "HTTP/1.1 404 Not Found"
[2026-02-15 17:04:49,975][httpx][INFO] - HTTP Request: HEAD https://huggingface.co/facebook/hubert-base-ls960/resolve/main/config.json "HTTP/1.1 307 Temporary Redirect"
[2026-02-15 17:04:49,985][httpx][INFO] - HTTP Request: HEAD https://huggingface.co/api/resolve-cache/models/facebook/hubert-base-ls960/dba3bb02fda4248b6e082697eee756de8fe8aa8a/config.json "HTTP/1.1 200 OK"
[2026-02-15 17:04:50,128][httpx][INFO] - HTTP Request: GET https://huggingface.co/api/models/facebook/hubert-base-ls960/tree/main/additional_chat_templates?recursive=false&expand=false "HTTP/1.1 404 Not Found"
[2026-02-15 17:04:50,253][httpx][INFO] - HTTP Request: HEAD https://huggingface.co/facebook/hubert-base-ls960/resolve/main/processor_config.json "HTTP/1.1 404 Not Found"
[2026-02-15 17:04:50,379][httpx][INFO] - HTTP Request: HEAD https://huggingface.co/facebook/hubert-base-ls960/resolve/main/chat_template.json "HTTP/1.1 404 Not Found"
[2026-02-15 17:04:50,508][httpx][INFO] - HTTP Request: HEAD https://huggingface.co/facebook/hubert-base-ls960/resolve/main/chat_template.jinja "HTTP/1.1 404 Not Found"
[2026-02-15 17:04:50,636][httpx][INFO] - HTTP Request: HEAD https://huggingface.co/facebook/hubert-base-ls960/resolve/main/audio_tokenizer_config.json "HTTP/1.1 404 Not Found"
[2026-02-15 17:04:50,765][httpx][INFO] - HTTP Request: HEAD https://huggingface.co/facebook/hubert-base-ls960/resolve/main/processor_config.json "HTTP/1.1 404 Not Found"
[2026-02-15 17:04:50,892][httpx][INFO] - HTTP Request: HEAD https://huggingface.co/facebook/hubert-base-ls960/resolve/main/preprocessor_config.json "HTTP/1.1 307 Temporary Redirect"
[2026-02-15 17:04:50,903][httpx][INFO] - HTTP Request: HEAD https://huggingface.co/api/resolve-cache/models/facebook/hubert-base-ls960/dba3bb02fda4248b6e082697eee756de8fe8aa8a/preprocessor_config.json "HTTP/1.1 200 OK"
[2026-02-15 17:04:51,078][httpx][INFO] - HTTP Request: HEAD https://huggingface.co/facebook/hubert-base-ls960/resolve/main/processor_config.json "HTTP/1.1 404 Not Found"
[2026-02-15 17:04:51,223][httpx][INFO] - HTTP Request: HEAD https://huggingface.co/facebook/hubert-base-ls960/resolve/main/preprocessor_config.json "HTTP/1.1 307 Temporary Redirect"
[2026-02-15 17:04:51,247][httpx][INFO] - HTTP Request: HEAD https://huggingface.co/api/resolve-cache/models/facebook/hubert-base-ls960/dba3bb02fda4248b6e082697eee756de8fe8aa8a/preprocessor_config.json "HTTP/1.1 200 OK"
[2026-02-15 17:04:51,373][httpx][INFO] - HTTP Request: HEAD https://huggingface.co/facebook/hubert-base-ls960/resolve/main/config.json "HTTP/1.1 307 Temporary Redirect"
[2026-02-15 17:04:51,385][httpx][INFO] - HTTP Request: HEAD https://huggingface.co/api/resolve-cache/models/facebook/hubert-base-ls960/dba3bb02fda4248b6e082697eee756de8fe8aa8a/config.json "HTTP/1.1 200 OK"
[2026-02-15 17:04:51,518][httpx][INFO] - HTTP Request: HEAD https://huggingface.co/facebook/hubert-base-ls960/resolve/main/tokenizer_config.json "HTTP/1.1 404 Not Found"
[2026-02-15 17:04:51,647][httpx][INFO] - HTTP Request: HEAD https://huggingface.co/facebook/hubert-base-ls960/resolve/main/tokenizer_config.json "HTTP/1.1 404 Not Found"
[2026-02-15 17:04:51,777][httpx][INFO] - HTTP Request: GET https://huggingface.co/api/models/facebook/hubert-base-ls960/tree/main/additional_chat_templates?recursive=false&expand=false "HTTP/1.1 404 Not Found"
[2026-02-15 17:04:51,909][httpx][INFO] - HTTP Request: GET https://huggingface.co/api/models/facebook/hubert-base-ls960/tree/main?recursive=true&expand=false "HTTP/1.1 200 OK"
[2026-02-15 17:04:52,039][httpx][INFO] - HTTP Request: HEAD https://huggingface.co/facebook/hubert-base-ls960/resolve/main/vocab.json "HTTP/1.1 404 Not Found"
[2026-02-15 17:04:52,163][httpx][INFO] - HTTP Request: HEAD https://huggingface.co/facebook/hubert-base-ls960/resolve/main/tokenizer_config.json "HTTP/1.1 404 Not Found"
[2026-02-15 17:04:52,300][httpx][INFO] - HTTP Request: HEAD https://huggingface.co/facebook/hubert-base-ls960/resolve/main/added_tokens.json "HTTP/1.1 404 Not Found"
[2026-02-15 17:04:52,428][httpx][INFO] - HTTP Request: HEAD https://huggingface.co/facebook/hubert-base-ls960/resolve/main/special_tokens_map.json "HTTP/1.1 404 Not Found"
[2026-02-15 17:04:52,555][httpx][INFO] - HTTP Request: HEAD https://huggingface.co/facebook/hubert-base-ls960/resolve/main/tokenizer.json "HTTP/1.1 404 Not Found"
[2026-02-15 17:04:52,683][httpx][INFO] - HTTP Request: HEAD https://huggingface.co/facebook/hubert-base-ls960/resolve/main/chat_template.jinja "HTTP/1.1 404 Not Found"
